[2023-01-12T16:20:54.834+0000] {processor.py:153} INFO - Started process (PID=72) to work on /home/airflow/.local/lib/python3.7/site-packages/airflow/example_dags/example_sensor_decorator.py
[2023-01-12T16:20:54.837+0000] {processor.py:743} INFO - Processing file /home/airflow/.local/lib/python3.7/site-packages/airflow/example_dags/example_sensor_decorator.py for tasks to queue
[2023-01-12T16:20:54.839+0000] {logging_mixin.py:137} INFO - [2023-01-12T16:20:54.838+0000] {dagbag.py:538} INFO - Filling up the DagBag from /home/airflow/.local/lib/python3.7/site-packages/airflow/example_dags/example_sensor_decorator.py
[2023-01-12T16:20:54.892+0000] {logging_mixin.py:137} WARNING - /home/airflow/.local/lib/python3.7/site-packages/airflow/models/dag.py:3524 RemovedInAirflow3Warning: Param `schedule_interval` is deprecated and will be removed in a future release. Please use `schedule` instead.
[2023-01-12T16:20:54.910+0000] {processor.py:753} INFO - DAG(s) dict_keys(['example_sensor_decorator']) retrieved from /home/airflow/.local/lib/python3.7/site-packages/airflow/example_dags/example_sensor_decorator.py
[2023-01-12T16:20:54.982+0000] {logging_mixin.py:137} INFO - [2023-01-12T16:20:54.982+0000] {dag.py:2676} INFO - Sync 1 DAGs
[2023-01-12T16:20:55.027+0000] {logging_mixin.py:137} INFO - [2023-01-12T16:20:55.027+0000] {dag.py:3427} INFO - Setting next_dagrun for example_sensor_decorator to None, run_after=None
[2023-01-12T16:20:55.080+0000] {processor.py:175} INFO - Processing /home/airflow/.local/lib/python3.7/site-packages/airflow/example_dags/example_sensor_decorator.py took 0.257 seconds
[2023-01-12T16:21:25.264+0000] {processor.py:153} INFO - Started process (PID=134) to work on /home/airflow/.local/lib/python3.7/site-packages/airflow/example_dags/example_sensor_decorator.py
[2023-01-12T16:21:25.266+0000] {processor.py:743} INFO - Processing file /home/airflow/.local/lib/python3.7/site-packages/airflow/example_dags/example_sensor_decorator.py for tasks to queue
[2023-01-12T16:21:25.267+0000] {logging_mixin.py:137} INFO - [2023-01-12T16:21:25.267+0000] {dagbag.py:538} INFO - Filling up the DagBag from /home/airflow/.local/lib/python3.7/site-packages/airflow/example_dags/example_sensor_decorator.py
[2023-01-12T16:21:25.303+0000] {logging_mixin.py:137} WARNING - /home/airflow/.local/lib/python3.7/site-packages/airflow/models/dag.py:3524 RemovedInAirflow3Warning: Param `schedule_interval` is deprecated and will be removed in a future release. Please use `schedule` instead.
[2023-01-12T16:21:25.316+0000] {processor.py:753} INFO - DAG(s) dict_keys(['example_sensor_decorator']) retrieved from /home/airflow/.local/lib/python3.7/site-packages/airflow/example_dags/example_sensor_decorator.py
[2023-01-12T16:21:25.377+0000] {logging_mixin.py:137} INFO - [2023-01-12T16:21:25.376+0000] {dag.py:2676} INFO - Sync 1 DAGs
[2023-01-12T16:21:25.419+0000] {logging_mixin.py:137} INFO - [2023-01-12T16:21:25.419+0000] {dag.py:3427} INFO - Setting next_dagrun for example_sensor_decorator to None, run_after=None
[2023-01-12T16:21:25.449+0000] {processor.py:175} INFO - Processing /home/airflow/.local/lib/python3.7/site-packages/airflow/example_dags/example_sensor_decorator.py took 0.190 seconds
[2023-01-12T16:21:56.289+0000] {processor.py:153} INFO - Started process (PID=208) to work on /home/airflow/.local/lib/python3.7/site-packages/airflow/example_dags/example_sensor_decorator.py
[2023-01-12T16:21:56.291+0000] {processor.py:743} INFO - Processing file /home/airflow/.local/lib/python3.7/site-packages/airflow/example_dags/example_sensor_decorator.py for tasks to queue
[2023-01-12T16:21:56.292+0000] {logging_mixin.py:137} INFO - [2023-01-12T16:21:56.291+0000] {dagbag.py:538} INFO - Filling up the DagBag from /home/airflow/.local/lib/python3.7/site-packages/airflow/example_dags/example_sensor_decorator.py
[2023-01-12T16:21:56.326+0000] {logging_mixin.py:137} WARNING - /home/airflow/.local/lib/python3.7/site-packages/airflow/models/dag.py:3524 RemovedInAirflow3Warning: Param `schedule_interval` is deprecated and will be removed in a future release. Please use `schedule` instead.
[2023-01-12T16:21:56.339+0000] {processor.py:753} INFO - DAG(s) dict_keys(['example_sensor_decorator']) retrieved from /home/airflow/.local/lib/python3.7/site-packages/airflow/example_dags/example_sensor_decorator.py
[2023-01-12T16:21:56.398+0000] {logging_mixin.py:137} INFO - [2023-01-12T16:21:56.397+0000] {dag.py:2676} INFO - Sync 1 DAGs
[2023-01-12T16:21:56.436+0000] {logging_mixin.py:137} INFO - [2023-01-12T16:21:56.436+0000] {dag.py:3427} INFO - Setting next_dagrun for example_sensor_decorator to None, run_after=None
[2023-01-12T16:21:56.468+0000] {processor.py:175} INFO - Processing /home/airflow/.local/lib/python3.7/site-packages/airflow/example_dags/example_sensor_decorator.py took 0.184 seconds
[2023-01-12T16:22:26.684+0000] {processor.py:153} INFO - Started process (PID=271) to work on /home/airflow/.local/lib/python3.7/site-packages/airflow/example_dags/example_sensor_decorator.py
[2023-01-12T16:22:26.686+0000] {processor.py:743} INFO - Processing file /home/airflow/.local/lib/python3.7/site-packages/airflow/example_dags/example_sensor_decorator.py for tasks to queue
[2023-01-12T16:22:26.688+0000] {logging_mixin.py:137} INFO - [2023-01-12T16:22:26.687+0000] {dagbag.py:538} INFO - Filling up the DagBag from /home/airflow/.local/lib/python3.7/site-packages/airflow/example_dags/example_sensor_decorator.py
[2023-01-12T16:22:26.725+0000] {logging_mixin.py:137} WARNING - /home/airflow/.local/lib/python3.7/site-packages/airflow/models/dag.py:3524 RemovedInAirflow3Warning: Param `schedule_interval` is deprecated and will be removed in a future release. Please use `schedule` instead.
[2023-01-12T16:22:26.744+0000] {processor.py:753} INFO - DAG(s) dict_keys(['example_sensor_decorator']) retrieved from /home/airflow/.local/lib/python3.7/site-packages/airflow/example_dags/example_sensor_decorator.py
[2023-01-12T16:22:26.822+0000] {logging_mixin.py:137} INFO - [2023-01-12T16:22:26.822+0000] {dag.py:2676} INFO - Sync 1 DAGs
[2023-01-12T16:22:26.872+0000] {logging_mixin.py:137} INFO - [2023-01-12T16:22:26.872+0000] {dag.py:3427} INFO - Setting next_dagrun for example_sensor_decorator to None, run_after=None
[2023-01-12T16:22:26.910+0000] {processor.py:175} INFO - Processing /home/airflow/.local/lib/python3.7/site-packages/airflow/example_dags/example_sensor_decorator.py took 0.231 seconds
[2023-01-12T16:22:57.518+0000] {processor.py:153} INFO - Started process (PID=333) to work on /home/airflow/.local/lib/python3.7/site-packages/airflow/example_dags/example_sensor_decorator.py
[2023-01-12T16:22:57.519+0000] {processor.py:743} INFO - Processing file /home/airflow/.local/lib/python3.7/site-packages/airflow/example_dags/example_sensor_decorator.py for tasks to queue
[2023-01-12T16:22:57.520+0000] {logging_mixin.py:137} INFO - [2023-01-12T16:22:57.520+0000] {dagbag.py:538} INFO - Filling up the DagBag from /home/airflow/.local/lib/python3.7/site-packages/airflow/example_dags/example_sensor_decorator.py
[2023-01-12T16:22:57.559+0000] {logging_mixin.py:137} WARNING - /home/airflow/.local/lib/python3.7/site-packages/airflow/models/dag.py:3524 RemovedInAirflow3Warning: Param `schedule_interval` is deprecated and will be removed in a future release. Please use `schedule` instead.
[2023-01-12T16:22:57.574+0000] {processor.py:753} INFO - DAG(s) dict_keys(['example_sensor_decorator']) retrieved from /home/airflow/.local/lib/python3.7/site-packages/airflow/example_dags/example_sensor_decorator.py
[2023-01-12T16:22:57.633+0000] {logging_mixin.py:137} INFO - [2023-01-12T16:22:57.633+0000] {dag.py:2676} INFO - Sync 1 DAGs
[2023-01-12T16:22:57.674+0000] {logging_mixin.py:137} INFO - [2023-01-12T16:22:57.673+0000] {dag.py:3427} INFO - Setting next_dagrun for example_sensor_decorator to None, run_after=None
[2023-01-12T16:22:57.709+0000] {processor.py:175} INFO - Processing /home/airflow/.local/lib/python3.7/site-packages/airflow/example_dags/example_sensor_decorator.py took 0.197 seconds
[2023-01-12T16:23:28.027+0000] {processor.py:153} INFO - Started process (PID=395) to work on /home/airflow/.local/lib/python3.7/site-packages/airflow/example_dags/example_sensor_decorator.py
[2023-01-12T16:23:28.028+0000] {processor.py:743} INFO - Processing file /home/airflow/.local/lib/python3.7/site-packages/airflow/example_dags/example_sensor_decorator.py for tasks to queue
[2023-01-12T16:23:28.029+0000] {logging_mixin.py:137} INFO - [2023-01-12T16:23:28.029+0000] {dagbag.py:538} INFO - Filling up the DagBag from /home/airflow/.local/lib/python3.7/site-packages/airflow/example_dags/example_sensor_decorator.py
[2023-01-12T16:23:28.062+0000] {logging_mixin.py:137} WARNING - /home/airflow/.local/lib/python3.7/site-packages/airflow/models/dag.py:3524 RemovedInAirflow3Warning: Param `schedule_interval` is deprecated and will be removed in a future release. Please use `schedule` instead.
[2023-01-12T16:23:28.076+0000] {processor.py:753} INFO - DAG(s) dict_keys(['example_sensor_decorator']) retrieved from /home/airflow/.local/lib/python3.7/site-packages/airflow/example_dags/example_sensor_decorator.py
[2023-01-12T16:23:28.138+0000] {logging_mixin.py:137} INFO - [2023-01-12T16:23:28.137+0000] {dag.py:2676} INFO - Sync 1 DAGs
[2023-01-12T16:23:28.179+0000] {logging_mixin.py:137} INFO - [2023-01-12T16:23:28.179+0000] {dag.py:3427} INFO - Setting next_dagrun for example_sensor_decorator to None, run_after=None
[2023-01-12T16:23:28.218+0000] {processor.py:175} INFO - Processing /home/airflow/.local/lib/python3.7/site-packages/airflow/example_dags/example_sensor_decorator.py took 0.196 seconds
[2023-01-12T16:23:58.448+0000] {processor.py:153} INFO - Started process (PID=457) to work on /home/airflow/.local/lib/python3.7/site-packages/airflow/example_dags/example_sensor_decorator.py
[2023-01-12T16:23:58.457+0000] {processor.py:743} INFO - Processing file /home/airflow/.local/lib/python3.7/site-packages/airflow/example_dags/example_sensor_decorator.py for tasks to queue
[2023-01-12T16:23:58.458+0000] {logging_mixin.py:137} INFO - [2023-01-12T16:23:58.458+0000] {dagbag.py:538} INFO - Filling up the DagBag from /home/airflow/.local/lib/python3.7/site-packages/airflow/example_dags/example_sensor_decorator.py
[2023-01-12T16:23:58.496+0000] {logging_mixin.py:137} WARNING - /home/airflow/.local/lib/python3.7/site-packages/airflow/models/dag.py:3524 RemovedInAirflow3Warning: Param `schedule_interval` is deprecated and will be removed in a future release. Please use `schedule` instead.
[2023-01-12T16:23:58.509+0000] {processor.py:753} INFO - DAG(s) dict_keys(['example_sensor_decorator']) retrieved from /home/airflow/.local/lib/python3.7/site-packages/airflow/example_dags/example_sensor_decorator.py
[2023-01-12T16:23:58.573+0000] {logging_mixin.py:137} INFO - [2023-01-12T16:23:58.572+0000] {dag.py:2676} INFO - Sync 1 DAGs
[2023-01-12T16:23:58.617+0000] {logging_mixin.py:137} INFO - [2023-01-12T16:23:58.617+0000] {dag.py:3427} INFO - Setting next_dagrun for example_sensor_decorator to None, run_after=None
[2023-01-12T16:23:58.649+0000] {processor.py:175} INFO - Processing /home/airflow/.local/lib/python3.7/site-packages/airflow/example_dags/example_sensor_decorator.py took 0.206 seconds
[2023-01-12T16:24:29.162+0000] {processor.py:153} INFO - Started process (PID=531) to work on /home/airflow/.local/lib/python3.7/site-packages/airflow/example_dags/example_sensor_decorator.py
[2023-01-12T16:24:29.163+0000] {processor.py:743} INFO - Processing file /home/airflow/.local/lib/python3.7/site-packages/airflow/example_dags/example_sensor_decorator.py for tasks to queue
[2023-01-12T16:24:29.164+0000] {logging_mixin.py:137} INFO - [2023-01-12T16:24:29.164+0000] {dagbag.py:538} INFO - Filling up the DagBag from /home/airflow/.local/lib/python3.7/site-packages/airflow/example_dags/example_sensor_decorator.py
[2023-01-12T16:24:29.197+0000] {logging_mixin.py:137} WARNING - /home/airflow/.local/lib/python3.7/site-packages/airflow/models/dag.py:3524 RemovedInAirflow3Warning: Param `schedule_interval` is deprecated and will be removed in a future release. Please use `schedule` instead.
[2023-01-12T16:24:29.211+0000] {processor.py:753} INFO - DAG(s) dict_keys(['example_sensor_decorator']) retrieved from /home/airflow/.local/lib/python3.7/site-packages/airflow/example_dags/example_sensor_decorator.py
[2023-01-12T16:24:29.273+0000] {logging_mixin.py:137} INFO - [2023-01-12T16:24:29.273+0000] {dag.py:2676} INFO - Sync 1 DAGs
[2023-01-12T16:24:29.316+0000] {logging_mixin.py:137} INFO - [2023-01-12T16:24:29.315+0000] {dag.py:3427} INFO - Setting next_dagrun for example_sensor_decorator to None, run_after=None
[2023-01-12T16:24:29.351+0000] {processor.py:175} INFO - Processing /home/airflow/.local/lib/python3.7/site-packages/airflow/example_dags/example_sensor_decorator.py took 0.195 seconds
[2023-01-12T16:25:00.357+0000] {processor.py:153} INFO - Started process (PID=592) to work on /home/airflow/.local/lib/python3.7/site-packages/airflow/example_dags/example_sensor_decorator.py
[2023-01-12T16:25:00.359+0000] {processor.py:743} INFO - Processing file /home/airflow/.local/lib/python3.7/site-packages/airflow/example_dags/example_sensor_decorator.py for tasks to queue
[2023-01-12T16:25:00.360+0000] {logging_mixin.py:137} INFO - [2023-01-12T16:25:00.360+0000] {dagbag.py:538} INFO - Filling up the DagBag from /home/airflow/.local/lib/python3.7/site-packages/airflow/example_dags/example_sensor_decorator.py
[2023-01-12T16:25:00.406+0000] {logging_mixin.py:137} WARNING - /home/airflow/.local/lib/python3.7/site-packages/airflow/models/dag.py:3524 RemovedInAirflow3Warning: Param `schedule_interval` is deprecated and will be removed in a future release. Please use `schedule` instead.
[2023-01-12T16:25:00.425+0000] {processor.py:753} INFO - DAG(s) dict_keys(['example_sensor_decorator']) retrieved from /home/airflow/.local/lib/python3.7/site-packages/airflow/example_dags/example_sensor_decorator.py
[2023-01-12T16:25:00.498+0000] {logging_mixin.py:137} INFO - [2023-01-12T16:25:00.498+0000] {dag.py:2676} INFO - Sync 1 DAGs
[2023-01-12T16:25:00.549+0000] {logging_mixin.py:137} INFO - [2023-01-12T16:25:00.549+0000] {dag.py:3427} INFO - Setting next_dagrun for example_sensor_decorator to None, run_after=None
[2023-01-12T16:25:00.587+0000] {processor.py:175} INFO - Processing /home/airflow/.local/lib/python3.7/site-packages/airflow/example_dags/example_sensor_decorator.py took 0.238 seconds
[2023-01-12T16:25:30.723+0000] {processor.py:153} INFO - Started process (PID=654) to work on /home/airflow/.local/lib/python3.7/site-packages/airflow/example_dags/example_sensor_decorator.py
[2023-01-12T16:25:30.725+0000] {processor.py:743} INFO - Processing file /home/airflow/.local/lib/python3.7/site-packages/airflow/example_dags/example_sensor_decorator.py for tasks to queue
[2023-01-12T16:25:30.726+0000] {logging_mixin.py:137} INFO - [2023-01-12T16:25:30.726+0000] {dagbag.py:538} INFO - Filling up the DagBag from /home/airflow/.local/lib/python3.7/site-packages/airflow/example_dags/example_sensor_decorator.py
[2023-01-12T16:25:30.767+0000] {logging_mixin.py:137} WARNING - /home/airflow/.local/lib/python3.7/site-packages/airflow/models/dag.py:3524 RemovedInAirflow3Warning: Param `schedule_interval` is deprecated and will be removed in a future release. Please use `schedule` instead.
[2023-01-12T16:25:30.787+0000] {processor.py:753} INFO - DAG(s) dict_keys(['example_sensor_decorator']) retrieved from /home/airflow/.local/lib/python3.7/site-packages/airflow/example_dags/example_sensor_decorator.py
[2023-01-12T16:25:30.863+0000] {logging_mixin.py:137} INFO - [2023-01-12T16:25:30.863+0000] {dag.py:2676} INFO - Sync 1 DAGs
[2023-01-12T16:25:30.911+0000] {logging_mixin.py:137} INFO - [2023-01-12T16:25:30.911+0000] {dag.py:3427} INFO - Setting next_dagrun for example_sensor_decorator to None, run_after=None
[2023-01-12T16:25:30.949+0000] {processor.py:175} INFO - Processing /home/airflow/.local/lib/python3.7/site-packages/airflow/example_dags/example_sensor_decorator.py took 0.231 seconds
