[2023-01-12T16:20:55.363+0000] {processor.py:153} INFO - Started process (PID=75) to work on /home/airflow/.local/lib/python3.7/site-packages/airflow/example_dags/example_branch_python_dop_operator_3.py
[2023-01-12T16:20:55.365+0000] {processor.py:743} INFO - Processing file /home/airflow/.local/lib/python3.7/site-packages/airflow/example_dags/example_branch_python_dop_operator_3.py for tasks to queue
[2023-01-12T16:20:55.367+0000] {logging_mixin.py:137} INFO - [2023-01-12T16:20:55.367+0000] {dagbag.py:538} INFO - Filling up the DagBag from /home/airflow/.local/lib/python3.7/site-packages/airflow/example_dags/example_branch_python_dop_operator_3.py
[2023-01-12T16:20:55.429+0000] {processor.py:753} INFO - DAG(s) dict_keys(['example_branch_dop_operator_v3']) retrieved from /home/airflow/.local/lib/python3.7/site-packages/airflow/example_dags/example_branch_python_dop_operator_3.py
[2023-01-12T16:20:55.563+0000] {logging_mixin.py:137} INFO - [2023-01-12T16:20:55.562+0000] {dag.py:2676} INFO - Sync 1 DAGs
[2023-01-12T16:20:55.644+0000] {logging_mixin.py:137} INFO - [2023-01-12T16:20:55.644+0000] {dag.py:3427} INFO - Setting next_dagrun for example_branch_dop_operator_v3 to 2023-01-12T16:19:00+00:00, run_after=2023-01-12T16:20:00+00:00
[2023-01-12T16:20:55.681+0000] {processor.py:175} INFO - Processing /home/airflow/.local/lib/python3.7/site-packages/airflow/example_dags/example_branch_python_dop_operator_3.py took 0.328 seconds
[2023-01-12T16:21:25.984+0000] {processor.py:153} INFO - Started process (PID=137) to work on /home/airflow/.local/lib/python3.7/site-packages/airflow/example_dags/example_branch_python_dop_operator_3.py
[2023-01-12T16:21:25.986+0000] {processor.py:743} INFO - Processing file /home/airflow/.local/lib/python3.7/site-packages/airflow/example_dags/example_branch_python_dop_operator_3.py for tasks to queue
[2023-01-12T16:21:25.986+0000] {logging_mixin.py:137} INFO - [2023-01-12T16:21:25.986+0000] {dagbag.py:538} INFO - Filling up the DagBag from /home/airflow/.local/lib/python3.7/site-packages/airflow/example_dags/example_branch_python_dop_operator_3.py
[2023-01-12T16:21:26.035+0000] {processor.py:753} INFO - DAG(s) dict_keys(['example_branch_dop_operator_v3']) retrieved from /home/airflow/.local/lib/python3.7/site-packages/airflow/example_dags/example_branch_python_dop_operator_3.py
[2023-01-12T16:21:26.105+0000] {logging_mixin.py:137} INFO - [2023-01-12T16:21:26.104+0000] {dag.py:2676} INFO - Sync 1 DAGs
[2023-01-12T16:21:26.154+0000] {logging_mixin.py:137} INFO - [2023-01-12T16:21:26.154+0000] {dag.py:3427} INFO - Setting next_dagrun for example_branch_dop_operator_v3 to 2023-01-12T16:20:00+00:00, run_after=2023-01-12T16:21:00+00:00
[2023-01-12T16:21:26.186+0000] {processor.py:175} INFO - Processing /home/airflow/.local/lib/python3.7/site-packages/airflow/example_dags/example_branch_python_dop_operator_3.py took 0.207 seconds
[2023-01-12T16:21:56.698+0000] {processor.py:153} INFO - Started process (PID=211) to work on /home/airflow/.local/lib/python3.7/site-packages/airflow/example_dags/example_branch_python_dop_operator_3.py
[2023-01-12T16:21:56.700+0000] {processor.py:743} INFO - Processing file /home/airflow/.local/lib/python3.7/site-packages/airflow/example_dags/example_branch_python_dop_operator_3.py for tasks to queue
[2023-01-12T16:21:56.702+0000] {logging_mixin.py:137} INFO - [2023-01-12T16:21:56.701+0000] {dagbag.py:538} INFO - Filling up the DagBag from /home/airflow/.local/lib/python3.7/site-packages/airflow/example_dags/example_branch_python_dop_operator_3.py
[2023-01-12T16:21:56.741+0000] {processor.py:753} INFO - DAG(s) dict_keys(['example_branch_dop_operator_v3']) retrieved from /home/airflow/.local/lib/python3.7/site-packages/airflow/example_dags/example_branch_python_dop_operator_3.py
[2023-01-12T16:21:56.802+0000] {logging_mixin.py:137} INFO - [2023-01-12T16:21:56.802+0000] {dag.py:2676} INFO - Sync 1 DAGs
[2023-01-12T16:21:56.857+0000] {logging_mixin.py:137} INFO - [2023-01-12T16:21:56.856+0000] {dag.py:3427} INFO - Setting next_dagrun for example_branch_dop_operator_v3 to 2023-01-12T16:20:00+00:00, run_after=2023-01-12T16:21:00+00:00
[2023-01-12T16:21:56.890+0000] {processor.py:175} INFO - Processing /home/airflow/.local/lib/python3.7/site-packages/airflow/example_dags/example_branch_python_dop_operator_3.py took 0.197 seconds
[2023-01-12T16:22:26.966+0000] {processor.py:153} INFO - Started process (PID=274) to work on /home/airflow/.local/lib/python3.7/site-packages/airflow/example_dags/example_branch_python_dop_operator_3.py
[2023-01-12T16:22:26.967+0000] {processor.py:743} INFO - Processing file /home/airflow/.local/lib/python3.7/site-packages/airflow/example_dags/example_branch_python_dop_operator_3.py for tasks to queue
[2023-01-12T16:22:26.969+0000] {logging_mixin.py:137} INFO - [2023-01-12T16:22:26.968+0000] {dagbag.py:538} INFO - Filling up the DagBag from /home/airflow/.local/lib/python3.7/site-packages/airflow/example_dags/example_branch_python_dop_operator_3.py
[2023-01-12T16:22:27.016+0000] {processor.py:753} INFO - DAG(s) dict_keys(['example_branch_dop_operator_v3']) retrieved from /home/airflow/.local/lib/python3.7/site-packages/airflow/example_dags/example_branch_python_dop_operator_3.py
[2023-01-12T16:22:27.083+0000] {logging_mixin.py:137} INFO - [2023-01-12T16:22:27.083+0000] {dag.py:2676} INFO - Sync 1 DAGs
[2023-01-12T16:22:27.136+0000] {logging_mixin.py:137} INFO - [2023-01-12T16:22:27.136+0000] {dag.py:3427} INFO - Setting next_dagrun for example_branch_dop_operator_v3 to 2023-01-12T16:21:00+00:00, run_after=2023-01-12T16:22:00+00:00
[2023-01-12T16:22:27.169+0000] {processor.py:175} INFO - Processing /home/airflow/.local/lib/python3.7/site-packages/airflow/example_dags/example_branch_python_dop_operator_3.py took 0.209 seconds
[2023-01-12T16:22:57.794+0000] {processor.py:153} INFO - Started process (PID=336) to work on /home/airflow/.local/lib/python3.7/site-packages/airflow/example_dags/example_branch_python_dop_operator_3.py
[2023-01-12T16:22:57.795+0000] {processor.py:743} INFO - Processing file /home/airflow/.local/lib/python3.7/site-packages/airflow/example_dags/example_branch_python_dop_operator_3.py for tasks to queue
[2023-01-12T16:22:57.797+0000] {logging_mixin.py:137} INFO - [2023-01-12T16:22:57.797+0000] {dagbag.py:538} INFO - Filling up the DagBag from /home/airflow/.local/lib/python3.7/site-packages/airflow/example_dags/example_branch_python_dop_operator_3.py
[2023-01-12T16:22:57.841+0000] {processor.py:753} INFO - DAG(s) dict_keys(['example_branch_dop_operator_v3']) retrieved from /home/airflow/.local/lib/python3.7/site-packages/airflow/example_dags/example_branch_python_dop_operator_3.py
[2023-01-12T16:22:57.904+0000] {logging_mixin.py:137} INFO - [2023-01-12T16:22:57.904+0000] {dag.py:2676} INFO - Sync 1 DAGs
[2023-01-12T16:22:57.956+0000] {logging_mixin.py:137} INFO - [2023-01-12T16:22:57.955+0000] {dag.py:3427} INFO - Setting next_dagrun for example_branch_dop_operator_v3 to 2023-01-12T16:21:00+00:00, run_after=2023-01-12T16:22:00+00:00
[2023-01-12T16:22:57.992+0000] {processor.py:175} INFO - Processing /home/airflow/.local/lib/python3.7/site-packages/airflow/example_dags/example_branch_python_dop_operator_3.py took 0.205 seconds
[2023-01-12T16:23:28.335+0000] {processor.py:153} INFO - Started process (PID=398) to work on /home/airflow/.local/lib/python3.7/site-packages/airflow/example_dags/example_branch_python_dop_operator_3.py
[2023-01-12T16:23:28.337+0000] {processor.py:743} INFO - Processing file /home/airflow/.local/lib/python3.7/site-packages/airflow/example_dags/example_branch_python_dop_operator_3.py for tasks to queue
[2023-01-12T16:23:28.338+0000] {logging_mixin.py:137} INFO - [2023-01-12T16:23:28.338+0000] {dagbag.py:538} INFO - Filling up the DagBag from /home/airflow/.local/lib/python3.7/site-packages/airflow/example_dags/example_branch_python_dop_operator_3.py
[2023-01-12T16:23:28.379+0000] {processor.py:753} INFO - DAG(s) dict_keys(['example_branch_dop_operator_v3']) retrieved from /home/airflow/.local/lib/python3.7/site-packages/airflow/example_dags/example_branch_python_dop_operator_3.py
[2023-01-12T16:23:28.453+0000] {logging_mixin.py:137} INFO - [2023-01-12T16:23:28.453+0000] {dag.py:2676} INFO - Sync 1 DAGs
[2023-01-12T16:23:28.503+0000] {logging_mixin.py:137} INFO - [2023-01-12T16:23:28.502+0000] {dag.py:3427} INFO - Setting next_dagrun for example_branch_dop_operator_v3 to 2023-01-12T16:22:00+00:00, run_after=2023-01-12T16:23:00+00:00
[2023-01-12T16:23:28.538+0000] {processor.py:175} INFO - Processing /home/airflow/.local/lib/python3.7/site-packages/airflow/example_dags/example_branch_python_dop_operator_3.py took 0.210 seconds
[2023-01-12T16:23:58.772+0000] {processor.py:153} INFO - Started process (PID=460) to work on /home/airflow/.local/lib/python3.7/site-packages/airflow/example_dags/example_branch_python_dop_operator_3.py
[2023-01-12T16:23:58.773+0000] {processor.py:743} INFO - Processing file /home/airflow/.local/lib/python3.7/site-packages/airflow/example_dags/example_branch_python_dop_operator_3.py for tasks to queue
[2023-01-12T16:23:58.775+0000] {logging_mixin.py:137} INFO - [2023-01-12T16:23:58.775+0000] {dagbag.py:538} INFO - Filling up the DagBag from /home/airflow/.local/lib/python3.7/site-packages/airflow/example_dags/example_branch_python_dop_operator_3.py
[2023-01-12T16:23:58.825+0000] {processor.py:753} INFO - DAG(s) dict_keys(['example_branch_dop_operator_v3']) retrieved from /home/airflow/.local/lib/python3.7/site-packages/airflow/example_dags/example_branch_python_dop_operator_3.py
[2023-01-12T16:23:58.905+0000] {logging_mixin.py:137} INFO - [2023-01-12T16:23:58.905+0000] {dag.py:2676} INFO - Sync 1 DAGs
[2023-01-12T16:23:58.960+0000] {logging_mixin.py:137} INFO - [2023-01-12T16:23:58.960+0000] {dag.py:3427} INFO - Setting next_dagrun for example_branch_dop_operator_v3 to 2023-01-12T16:22:00+00:00, run_after=2023-01-12T16:23:00+00:00
[2023-01-12T16:23:59.004+0000] {processor.py:175} INFO - Processing /home/airflow/.local/lib/python3.7/site-packages/airflow/example_dags/example_branch_python_dop_operator_3.py took 0.238 seconds
[2023-01-12T16:24:29.494+0000] {processor.py:153} INFO - Started process (PID=534) to work on /home/airflow/.local/lib/python3.7/site-packages/airflow/example_dags/example_branch_python_dop_operator_3.py
[2023-01-12T16:24:29.495+0000] {processor.py:743} INFO - Processing file /home/airflow/.local/lib/python3.7/site-packages/airflow/example_dags/example_branch_python_dop_operator_3.py for tasks to queue
[2023-01-12T16:24:29.497+0000] {logging_mixin.py:137} INFO - [2023-01-12T16:24:29.497+0000] {dagbag.py:538} INFO - Filling up the DagBag from /home/airflow/.local/lib/python3.7/site-packages/airflow/example_dags/example_branch_python_dop_operator_3.py
[2023-01-12T16:24:29.545+0000] {processor.py:753} INFO - DAG(s) dict_keys(['example_branch_dop_operator_v3']) retrieved from /home/airflow/.local/lib/python3.7/site-packages/airflow/example_dags/example_branch_python_dop_operator_3.py
[2023-01-12T16:24:29.624+0000] {logging_mixin.py:137} INFO - [2023-01-12T16:24:29.622+0000] {dag.py:2676} INFO - Sync 1 DAGs
[2023-01-12T16:24:29.695+0000] {logging_mixin.py:137} INFO - [2023-01-12T16:24:29.695+0000] {dag.py:3427} INFO - Setting next_dagrun for example_branch_dop_operator_v3 to 2023-01-12T16:23:00+00:00, run_after=2023-01-12T16:24:00+00:00
[2023-01-12T16:24:29.734+0000] {processor.py:175} INFO - Processing /home/airflow/.local/lib/python3.7/site-packages/airflow/example_dags/example_branch_python_dop_operator_3.py took 0.251 seconds
[2023-01-12T16:25:00.621+0000] {processor.py:153} INFO - Started process (PID=595) to work on /home/airflow/.local/lib/python3.7/site-packages/airflow/example_dags/example_branch_python_dop_operator_3.py
[2023-01-12T16:25:00.622+0000] {processor.py:743} INFO - Processing file /home/airflow/.local/lib/python3.7/site-packages/airflow/example_dags/example_branch_python_dop_operator_3.py for tasks to queue
[2023-01-12T16:25:00.623+0000] {logging_mixin.py:137} INFO - [2023-01-12T16:25:00.623+0000] {dagbag.py:538} INFO - Filling up the DagBag from /home/airflow/.local/lib/python3.7/site-packages/airflow/example_dags/example_branch_python_dop_operator_3.py
[2023-01-12T16:25:00.675+0000] {processor.py:753} INFO - DAG(s) dict_keys(['example_branch_dop_operator_v3']) retrieved from /home/airflow/.local/lib/python3.7/site-packages/airflow/example_dags/example_branch_python_dop_operator_3.py
[2023-01-12T16:25:00.743+0000] {logging_mixin.py:137} INFO - [2023-01-12T16:25:00.743+0000] {dag.py:2676} INFO - Sync 1 DAGs
[2023-01-12T16:25:00.794+0000] {logging_mixin.py:137} INFO - [2023-01-12T16:25:00.794+0000] {dag.py:3427} INFO - Setting next_dagrun for example_branch_dop_operator_v3 to 2023-01-12T16:24:00+00:00, run_after=2023-01-12T16:25:00+00:00
[2023-01-12T16:25:00.835+0000] {processor.py:175} INFO - Processing /home/airflow/.local/lib/python3.7/site-packages/airflow/example_dags/example_branch_python_dop_operator_3.py took 0.221 seconds
[2023-01-12T16:25:30.986+0000] {processor.py:153} INFO - Started process (PID=657) to work on /home/airflow/.local/lib/python3.7/site-packages/airflow/example_dags/example_branch_python_dop_operator_3.py
[2023-01-12T16:25:30.988+0000] {processor.py:743} INFO - Processing file /home/airflow/.local/lib/python3.7/site-packages/airflow/example_dags/example_branch_python_dop_operator_3.py for tasks to queue
[2023-01-12T16:25:30.989+0000] {logging_mixin.py:137} INFO - [2023-01-12T16:25:30.989+0000] {dagbag.py:538} INFO - Filling up the DagBag from /home/airflow/.local/lib/python3.7/site-packages/airflow/example_dags/example_branch_python_dop_operator_3.py
[2023-01-12T16:25:31.033+0000] {processor.py:753} INFO - DAG(s) dict_keys(['example_branch_dop_operator_v3']) retrieved from /home/airflow/.local/lib/python3.7/site-packages/airflow/example_dags/example_branch_python_dop_operator_3.py
[2023-01-12T16:25:31.100+0000] {logging_mixin.py:137} INFO - [2023-01-12T16:25:31.100+0000] {dag.py:2676} INFO - Sync 1 DAGs
[2023-01-12T16:25:31.157+0000] {logging_mixin.py:137} INFO - [2023-01-12T16:25:31.157+0000] {dag.py:3427} INFO - Setting next_dagrun for example_branch_dop_operator_v3 to 2023-01-12T16:24:00+00:00, run_after=2023-01-12T16:25:00+00:00
[2023-01-12T16:25:31.197+0000] {processor.py:175} INFO - Processing /home/airflow/.local/lib/python3.7/site-packages/airflow/example_dags/example_branch_python_dop_operator_3.py took 0.216 seconds
