[2023-01-12T16:20:54.529+0000] {processor.py:153} INFO - Started process (PID=70) to work on /home/airflow/.local/lib/python3.7/site-packages/airflow/example_dags/example_complex.py
[2023-01-12T16:20:54.531+0000] {processor.py:743} INFO - Processing file /home/airflow/.local/lib/python3.7/site-packages/airflow/example_dags/example_complex.py for tasks to queue
[2023-01-12T16:20:54.532+0000] {logging_mixin.py:137} INFO - [2023-01-12T16:20:54.532+0000] {dagbag.py:538} INFO - Filling up the DagBag from /home/airflow/.local/lib/python3.7/site-packages/airflow/example_dags/example_complex.py
[2023-01-12T16:20:54.557+0000] {logging_mixin.py:137} INFO - [2023-01-12T16:20:54.557+0000] {taskmixin.py:205} WARNING - Dependency <Task(BashOperator): create_entry_group>, delete_entry_group already registered for DAG: example_complex
[2023-01-12T16:20:54.558+0000] {logging_mixin.py:137} INFO - [2023-01-12T16:20:54.557+0000] {taskmixin.py:205} WARNING - Dependency <Task(BashOperator): delete_entry_group>, create_entry_group already registered for DAG: example_complex
[2023-01-12T16:20:54.558+0000] {logging_mixin.py:137} INFO - [2023-01-12T16:20:54.558+0000] {taskmixin.py:205} WARNING - Dependency <Task(BashOperator): create_entry_gcs>, delete_entry already registered for DAG: example_complex
[2023-01-12T16:20:54.558+0000] {logging_mixin.py:137} INFO - [2023-01-12T16:20:54.558+0000] {taskmixin.py:205} WARNING - Dependency <Task(BashOperator): delete_entry>, create_entry_gcs already registered for DAG: example_complex
[2023-01-12T16:20:54.559+0000] {logging_mixin.py:137} INFO - [2023-01-12T16:20:54.558+0000] {taskmixin.py:205} WARNING - Dependency <Task(BashOperator): create_tag>, delete_tag already registered for DAG: example_complex
[2023-01-12T16:20:54.559+0000] {logging_mixin.py:137} INFO - [2023-01-12T16:20:54.559+0000] {taskmixin.py:205} WARNING - Dependency <Task(BashOperator): delete_tag>, create_tag already registered for DAG: example_complex
[2023-01-12T16:20:54.574+0000] {processor.py:753} INFO - DAG(s) dict_keys(['example_complex']) retrieved from /home/airflow/.local/lib/python3.7/site-packages/airflow/example_dags/example_complex.py
[2023-01-12T16:20:54.684+0000] {logging_mixin.py:137} INFO - [2023-01-12T16:20:54.683+0000] {dag.py:2676} INFO - Sync 1 DAGs
[2023-01-12T16:20:54.725+0000] {logging_mixin.py:137} INFO - [2023-01-12T16:20:54.725+0000] {dag.py:3427} INFO - Setting next_dagrun for example_complex to None, run_after=None
[2023-01-12T16:20:54.790+0000] {processor.py:175} INFO - Processing /home/airflow/.local/lib/python3.7/site-packages/airflow/example_dags/example_complex.py took 0.270 seconds
[2023-01-12T16:21:24.835+0000] {processor.py:153} INFO - Started process (PID=132) to work on /home/airflow/.local/lib/python3.7/site-packages/airflow/example_dags/example_complex.py
[2023-01-12T16:21:24.836+0000] {processor.py:743} INFO - Processing file /home/airflow/.local/lib/python3.7/site-packages/airflow/example_dags/example_complex.py for tasks to queue
[2023-01-12T16:21:24.837+0000] {logging_mixin.py:137} INFO - [2023-01-12T16:21:24.837+0000] {dagbag.py:538} INFO - Filling up the DagBag from /home/airflow/.local/lib/python3.7/site-packages/airflow/example_dags/example_complex.py
[2023-01-12T16:21:24.869+0000] {logging_mixin.py:137} INFO - [2023-01-12T16:21:24.869+0000] {taskmixin.py:205} WARNING - Dependency <Task(BashOperator): create_entry_group>, delete_entry_group already registered for DAG: example_complex
[2023-01-12T16:21:24.869+0000] {logging_mixin.py:137} INFO - [2023-01-12T16:21:24.869+0000] {taskmixin.py:205} WARNING - Dependency <Task(BashOperator): delete_entry_group>, create_entry_group already registered for DAG: example_complex
[2023-01-12T16:21:24.870+0000] {logging_mixin.py:137} INFO - [2023-01-12T16:21:24.870+0000] {taskmixin.py:205} WARNING - Dependency <Task(BashOperator): create_entry_gcs>, delete_entry already registered for DAG: example_complex
[2023-01-12T16:21:24.870+0000] {logging_mixin.py:137} INFO - [2023-01-12T16:21:24.870+0000] {taskmixin.py:205} WARNING - Dependency <Task(BashOperator): delete_entry>, create_entry_gcs already registered for DAG: example_complex
[2023-01-12T16:21:24.870+0000] {logging_mixin.py:137} INFO - [2023-01-12T16:21:24.870+0000] {taskmixin.py:205} WARNING - Dependency <Task(BashOperator): create_tag>, delete_tag already registered for DAG: example_complex
[2023-01-12T16:21:24.871+0000] {logging_mixin.py:137} INFO - [2023-01-12T16:21:24.870+0000] {taskmixin.py:205} WARNING - Dependency <Task(BashOperator): delete_tag>, create_tag already registered for DAG: example_complex
[2023-01-12T16:21:24.884+0000] {processor.py:753} INFO - DAG(s) dict_keys(['example_complex']) retrieved from /home/airflow/.local/lib/python3.7/site-packages/airflow/example_dags/example_complex.py
[2023-01-12T16:21:24.950+0000] {logging_mixin.py:137} INFO - [2023-01-12T16:21:24.949+0000] {dag.py:2676} INFO - Sync 1 DAGs
[2023-01-12T16:21:24.989+0000] {logging_mixin.py:137} INFO - [2023-01-12T16:21:24.989+0000] {dag.py:3427} INFO - Setting next_dagrun for example_complex to None, run_after=None
[2023-01-12T16:21:25.022+0000] {processor.py:175} INFO - Processing /home/airflow/.local/lib/python3.7/site-packages/airflow/example_dags/example_complex.py took 0.193 seconds
[2023-01-12T16:21:56.078+0000] {processor.py:153} INFO - Started process (PID=206) to work on /home/airflow/.local/lib/python3.7/site-packages/airflow/example_dags/example_complex.py
[2023-01-12T16:21:56.080+0000] {processor.py:743} INFO - Processing file /home/airflow/.local/lib/python3.7/site-packages/airflow/example_dags/example_complex.py for tasks to queue
[2023-01-12T16:21:56.081+0000] {logging_mixin.py:137} INFO - [2023-01-12T16:21:56.081+0000] {dagbag.py:538} INFO - Filling up the DagBag from /home/airflow/.local/lib/python3.7/site-packages/airflow/example_dags/example_complex.py
[2023-01-12T16:21:56.101+0000] {logging_mixin.py:137} INFO - [2023-01-12T16:21:56.101+0000] {taskmixin.py:205} WARNING - Dependency <Task(BashOperator): create_entry_group>, delete_entry_group already registered for DAG: example_complex
[2023-01-12T16:21:56.102+0000] {logging_mixin.py:137} INFO - [2023-01-12T16:21:56.102+0000] {taskmixin.py:205} WARNING - Dependency <Task(BashOperator): delete_entry_group>, create_entry_group already registered for DAG: example_complex
[2023-01-12T16:21:56.102+0000] {logging_mixin.py:137} INFO - [2023-01-12T16:21:56.102+0000] {taskmixin.py:205} WARNING - Dependency <Task(BashOperator): create_entry_gcs>, delete_entry already registered for DAG: example_complex
[2023-01-12T16:21:56.102+0000] {logging_mixin.py:137} INFO - [2023-01-12T16:21:56.102+0000] {taskmixin.py:205} WARNING - Dependency <Task(BashOperator): delete_entry>, create_entry_gcs already registered for DAG: example_complex
[2023-01-12T16:21:56.103+0000] {logging_mixin.py:137} INFO - [2023-01-12T16:21:56.103+0000] {taskmixin.py:205} WARNING - Dependency <Task(BashOperator): create_tag>, delete_tag already registered for DAG: example_complex
[2023-01-12T16:21:56.103+0000] {logging_mixin.py:137} INFO - [2023-01-12T16:21:56.103+0000] {taskmixin.py:205} WARNING - Dependency <Task(BashOperator): delete_tag>, create_tag already registered for DAG: example_complex
[2023-01-12T16:21:56.117+0000] {processor.py:753} INFO - DAG(s) dict_keys(['example_complex']) retrieved from /home/airflow/.local/lib/python3.7/site-packages/airflow/example_dags/example_complex.py
[2023-01-12T16:21:56.191+0000] {logging_mixin.py:137} INFO - [2023-01-12T16:21:56.191+0000] {dag.py:2676} INFO - Sync 1 DAGs
[2023-01-12T16:21:56.235+0000] {logging_mixin.py:137} INFO - [2023-01-12T16:21:56.234+0000] {dag.py:3427} INFO - Setting next_dagrun for example_complex to None, run_after=None
[2023-01-12T16:21:56.267+0000] {processor.py:175} INFO - Processing /home/airflow/.local/lib/python3.7/site-packages/airflow/example_dags/example_complex.py took 0.195 seconds
[2023-01-12T16:22:26.444+0000] {processor.py:153} INFO - Started process (PID=269) to work on /home/airflow/.local/lib/python3.7/site-packages/airflow/example_dags/example_complex.py
[2023-01-12T16:22:26.446+0000] {processor.py:743} INFO - Processing file /home/airflow/.local/lib/python3.7/site-packages/airflow/example_dags/example_complex.py for tasks to queue
[2023-01-12T16:22:26.447+0000] {logging_mixin.py:137} INFO - [2023-01-12T16:22:26.447+0000] {dagbag.py:538} INFO - Filling up the DagBag from /home/airflow/.local/lib/python3.7/site-packages/airflow/example_dags/example_complex.py
[2023-01-12T16:22:26.470+0000] {logging_mixin.py:137} INFO - [2023-01-12T16:22:26.470+0000] {taskmixin.py:205} WARNING - Dependency <Task(BashOperator): create_entry_group>, delete_entry_group already registered for DAG: example_complex
[2023-01-12T16:22:26.471+0000] {logging_mixin.py:137} INFO - [2023-01-12T16:22:26.471+0000] {taskmixin.py:205} WARNING - Dependency <Task(BashOperator): delete_entry_group>, create_entry_group already registered for DAG: example_complex
[2023-01-12T16:22:26.471+0000] {logging_mixin.py:137} INFO - [2023-01-12T16:22:26.471+0000] {taskmixin.py:205} WARNING - Dependency <Task(BashOperator): create_entry_gcs>, delete_entry already registered for DAG: example_complex
[2023-01-12T16:22:26.471+0000] {logging_mixin.py:137} INFO - [2023-01-12T16:22:26.471+0000] {taskmixin.py:205} WARNING - Dependency <Task(BashOperator): delete_entry>, create_entry_gcs already registered for DAG: example_complex
[2023-01-12T16:22:26.472+0000] {logging_mixin.py:137} INFO - [2023-01-12T16:22:26.472+0000] {taskmixin.py:205} WARNING - Dependency <Task(BashOperator): create_tag>, delete_tag already registered for DAG: example_complex
[2023-01-12T16:22:26.472+0000] {logging_mixin.py:137} INFO - [2023-01-12T16:22:26.472+0000] {taskmixin.py:205} WARNING - Dependency <Task(BashOperator): delete_tag>, create_tag already registered for DAG: example_complex
[2023-01-12T16:22:26.488+0000] {processor.py:753} INFO - DAG(s) dict_keys(['example_complex']) retrieved from /home/airflow/.local/lib/python3.7/site-packages/airflow/example_dags/example_complex.py
[2023-01-12T16:22:26.565+0000] {logging_mixin.py:137} INFO - [2023-01-12T16:22:26.564+0000] {dag.py:2676} INFO - Sync 1 DAGs
[2023-01-12T16:22:26.611+0000] {logging_mixin.py:137} INFO - [2023-01-12T16:22:26.611+0000] {dag.py:3427} INFO - Setting next_dagrun for example_complex to None, run_after=None
[2023-01-12T16:22:26.650+0000] {processor.py:175} INFO - Processing /home/airflow/.local/lib/python3.7/site-packages/airflow/example_dags/example_complex.py took 0.213 seconds
[2023-01-12T16:22:57.278+0000] {processor.py:153} INFO - Started process (PID=331) to work on /home/airflow/.local/lib/python3.7/site-packages/airflow/example_dags/example_complex.py
[2023-01-12T16:22:57.280+0000] {processor.py:743} INFO - Processing file /home/airflow/.local/lib/python3.7/site-packages/airflow/example_dags/example_complex.py for tasks to queue
[2023-01-12T16:22:57.281+0000] {logging_mixin.py:137} INFO - [2023-01-12T16:22:57.281+0000] {dagbag.py:538} INFO - Filling up the DagBag from /home/airflow/.local/lib/python3.7/site-packages/airflow/example_dags/example_complex.py
[2023-01-12T16:22:57.305+0000] {logging_mixin.py:137} INFO - [2023-01-12T16:22:57.305+0000] {taskmixin.py:205} WARNING - Dependency <Task(BashOperator): create_entry_group>, delete_entry_group already registered for DAG: example_complex
[2023-01-12T16:22:57.305+0000] {logging_mixin.py:137} INFO - [2023-01-12T16:22:57.305+0000] {taskmixin.py:205} WARNING - Dependency <Task(BashOperator): delete_entry_group>, create_entry_group already registered for DAG: example_complex
[2023-01-12T16:22:57.306+0000] {logging_mixin.py:137} INFO - [2023-01-12T16:22:57.306+0000] {taskmixin.py:205} WARNING - Dependency <Task(BashOperator): create_entry_gcs>, delete_entry already registered for DAG: example_complex
[2023-01-12T16:22:57.306+0000] {logging_mixin.py:137} INFO - [2023-01-12T16:22:57.306+0000] {taskmixin.py:205} WARNING - Dependency <Task(BashOperator): delete_entry>, create_entry_gcs already registered for DAG: example_complex
[2023-01-12T16:22:57.306+0000] {logging_mixin.py:137} INFO - [2023-01-12T16:22:57.306+0000] {taskmixin.py:205} WARNING - Dependency <Task(BashOperator): create_tag>, delete_tag already registered for DAG: example_complex
[2023-01-12T16:22:57.307+0000] {logging_mixin.py:137} INFO - [2023-01-12T16:22:57.307+0000] {taskmixin.py:205} WARNING - Dependency <Task(BashOperator): delete_tag>, create_tag already registered for DAG: example_complex
[2023-01-12T16:22:57.321+0000] {processor.py:753} INFO - DAG(s) dict_keys(['example_complex']) retrieved from /home/airflow/.local/lib/python3.7/site-packages/airflow/example_dags/example_complex.py
[2023-01-12T16:22:57.406+0000] {logging_mixin.py:137} INFO - [2023-01-12T16:22:57.405+0000] {dag.py:2676} INFO - Sync 1 DAGs
[2023-01-12T16:22:57.449+0000] {logging_mixin.py:137} INFO - [2023-01-12T16:22:57.448+0000] {dag.py:3427} INFO - Setting next_dagrun for example_complex to None, run_after=None
[2023-01-12T16:22:57.487+0000] {processor.py:175} INFO - Processing /home/airflow/.local/lib/python3.7/site-packages/airflow/example_dags/example_complex.py took 0.215 seconds
[2023-01-12T16:23:27.793+0000] {processor.py:153} INFO - Started process (PID=393) to work on /home/airflow/.local/lib/python3.7/site-packages/airflow/example_dags/example_complex.py
[2023-01-12T16:23:27.795+0000] {processor.py:743} INFO - Processing file /home/airflow/.local/lib/python3.7/site-packages/airflow/example_dags/example_complex.py for tasks to queue
[2023-01-12T16:23:27.796+0000] {logging_mixin.py:137} INFO - [2023-01-12T16:23:27.795+0000] {dagbag.py:538} INFO - Filling up the DagBag from /home/airflow/.local/lib/python3.7/site-packages/airflow/example_dags/example_complex.py
[2023-01-12T16:23:27.819+0000] {logging_mixin.py:137} INFO - [2023-01-12T16:23:27.819+0000] {taskmixin.py:205} WARNING - Dependency <Task(BashOperator): create_entry_group>, delete_entry_group already registered for DAG: example_complex
[2023-01-12T16:23:27.820+0000] {logging_mixin.py:137} INFO - [2023-01-12T16:23:27.820+0000] {taskmixin.py:205} WARNING - Dependency <Task(BashOperator): delete_entry_group>, create_entry_group already registered for DAG: example_complex
[2023-01-12T16:23:27.821+0000] {logging_mixin.py:137} INFO - [2023-01-12T16:23:27.821+0000] {taskmixin.py:205} WARNING - Dependency <Task(BashOperator): create_entry_gcs>, delete_entry already registered for DAG: example_complex
[2023-01-12T16:23:27.821+0000] {logging_mixin.py:137} INFO - [2023-01-12T16:23:27.821+0000] {taskmixin.py:205} WARNING - Dependency <Task(BashOperator): delete_entry>, create_entry_gcs already registered for DAG: example_complex
[2023-01-12T16:23:27.822+0000] {logging_mixin.py:137} INFO - [2023-01-12T16:23:27.822+0000] {taskmixin.py:205} WARNING - Dependency <Task(BashOperator): create_tag>, delete_tag already registered for DAG: example_complex
[2023-01-12T16:23:27.822+0000] {logging_mixin.py:137} INFO - [2023-01-12T16:23:27.822+0000] {taskmixin.py:205} WARNING - Dependency <Task(BashOperator): delete_tag>, create_tag already registered for DAG: example_complex
[2023-01-12T16:23:27.836+0000] {processor.py:753} INFO - DAG(s) dict_keys(['example_complex']) retrieved from /home/airflow/.local/lib/python3.7/site-packages/airflow/example_dags/example_complex.py
[2023-01-12T16:23:27.924+0000] {logging_mixin.py:137} INFO - [2023-01-12T16:23:27.924+0000] {dag.py:2676} INFO - Sync 1 DAGs
[2023-01-12T16:23:27.966+0000] {logging_mixin.py:137} INFO - [2023-01-12T16:23:27.965+0000] {dag.py:3427} INFO - Setting next_dagrun for example_complex to None, run_after=None
[2023-01-12T16:23:27.996+0000] {processor.py:175} INFO - Processing /home/airflow/.local/lib/python3.7/site-packages/airflow/example_dags/example_complex.py took 0.209 seconds
[2023-01-12T16:23:58.186+0000] {processor.py:153} INFO - Started process (PID=455) to work on /home/airflow/.local/lib/python3.7/site-packages/airflow/example_dags/example_complex.py
[2023-01-12T16:23:58.187+0000] {processor.py:743} INFO - Processing file /home/airflow/.local/lib/python3.7/site-packages/airflow/example_dags/example_complex.py for tasks to queue
[2023-01-12T16:23:58.189+0000] {logging_mixin.py:137} INFO - [2023-01-12T16:23:58.188+0000] {dagbag.py:538} INFO - Filling up the DagBag from /home/airflow/.local/lib/python3.7/site-packages/airflow/example_dags/example_complex.py
[2023-01-12T16:23:58.216+0000] {logging_mixin.py:137} INFO - [2023-01-12T16:23:58.215+0000] {taskmixin.py:205} WARNING - Dependency <Task(BashOperator): create_entry_group>, delete_entry_group already registered for DAG: example_complex
[2023-01-12T16:23:58.216+0000] {logging_mixin.py:137} INFO - [2023-01-12T16:23:58.216+0000] {taskmixin.py:205} WARNING - Dependency <Task(BashOperator): delete_entry_group>, create_entry_group already registered for DAG: example_complex
[2023-01-12T16:23:58.217+0000] {logging_mixin.py:137} INFO - [2023-01-12T16:23:58.216+0000] {taskmixin.py:205} WARNING - Dependency <Task(BashOperator): create_entry_gcs>, delete_entry already registered for DAG: example_complex
[2023-01-12T16:23:58.217+0000] {logging_mixin.py:137} INFO - [2023-01-12T16:23:58.217+0000] {taskmixin.py:205} WARNING - Dependency <Task(BashOperator): delete_entry>, create_entry_gcs already registered for DAG: example_complex
[2023-01-12T16:23:58.218+0000] {logging_mixin.py:137} INFO - [2023-01-12T16:23:58.218+0000] {taskmixin.py:205} WARNING - Dependency <Task(BashOperator): create_tag>, delete_tag already registered for DAG: example_complex
[2023-01-12T16:23:58.218+0000] {logging_mixin.py:137} INFO - [2023-01-12T16:23:58.218+0000] {taskmixin.py:205} WARNING - Dependency <Task(BashOperator): delete_tag>, create_tag already registered for DAG: example_complex
[2023-01-12T16:23:58.234+0000] {processor.py:753} INFO - DAG(s) dict_keys(['example_complex']) retrieved from /home/airflow/.local/lib/python3.7/site-packages/airflow/example_dags/example_complex.py
[2023-01-12T16:23:58.324+0000] {logging_mixin.py:137} INFO - [2023-01-12T16:23:58.324+0000] {dag.py:2676} INFO - Sync 1 DAGs
[2023-01-12T16:23:58.379+0000] {logging_mixin.py:137} INFO - [2023-01-12T16:23:58.379+0000] {dag.py:3427} INFO - Setting next_dagrun for example_complex to None, run_after=None
[2023-01-12T16:23:58.415+0000] {processor.py:175} INFO - Processing /home/airflow/.local/lib/python3.7/site-packages/airflow/example_dags/example_complex.py took 0.237 seconds
[2023-01-12T16:24:28.938+0000] {processor.py:153} INFO - Started process (PID=529) to work on /home/airflow/.local/lib/python3.7/site-packages/airflow/example_dags/example_complex.py
[2023-01-12T16:24:28.940+0000] {processor.py:743} INFO - Processing file /home/airflow/.local/lib/python3.7/site-packages/airflow/example_dags/example_complex.py for tasks to queue
[2023-01-12T16:24:28.941+0000] {logging_mixin.py:137} INFO - [2023-01-12T16:24:28.941+0000] {dagbag.py:538} INFO - Filling up the DagBag from /home/airflow/.local/lib/python3.7/site-packages/airflow/example_dags/example_complex.py
[2023-01-12T16:24:28.960+0000] {logging_mixin.py:137} INFO - [2023-01-12T16:24:28.960+0000] {taskmixin.py:205} WARNING - Dependency <Task(BashOperator): create_entry_group>, delete_entry_group already registered for DAG: example_complex
[2023-01-12T16:24:28.960+0000] {logging_mixin.py:137} INFO - [2023-01-12T16:24:28.960+0000] {taskmixin.py:205} WARNING - Dependency <Task(BashOperator): delete_entry_group>, create_entry_group already registered for DAG: example_complex
[2023-01-12T16:24:28.961+0000] {logging_mixin.py:137} INFO - [2023-01-12T16:24:28.961+0000] {taskmixin.py:205} WARNING - Dependency <Task(BashOperator): create_entry_gcs>, delete_entry already registered for DAG: example_complex
[2023-01-12T16:24:28.961+0000] {logging_mixin.py:137} INFO - [2023-01-12T16:24:28.961+0000] {taskmixin.py:205} WARNING - Dependency <Task(BashOperator): delete_entry>, create_entry_gcs already registered for DAG: example_complex
[2023-01-12T16:24:28.961+0000] {logging_mixin.py:137} INFO - [2023-01-12T16:24:28.961+0000] {taskmixin.py:205} WARNING - Dependency <Task(BashOperator): create_tag>, delete_tag already registered for DAG: example_complex
[2023-01-12T16:24:28.961+0000] {logging_mixin.py:137} INFO - [2023-01-12T16:24:28.961+0000] {taskmixin.py:205} WARNING - Dependency <Task(BashOperator): delete_tag>, create_tag already registered for DAG: example_complex
[2023-01-12T16:24:28.974+0000] {processor.py:753} INFO - DAG(s) dict_keys(['example_complex']) retrieved from /home/airflow/.local/lib/python3.7/site-packages/airflow/example_dags/example_complex.py
[2023-01-12T16:24:29.055+0000] {logging_mixin.py:137} INFO - [2023-01-12T16:24:29.055+0000] {dag.py:2676} INFO - Sync 1 DAGs
[2023-01-12T16:24:29.096+0000] {logging_mixin.py:137} INFO - [2023-01-12T16:24:29.096+0000] {dag.py:3427} INFO - Setting next_dagrun for example_complex to None, run_after=None
[2023-01-12T16:24:29.128+0000] {processor.py:175} INFO - Processing /home/airflow/.local/lib/python3.7/site-packages/airflow/example_dags/example_complex.py took 0.196 seconds
[2023-01-12T16:24:59.878+0000] {processor.py:153} INFO - Started process (PID=590) to work on /home/airflow/.local/lib/python3.7/site-packages/airflow/example_dags/example_complex.py
[2023-01-12T16:24:59.880+0000] {processor.py:743} INFO - Processing file /home/airflow/.local/lib/python3.7/site-packages/airflow/example_dags/example_complex.py for tasks to queue
[2023-01-12T16:24:59.881+0000] {logging_mixin.py:137} INFO - [2023-01-12T16:24:59.881+0000] {dagbag.py:538} INFO - Filling up the DagBag from /home/airflow/.local/lib/python3.7/site-packages/airflow/example_dags/example_complex.py
[2023-01-12T16:24:59.900+0000] {logging_mixin.py:137} INFO - [2023-01-12T16:24:59.900+0000] {taskmixin.py:205} WARNING - Dependency <Task(BashOperator): create_entry_group>, delete_entry_group already registered for DAG: example_complex
[2023-01-12T16:24:59.900+0000] {logging_mixin.py:137} INFO - [2023-01-12T16:24:59.900+0000] {taskmixin.py:205} WARNING - Dependency <Task(BashOperator): delete_entry_group>, create_entry_group already registered for DAG: example_complex
[2023-01-12T16:24:59.900+0000] {logging_mixin.py:137} INFO - [2023-01-12T16:24:59.900+0000] {taskmixin.py:205} WARNING - Dependency <Task(BashOperator): create_entry_gcs>, delete_entry already registered for DAG: example_complex
[2023-01-12T16:24:59.901+0000] {logging_mixin.py:137} INFO - [2023-01-12T16:24:59.901+0000] {taskmixin.py:205} WARNING - Dependency <Task(BashOperator): delete_entry>, create_entry_gcs already registered for DAG: example_complex
[2023-01-12T16:24:59.901+0000] {logging_mixin.py:137} INFO - [2023-01-12T16:24:59.901+0000] {taskmixin.py:205} WARNING - Dependency <Task(BashOperator): create_tag>, delete_tag already registered for DAG: example_complex
[2023-01-12T16:24:59.901+0000] {logging_mixin.py:137} INFO - [2023-01-12T16:24:59.901+0000] {taskmixin.py:205} WARNING - Dependency <Task(BashOperator): delete_tag>, create_tag already registered for DAG: example_complex
[2023-01-12T16:24:59.913+0000] {processor.py:753} INFO - DAG(s) dict_keys(['example_complex']) retrieved from /home/airflow/.local/lib/python3.7/site-packages/airflow/example_dags/example_complex.py
[2023-01-12T16:24:59.984+0000] {logging_mixin.py:137} INFO - [2023-01-12T16:24:59.983+0000] {dag.py:2676} INFO - Sync 1 DAGs
[2023-01-12T16:25:00.031+0000] {logging_mixin.py:137} INFO - [2023-01-12T16:25:00.030+0000] {dag.py:3427} INFO - Setting next_dagrun for example_complex to None, run_after=None
[2023-01-12T16:25:00.065+0000] {processor.py:175} INFO - Processing /home/airflow/.local/lib/python3.7/site-packages/airflow/example_dags/example_complex.py took 0.192 seconds
[2023-01-12T16:25:30.278+0000] {processor.py:153} INFO - Started process (PID=652) to work on /home/airflow/.local/lib/python3.7/site-packages/airflow/example_dags/example_complex.py
[2023-01-12T16:25:30.280+0000] {processor.py:743} INFO - Processing file /home/airflow/.local/lib/python3.7/site-packages/airflow/example_dags/example_complex.py for tasks to queue
[2023-01-12T16:25:30.281+0000] {logging_mixin.py:137} INFO - [2023-01-12T16:25:30.281+0000] {dagbag.py:538} INFO - Filling up the DagBag from /home/airflow/.local/lib/python3.7/site-packages/airflow/example_dags/example_complex.py
[2023-01-12T16:25:30.301+0000] {logging_mixin.py:137} INFO - [2023-01-12T16:25:30.301+0000] {taskmixin.py:205} WARNING - Dependency <Task(BashOperator): create_entry_group>, delete_entry_group already registered for DAG: example_complex
[2023-01-12T16:25:30.301+0000] {logging_mixin.py:137} INFO - [2023-01-12T16:25:30.301+0000] {taskmixin.py:205} WARNING - Dependency <Task(BashOperator): delete_entry_group>, create_entry_group already registered for DAG: example_complex
[2023-01-12T16:25:30.302+0000] {logging_mixin.py:137} INFO - [2023-01-12T16:25:30.302+0000] {taskmixin.py:205} WARNING - Dependency <Task(BashOperator): create_entry_gcs>, delete_entry already registered for DAG: example_complex
[2023-01-12T16:25:30.302+0000] {logging_mixin.py:137} INFO - [2023-01-12T16:25:30.302+0000] {taskmixin.py:205} WARNING - Dependency <Task(BashOperator): delete_entry>, create_entry_gcs already registered for DAG: example_complex
[2023-01-12T16:25:30.303+0000] {logging_mixin.py:137} INFO - [2023-01-12T16:25:30.302+0000] {taskmixin.py:205} WARNING - Dependency <Task(BashOperator): create_tag>, delete_tag already registered for DAG: example_complex
[2023-01-12T16:25:30.303+0000] {logging_mixin.py:137} INFO - [2023-01-12T16:25:30.303+0000] {taskmixin.py:205} WARNING - Dependency <Task(BashOperator): delete_tag>, create_tag already registered for DAG: example_complex
[2023-01-12T16:25:30.316+0000] {processor.py:753} INFO - DAG(s) dict_keys(['example_complex']) retrieved from /home/airflow/.local/lib/python3.7/site-packages/airflow/example_dags/example_complex.py
[2023-01-12T16:25:30.388+0000] {logging_mixin.py:137} INFO - [2023-01-12T16:25:30.387+0000] {dag.py:2676} INFO - Sync 1 DAGs
[2023-01-12T16:25:30.436+0000] {logging_mixin.py:137} INFO - [2023-01-12T16:25:30.436+0000] {dag.py:3427} INFO - Setting next_dagrun for example_complex to None, run_after=None
[2023-01-12T16:25:30.473+0000] {processor.py:175} INFO - Processing /home/airflow/.local/lib/python3.7/site-packages/airflow/example_dags/example_complex.py took 0.200 seconds
