[2023-01-12T16:20:53.370+0000] {processor.py:153} INFO - Started process (PID=62) to work on /home/airflow/.local/lib/python3.7/site-packages/airflow/example_dags/example_external_task_marker_dag.py
[2023-01-12T16:20:53.371+0000] {processor.py:743} INFO - Processing file /home/airflow/.local/lib/python3.7/site-packages/airflow/example_dags/example_external_task_marker_dag.py for tasks to queue
[2023-01-12T16:20:53.372+0000] {logging_mixin.py:137} INFO - [2023-01-12T16:20:53.372+0000] {dagbag.py:538} INFO - Filling up the DagBag from /home/airflow/.local/lib/python3.7/site-packages/airflow/example_dags/example_external_task_marker_dag.py
[2023-01-12T16:20:53.398+0000] {processor.py:753} INFO - DAG(s) dict_keys(['example_external_task_marker_child', 'example_external_task_marker_parent']) retrieved from /home/airflow/.local/lib/python3.7/site-packages/airflow/example_dags/example_external_task_marker_dag.py
[2023-01-12T16:20:53.496+0000] {logging_mixin.py:137} INFO - [2023-01-12T16:20:53.496+0000] {dag.py:2676} INFO - Sync 2 DAGs
[2023-01-12T16:20:53.580+0000] {logging_mixin.py:137} INFO - [2023-01-12T16:20:53.580+0000] {dag.py:3427} INFO - Setting next_dagrun for example_external_task_marker_child to None, run_after=None
[2023-01-12T16:20:53.613+0000] {logging_mixin.py:137} INFO - [2023-01-12T16:20:53.613+0000] {dag.py:3427} INFO - Setting next_dagrun for example_external_task_marker_parent to None, run_after=None
[2023-01-12T16:20:53.649+0000] {processor.py:175} INFO - Processing /home/airflow/.local/lib/python3.7/site-packages/airflow/example_dags/example_external_task_marker_dag.py took 0.286 seconds
[2023-01-12T16:21:23.705+0000] {processor.py:153} INFO - Started process (PID=124) to work on /home/airflow/.local/lib/python3.7/site-packages/airflow/example_dags/example_external_task_marker_dag.py
[2023-01-12T16:21:23.706+0000] {processor.py:743} INFO - Processing file /home/airflow/.local/lib/python3.7/site-packages/airflow/example_dags/example_external_task_marker_dag.py for tasks to queue
[2023-01-12T16:21:23.707+0000] {logging_mixin.py:137} INFO - [2023-01-12T16:21:23.707+0000] {dagbag.py:538} INFO - Filling up the DagBag from /home/airflow/.local/lib/python3.7/site-packages/airflow/example_dags/example_external_task_marker_dag.py
[2023-01-12T16:21:23.733+0000] {processor.py:753} INFO - DAG(s) dict_keys(['example_external_task_marker_parent', 'example_external_task_marker_child']) retrieved from /home/airflow/.local/lib/python3.7/site-packages/airflow/example_dags/example_external_task_marker_dag.py
[2023-01-12T16:21:23.801+0000] {logging_mixin.py:137} INFO - [2023-01-12T16:21:23.801+0000] {dag.py:2676} INFO - Sync 2 DAGs
[2023-01-12T16:21:23.845+0000] {logging_mixin.py:137} INFO - [2023-01-12T16:21:23.845+0000] {dag.py:3427} INFO - Setting next_dagrun for example_external_task_marker_child to None, run_after=None
[2023-01-12T16:21:23.851+0000] {logging_mixin.py:137} INFO - [2023-01-12T16:21:23.851+0000] {dag.py:3427} INFO - Setting next_dagrun for example_external_task_marker_parent to None, run_after=None
[2023-01-12T16:21:23.880+0000] {processor.py:175} INFO - Processing /home/airflow/.local/lib/python3.7/site-packages/airflow/example_dags/example_external_task_marker_dag.py took 0.180 seconds
[2023-01-12T16:21:54.389+0000] {processor.py:153} INFO - Started process (PID=195) to work on /home/airflow/.local/lib/python3.7/site-packages/airflow/example_dags/example_external_task_marker_dag.py
[2023-01-12T16:21:54.397+0000] {processor.py:743} INFO - Processing file /home/airflow/.local/lib/python3.7/site-packages/airflow/example_dags/example_external_task_marker_dag.py for tasks to queue
[2023-01-12T16:21:54.398+0000] {logging_mixin.py:137} INFO - [2023-01-12T16:21:54.398+0000] {dagbag.py:538} INFO - Filling up the DagBag from /home/airflow/.local/lib/python3.7/site-packages/airflow/example_dags/example_external_task_marker_dag.py
[2023-01-12T16:21:54.450+0000] {processor.py:753} INFO - DAG(s) dict_keys(['example_external_task_marker_parent', 'example_external_task_marker_child']) retrieved from /home/airflow/.local/lib/python3.7/site-packages/airflow/example_dags/example_external_task_marker_dag.py
[2023-01-12T16:21:54.618+0000] {logging_mixin.py:137} INFO - [2023-01-12T16:21:54.618+0000] {dag.py:2676} INFO - Sync 2 DAGs
[2023-01-12T16:21:54.726+0000] {logging_mixin.py:137} INFO - [2023-01-12T16:21:54.726+0000] {dag.py:3427} INFO - Setting next_dagrun for example_external_task_marker_child to None, run_after=None
[2023-01-12T16:21:54.741+0000] {logging_mixin.py:137} INFO - [2023-01-12T16:21:54.740+0000] {dag.py:3427} INFO - Setting next_dagrun for example_external_task_marker_parent to None, run_after=None
[2023-01-12T16:21:54.798+0000] {processor.py:175} INFO - Processing /home/airflow/.local/lib/python3.7/site-packages/airflow/example_dags/example_external_task_marker_dag.py took 0.415 seconds
[2023-01-12T16:22:25.328+0000] {processor.py:153} INFO - Started process (PID=261) to work on /home/airflow/.local/lib/python3.7/site-packages/airflow/example_dags/example_external_task_marker_dag.py
[2023-01-12T16:22:25.330+0000] {processor.py:743} INFO - Processing file /home/airflow/.local/lib/python3.7/site-packages/airflow/example_dags/example_external_task_marker_dag.py for tasks to queue
[2023-01-12T16:22:25.331+0000] {logging_mixin.py:137} INFO - [2023-01-12T16:22:25.331+0000] {dagbag.py:538} INFO - Filling up the DagBag from /home/airflow/.local/lib/python3.7/site-packages/airflow/example_dags/example_external_task_marker_dag.py
[2023-01-12T16:22:25.367+0000] {processor.py:753} INFO - DAG(s) dict_keys(['example_external_task_marker_parent', 'example_external_task_marker_child']) retrieved from /home/airflow/.local/lib/python3.7/site-packages/airflow/example_dags/example_external_task_marker_dag.py
[2023-01-12T16:22:25.466+0000] {logging_mixin.py:137} INFO - [2023-01-12T16:22:25.466+0000] {dag.py:2676} INFO - Sync 2 DAGs
[2023-01-12T16:22:25.523+0000] {logging_mixin.py:137} INFO - [2023-01-12T16:22:25.523+0000] {dag.py:3427} INFO - Setting next_dagrun for example_external_task_marker_child to None, run_after=None
[2023-01-12T16:22:25.532+0000] {logging_mixin.py:137} INFO - [2023-01-12T16:22:25.531+0000] {dag.py:3427} INFO - Setting next_dagrun for example_external_task_marker_parent to None, run_after=None
[2023-01-12T16:22:25.570+0000] {processor.py:175} INFO - Processing /home/airflow/.local/lib/python3.7/site-packages/airflow/example_dags/example_external_task_marker_dag.py took 0.249 seconds
[2023-01-12T16:22:56.365+0000] {processor.py:153} INFO - Started process (PID=323) to work on /home/airflow/.local/lib/python3.7/site-packages/airflow/example_dags/example_external_task_marker_dag.py
[2023-01-12T16:22:56.367+0000] {processor.py:743} INFO - Processing file /home/airflow/.local/lib/python3.7/site-packages/airflow/example_dags/example_external_task_marker_dag.py for tasks to queue
[2023-01-12T16:22:56.368+0000] {logging_mixin.py:137} INFO - [2023-01-12T16:22:56.368+0000] {dagbag.py:538} INFO - Filling up the DagBag from /home/airflow/.local/lib/python3.7/site-packages/airflow/example_dags/example_external_task_marker_dag.py
[2023-01-12T16:22:56.398+0000] {processor.py:753} INFO - DAG(s) dict_keys(['example_external_task_marker_child', 'example_external_task_marker_parent']) retrieved from /home/airflow/.local/lib/python3.7/site-packages/airflow/example_dags/example_external_task_marker_dag.py
[2023-01-12T16:22:56.482+0000] {logging_mixin.py:137} INFO - [2023-01-12T16:22:56.481+0000] {dag.py:2676} INFO - Sync 2 DAGs
[2023-01-12T16:22:56.535+0000] {logging_mixin.py:137} INFO - [2023-01-12T16:22:56.535+0000] {dag.py:3427} INFO - Setting next_dagrun for example_external_task_marker_child to None, run_after=None
[2023-01-12T16:22:56.542+0000] {logging_mixin.py:137} INFO - [2023-01-12T16:22:56.541+0000] {dag.py:3427} INFO - Setting next_dagrun for example_external_task_marker_parent to None, run_after=None
[2023-01-12T16:22:56.576+0000] {processor.py:175} INFO - Processing /home/airflow/.local/lib/python3.7/site-packages/airflow/example_dags/example_external_task_marker_dag.py took 0.218 seconds
[2023-01-12T16:23:26.782+0000] {processor.py:153} INFO - Started process (PID=385) to work on /home/airflow/.local/lib/python3.7/site-packages/airflow/example_dags/example_external_task_marker_dag.py
[2023-01-12T16:23:26.785+0000] {processor.py:743} INFO - Processing file /home/airflow/.local/lib/python3.7/site-packages/airflow/example_dags/example_external_task_marker_dag.py for tasks to queue
[2023-01-12T16:23:26.786+0000] {logging_mixin.py:137} INFO - [2023-01-12T16:23:26.785+0000] {dagbag.py:538} INFO - Filling up the DagBag from /home/airflow/.local/lib/python3.7/site-packages/airflow/example_dags/example_external_task_marker_dag.py
[2023-01-12T16:23:26.811+0000] {processor.py:753} INFO - DAG(s) dict_keys(['example_external_task_marker_parent', 'example_external_task_marker_child']) retrieved from /home/airflow/.local/lib/python3.7/site-packages/airflow/example_dags/example_external_task_marker_dag.py
[2023-01-12T16:23:26.897+0000] {logging_mixin.py:137} INFO - [2023-01-12T16:23:26.896+0000] {dag.py:2676} INFO - Sync 2 DAGs
[2023-01-12T16:23:26.948+0000] {logging_mixin.py:137} INFO - [2023-01-12T16:23:26.948+0000] {dag.py:3427} INFO - Setting next_dagrun for example_external_task_marker_child to None, run_after=None
[2023-01-12T16:23:26.957+0000] {logging_mixin.py:137} INFO - [2023-01-12T16:23:26.956+0000] {dag.py:3427} INFO - Setting next_dagrun for example_external_task_marker_parent to None, run_after=None
[2023-01-12T16:23:26.992+0000] {processor.py:175} INFO - Processing /home/airflow/.local/lib/python3.7/site-packages/airflow/example_dags/example_external_task_marker_dag.py took 0.216 seconds
[2023-01-12T16:23:57.209+0000] {processor.py:153} INFO - Started process (PID=447) to work on /home/airflow/.local/lib/python3.7/site-packages/airflow/example_dags/example_external_task_marker_dag.py
[2023-01-12T16:23:57.211+0000] {processor.py:743} INFO - Processing file /home/airflow/.local/lib/python3.7/site-packages/airflow/example_dags/example_external_task_marker_dag.py for tasks to queue
[2023-01-12T16:23:57.212+0000] {logging_mixin.py:137} INFO - [2023-01-12T16:23:57.211+0000] {dagbag.py:538} INFO - Filling up the DagBag from /home/airflow/.local/lib/python3.7/site-packages/airflow/example_dags/example_external_task_marker_dag.py
[2023-01-12T16:23:57.234+0000] {processor.py:753} INFO - DAG(s) dict_keys(['example_external_task_marker_parent', 'example_external_task_marker_child']) retrieved from /home/airflow/.local/lib/python3.7/site-packages/airflow/example_dags/example_external_task_marker_dag.py
[2023-01-12T16:23:57.298+0000] {logging_mixin.py:137} INFO - [2023-01-12T16:23:57.298+0000] {dag.py:2676} INFO - Sync 2 DAGs
[2023-01-12T16:23:57.339+0000] {logging_mixin.py:137} INFO - [2023-01-12T16:23:57.338+0000] {dag.py:3427} INFO - Setting next_dagrun for example_external_task_marker_child to None, run_after=None
[2023-01-12T16:23:57.345+0000] {logging_mixin.py:137} INFO - [2023-01-12T16:23:57.345+0000] {dag.py:3427} INFO - Setting next_dagrun for example_external_task_marker_parent to None, run_after=None
[2023-01-12T16:23:57.373+0000] {processor.py:175} INFO - Processing /home/airflow/.local/lib/python3.7/site-packages/airflow/example_dags/example_external_task_marker_dag.py took 0.169 seconds
[2023-01-12T16:24:27.949+0000] {processor.py:153} INFO - Started process (PID=518) to work on /home/airflow/.local/lib/python3.7/site-packages/airflow/example_dags/example_external_task_marker_dag.py
[2023-01-12T16:24:27.950+0000] {processor.py:743} INFO - Processing file /home/airflow/.local/lib/python3.7/site-packages/airflow/example_dags/example_external_task_marker_dag.py for tasks to queue
[2023-01-12T16:24:27.951+0000] {logging_mixin.py:137} INFO - [2023-01-12T16:24:27.951+0000] {dagbag.py:538} INFO - Filling up the DagBag from /home/airflow/.local/lib/python3.7/site-packages/airflow/example_dags/example_external_task_marker_dag.py
[2023-01-12T16:24:27.981+0000] {processor.py:753} INFO - DAG(s) dict_keys(['example_external_task_marker_child', 'example_external_task_marker_parent']) retrieved from /home/airflow/.local/lib/python3.7/site-packages/airflow/example_dags/example_external_task_marker_dag.py
[2023-01-12T16:24:28.054+0000] {logging_mixin.py:137} INFO - [2023-01-12T16:24:28.054+0000] {dag.py:2676} INFO - Sync 2 DAGs
[2023-01-12T16:24:28.094+0000] {logging_mixin.py:137} INFO - [2023-01-12T16:24:28.093+0000] {dag.py:3427} INFO - Setting next_dagrun for example_external_task_marker_child to None, run_after=None
[2023-01-12T16:24:28.099+0000] {logging_mixin.py:137} INFO - [2023-01-12T16:24:28.099+0000] {dag.py:3427} INFO - Setting next_dagrun for example_external_task_marker_parent to None, run_after=None
[2023-01-12T16:24:28.128+0000] {processor.py:175} INFO - Processing /home/airflow/.local/lib/python3.7/site-packages/airflow/example_dags/example_external_task_marker_dag.py took 0.187 seconds
[2023-01-12T16:24:58.624+0000] {processor.py:153} INFO - Started process (PID=582) to work on /home/airflow/.local/lib/python3.7/site-packages/airflow/example_dags/example_external_task_marker_dag.py
[2023-01-12T16:24:58.625+0000] {processor.py:743} INFO - Processing file /home/airflow/.local/lib/python3.7/site-packages/airflow/example_dags/example_external_task_marker_dag.py for tasks to queue
[2023-01-12T16:24:58.626+0000] {logging_mixin.py:137} INFO - [2023-01-12T16:24:58.626+0000] {dagbag.py:538} INFO - Filling up the DagBag from /home/airflow/.local/lib/python3.7/site-packages/airflow/example_dags/example_external_task_marker_dag.py
[2023-01-12T16:24:58.648+0000] {processor.py:753} INFO - DAG(s) dict_keys(['example_external_task_marker_child', 'example_external_task_marker_parent']) retrieved from /home/airflow/.local/lib/python3.7/site-packages/airflow/example_dags/example_external_task_marker_dag.py
[2023-01-12T16:24:58.718+0000] {logging_mixin.py:137} INFO - [2023-01-12T16:24:58.718+0000] {dag.py:2676} INFO - Sync 2 DAGs
[2023-01-12T16:24:58.767+0000] {logging_mixin.py:137} INFO - [2023-01-12T16:24:58.766+0000] {dag.py:3427} INFO - Setting next_dagrun for example_external_task_marker_child to None, run_after=None
[2023-01-12T16:24:58.772+0000] {logging_mixin.py:137} INFO - [2023-01-12T16:24:58.772+0000] {dag.py:3427} INFO - Setting next_dagrun for example_external_task_marker_parent to None, run_after=None
[2023-01-12T16:24:58.801+0000] {processor.py:175} INFO - Processing /home/airflow/.local/lib/python3.7/site-packages/airflow/example_dags/example_external_task_marker_dag.py took 0.182 seconds
[2023-01-12T16:25:29.057+0000] {processor.py:153} INFO - Started process (PID=644) to work on /home/airflow/.local/lib/python3.7/site-packages/airflow/example_dags/example_external_task_marker_dag.py
[2023-01-12T16:25:29.059+0000] {processor.py:743} INFO - Processing file /home/airflow/.local/lib/python3.7/site-packages/airflow/example_dags/example_external_task_marker_dag.py for tasks to queue
[2023-01-12T16:25:29.060+0000] {logging_mixin.py:137} INFO - [2023-01-12T16:25:29.060+0000] {dagbag.py:538} INFO - Filling up the DagBag from /home/airflow/.local/lib/python3.7/site-packages/airflow/example_dags/example_external_task_marker_dag.py
[2023-01-12T16:25:29.094+0000] {processor.py:753} INFO - DAG(s) dict_keys(['example_external_task_marker_child', 'example_external_task_marker_parent']) retrieved from /home/airflow/.local/lib/python3.7/site-packages/airflow/example_dags/example_external_task_marker_dag.py
[2023-01-12T16:25:29.181+0000] {logging_mixin.py:137} INFO - [2023-01-12T16:25:29.181+0000] {dag.py:2676} INFO - Sync 2 DAGs
[2023-01-12T16:25:29.226+0000] {logging_mixin.py:137} INFO - [2023-01-12T16:25:29.226+0000] {dag.py:3427} INFO - Setting next_dagrun for example_external_task_marker_child to None, run_after=None
[2023-01-12T16:25:29.233+0000] {logging_mixin.py:137} INFO - [2023-01-12T16:25:29.233+0000] {dag.py:3427} INFO - Setting next_dagrun for example_external_task_marker_parent to None, run_after=None
[2023-01-12T16:25:29.267+0000] {processor.py:175} INFO - Processing /home/airflow/.local/lib/python3.7/site-packages/airflow/example_dags/example_external_task_marker_dag.py took 0.219 seconds
