[2023-01-12T16:20:51.528+0000] {processor.py:153} INFO - Started process (PID=52) to work on /home/airflow/.local/lib/python3.7/site-packages/airflow/example_dags/example_latest_only.py
[2023-01-12T16:20:51.531+0000] {processor.py:743} INFO - Processing file /home/airflow/.local/lib/python3.7/site-packages/airflow/example_dags/example_latest_only.py for tasks to queue
[2023-01-12T16:20:51.545+0000] {logging_mixin.py:137} INFO - [2023-01-12T16:20:51.544+0000] {dagbag.py:538} INFO - Filling up the DagBag from /home/airflow/.local/lib/python3.7/site-packages/airflow/example_dags/example_latest_only.py
[2023-01-12T16:20:51.623+0000] {processor.py:753} INFO - DAG(s) dict_keys(['latest_only']) retrieved from /home/airflow/.local/lib/python3.7/site-packages/airflow/example_dags/example_latest_only.py
[2023-01-12T16:20:51.745+0000] {logging_mixin.py:137} INFO - [2023-01-12T16:20:51.745+0000] {dag.py:2676} INFO - Sync 1 DAGs
[2023-01-12T16:20:51.794+0000] {logging_mixin.py:137} INFO - [2023-01-12T16:20:51.794+0000] {dag.py:3427} INFO - Setting next_dagrun for latest_only to 2023-01-12T12:20:51.793988+00:00, run_after=2023-01-12T16:20:51.793988+00:00
[2023-01-12T16:20:51.858+0000] {processor.py:175} INFO - Processing /home/airflow/.local/lib/python3.7/site-packages/airflow/example_dags/example_latest_only.py took 0.351 seconds
[2023-01-12T16:21:22.323+0000] {processor.py:153} INFO - Started process (PID=114) to work on /home/airflow/.local/lib/python3.7/site-packages/airflow/example_dags/example_latest_only.py
[2023-01-12T16:21:22.324+0000] {processor.py:743} INFO - Processing file /home/airflow/.local/lib/python3.7/site-packages/airflow/example_dags/example_latest_only.py for tasks to queue
[2023-01-12T16:21:22.325+0000] {logging_mixin.py:137} INFO - [2023-01-12T16:21:22.325+0000] {dagbag.py:538} INFO - Filling up the DagBag from /home/airflow/.local/lib/python3.7/site-packages/airflow/example_dags/example_latest_only.py
[2023-01-12T16:21:22.354+0000] {processor.py:753} INFO - DAG(s) dict_keys(['latest_only']) retrieved from /home/airflow/.local/lib/python3.7/site-packages/airflow/example_dags/example_latest_only.py
[2023-01-12T16:21:22.418+0000] {logging_mixin.py:137} INFO - [2023-01-12T16:21:22.418+0000] {dag.py:2676} INFO - Sync 1 DAGs
[2023-01-12T16:21:22.462+0000] {logging_mixin.py:137} INFO - [2023-01-12T16:21:22.462+0000] {dag.py:3427} INFO - Setting next_dagrun for latest_only to 2023-01-12T12:21:22.461946+00:00, run_after=2023-01-12T16:21:22.461946+00:00
[2023-01-12T16:21:22.492+0000] {processor.py:175} INFO - Processing /home/airflow/.local/lib/python3.7/site-packages/airflow/example_dags/example_latest_only.py took 0.175 seconds
[2023-01-12T16:21:52.716+0000] {processor.py:153} INFO - Started process (PID=176) to work on /home/airflow/.local/lib/python3.7/site-packages/airflow/example_dags/example_latest_only.py
[2023-01-12T16:21:52.717+0000] {processor.py:743} INFO - Processing file /home/airflow/.local/lib/python3.7/site-packages/airflow/example_dags/example_latest_only.py for tasks to queue
[2023-01-12T16:21:52.718+0000] {logging_mixin.py:137} INFO - [2023-01-12T16:21:52.718+0000] {dagbag.py:538} INFO - Filling up the DagBag from /home/airflow/.local/lib/python3.7/site-packages/airflow/example_dags/example_latest_only.py
[2023-01-12T16:21:52.740+0000] {processor.py:753} INFO - DAG(s) dict_keys(['latest_only']) retrieved from /home/airflow/.local/lib/python3.7/site-packages/airflow/example_dags/example_latest_only.py
[2023-01-12T16:21:52.804+0000] {logging_mixin.py:137} INFO - [2023-01-12T16:21:52.804+0000] {dag.py:2676} INFO - Sync 1 DAGs
[2023-01-12T16:21:52.846+0000] {logging_mixin.py:137} INFO - [2023-01-12T16:21:52.845+0000] {dag.py:3427} INFO - Setting next_dagrun for latest_only to 2023-01-12T12:21:52.845391+00:00, run_after=2023-01-12T16:21:52.845391+00:00
[2023-01-12T16:21:52.879+0000] {processor.py:175} INFO - Processing /home/airflow/.local/lib/python3.7/site-packages/airflow/example_dags/example_latest_only.py took 0.168 seconds
[2023-01-12T16:22:23.784+0000] {processor.py:153} INFO - Started process (PID=251) to work on /home/airflow/.local/lib/python3.7/site-packages/airflow/example_dags/example_latest_only.py
[2023-01-12T16:22:23.786+0000] {processor.py:743} INFO - Processing file /home/airflow/.local/lib/python3.7/site-packages/airflow/example_dags/example_latest_only.py for tasks to queue
[2023-01-12T16:22:23.788+0000] {logging_mixin.py:137} INFO - [2023-01-12T16:22:23.787+0000] {dagbag.py:538} INFO - Filling up the DagBag from /home/airflow/.local/lib/python3.7/site-packages/airflow/example_dags/example_latest_only.py
[2023-01-12T16:22:23.819+0000] {processor.py:753} INFO - DAG(s) dict_keys(['latest_only']) retrieved from /home/airflow/.local/lib/python3.7/site-packages/airflow/example_dags/example_latest_only.py
[2023-01-12T16:22:23.897+0000] {logging_mixin.py:137} INFO - [2023-01-12T16:22:23.897+0000] {dag.py:2676} INFO - Sync 1 DAGs
[2023-01-12T16:22:23.949+0000] {logging_mixin.py:137} INFO - [2023-01-12T16:22:23.949+0000] {dag.py:3427} INFO - Setting next_dagrun for latest_only to 2023-01-12T12:22:23.949051+00:00, run_after=2023-01-12T16:22:23.949051+00:00
[2023-01-12T16:22:23.987+0000] {processor.py:175} INFO - Processing /home/airflow/.local/lib/python3.7/site-packages/airflow/example_dags/example_latest_only.py took 0.210 seconds
[2023-01-12T16:22:54.069+0000] {processor.py:153} INFO - Started process (PID=313) to work on /home/airflow/.local/lib/python3.7/site-packages/airflow/example_dags/example_latest_only.py
[2023-01-12T16:22:54.071+0000] {processor.py:743} INFO - Processing file /home/airflow/.local/lib/python3.7/site-packages/airflow/example_dags/example_latest_only.py for tasks to queue
[2023-01-12T16:22:54.073+0000] {logging_mixin.py:137} INFO - [2023-01-12T16:22:54.072+0000] {dagbag.py:538} INFO - Filling up the DagBag from /home/airflow/.local/lib/python3.7/site-packages/airflow/example_dags/example_latest_only.py
[2023-01-12T16:22:54.101+0000] {processor.py:753} INFO - DAG(s) dict_keys(['latest_only']) retrieved from /home/airflow/.local/lib/python3.7/site-packages/airflow/example_dags/example_latest_only.py
[2023-01-12T16:22:54.179+0000] {logging_mixin.py:137} INFO - [2023-01-12T16:22:54.179+0000] {dag.py:2676} INFO - Sync 1 DAGs
[2023-01-12T16:22:54.261+0000] {logging_mixin.py:137} INFO - [2023-01-12T16:22:54.261+0000] {dag.py:3427} INFO - Setting next_dagrun for latest_only to 2023-01-12T12:22:54.260622+00:00, run_after=2023-01-12T16:22:54.260622+00:00
[2023-01-12T16:22:54.319+0000] {processor.py:175} INFO - Processing /home/airflow/.local/lib/python3.7/site-packages/airflow/example_dags/example_latest_only.py took 0.257 seconds
[2023-01-12T16:23:24.577+0000] {processor.py:153} INFO - Started process (PID=375) to work on /home/airflow/.local/lib/python3.7/site-packages/airflow/example_dags/example_latest_only.py
[2023-01-12T16:23:24.578+0000] {processor.py:743} INFO - Processing file /home/airflow/.local/lib/python3.7/site-packages/airflow/example_dags/example_latest_only.py for tasks to queue
[2023-01-12T16:23:24.579+0000] {logging_mixin.py:137} INFO - [2023-01-12T16:23:24.579+0000] {dagbag.py:538} INFO - Filling up the DagBag from /home/airflow/.local/lib/python3.7/site-packages/airflow/example_dags/example_latest_only.py
[2023-01-12T16:23:24.602+0000] {processor.py:753} INFO - DAG(s) dict_keys(['latest_only']) retrieved from /home/airflow/.local/lib/python3.7/site-packages/airflow/example_dags/example_latest_only.py
[2023-01-12T16:23:24.669+0000] {logging_mixin.py:137} INFO - [2023-01-12T16:23:24.669+0000] {dag.py:2676} INFO - Sync 1 DAGs
[2023-01-12T16:23:24.713+0000] {logging_mixin.py:137} INFO - [2023-01-12T16:23:24.713+0000] {dag.py:3427} INFO - Setting next_dagrun for latest_only to 2023-01-12T12:23:24.713323+00:00, run_after=2023-01-12T16:23:24.713323+00:00
[2023-01-12T16:23:24.744+0000] {processor.py:175} INFO - Processing /home/airflow/.local/lib/python3.7/site-packages/airflow/example_dags/example_latest_only.py took 0.173 seconds
[2023-01-12T16:23:55.161+0000] {processor.py:153} INFO - Started process (PID=437) to work on /home/airflow/.local/lib/python3.7/site-packages/airflow/example_dags/example_latest_only.py
[2023-01-12T16:23:55.162+0000] {processor.py:743} INFO - Processing file /home/airflow/.local/lib/python3.7/site-packages/airflow/example_dags/example_latest_only.py for tasks to queue
[2023-01-12T16:23:55.163+0000] {logging_mixin.py:137} INFO - [2023-01-12T16:23:55.163+0000] {dagbag.py:538} INFO - Filling up the DagBag from /home/airflow/.local/lib/python3.7/site-packages/airflow/example_dags/example_latest_only.py
[2023-01-12T16:23:55.185+0000] {processor.py:753} INFO - DAG(s) dict_keys(['latest_only']) retrieved from /home/airflow/.local/lib/python3.7/site-packages/airflow/example_dags/example_latest_only.py
[2023-01-12T16:23:55.246+0000] {logging_mixin.py:137} INFO - [2023-01-12T16:23:55.246+0000] {dag.py:2676} INFO - Sync 1 DAGs
[2023-01-12T16:23:55.296+0000] {logging_mixin.py:137} INFO - [2023-01-12T16:23:55.296+0000] {dag.py:3427} INFO - Setting next_dagrun for latest_only to 2023-01-12T12:23:55.296057+00:00, run_after=2023-01-12T16:23:55.296057+00:00
[2023-01-12T16:23:55.332+0000] {processor.py:175} INFO - Processing /home/airflow/.local/lib/python3.7/site-packages/airflow/example_dags/example_latest_only.py took 0.176 seconds
[2023-01-12T16:24:25.746+0000] {processor.py:153} INFO - Started process (PID=499) to work on /home/airflow/.local/lib/python3.7/site-packages/airflow/example_dags/example_latest_only.py
[2023-01-12T16:24:25.747+0000] {processor.py:743} INFO - Processing file /home/airflow/.local/lib/python3.7/site-packages/airflow/example_dags/example_latest_only.py for tasks to queue
[2023-01-12T16:24:25.748+0000] {logging_mixin.py:137} INFO - [2023-01-12T16:24:25.748+0000] {dagbag.py:538} INFO - Filling up the DagBag from /home/airflow/.local/lib/python3.7/site-packages/airflow/example_dags/example_latest_only.py
[2023-01-12T16:24:25.781+0000] {processor.py:753} INFO - DAG(s) dict_keys(['latest_only']) retrieved from /home/airflow/.local/lib/python3.7/site-packages/airflow/example_dags/example_latest_only.py
[2023-01-12T16:24:25.882+0000] {logging_mixin.py:137} INFO - [2023-01-12T16:24:25.882+0000] {dag.py:2676} INFO - Sync 1 DAGs
[2023-01-12T16:24:25.954+0000] {logging_mixin.py:137} INFO - [2023-01-12T16:24:25.953+0000] {dag.py:3427} INFO - Setting next_dagrun for latest_only to 2023-01-12T12:24:25.953280+00:00, run_after=2023-01-12T16:24:25.953280+00:00
[2023-01-12T16:24:25.988+0000] {processor.py:175} INFO - Processing /home/airflow/.local/lib/python3.7/site-packages/airflow/example_dags/example_latest_only.py took 0.249 seconds
[2023-01-12T16:24:56.455+0000] {processor.py:153} INFO - Started process (PID=572) to work on /home/airflow/.local/lib/python3.7/site-packages/airflow/example_dags/example_latest_only.py
[2023-01-12T16:24:56.457+0000] {processor.py:743} INFO - Processing file /home/airflow/.local/lib/python3.7/site-packages/airflow/example_dags/example_latest_only.py for tasks to queue
[2023-01-12T16:24:56.458+0000] {logging_mixin.py:137} INFO - [2023-01-12T16:24:56.457+0000] {dagbag.py:538} INFO - Filling up the DagBag from /home/airflow/.local/lib/python3.7/site-packages/airflow/example_dags/example_latest_only.py
[2023-01-12T16:24:56.480+0000] {processor.py:753} INFO - DAG(s) dict_keys(['latest_only']) retrieved from /home/airflow/.local/lib/python3.7/site-packages/airflow/example_dags/example_latest_only.py
[2023-01-12T16:24:56.540+0000] {logging_mixin.py:137} INFO - [2023-01-12T16:24:56.540+0000] {dag.py:2676} INFO - Sync 1 DAGs
[2023-01-12T16:24:56.578+0000] {logging_mixin.py:137} INFO - [2023-01-12T16:24:56.578+0000] {dag.py:3427} INFO - Setting next_dagrun for latest_only to 2023-01-12T12:24:56.577575+00:00, run_after=2023-01-12T16:24:56.577575+00:00
[2023-01-12T16:24:56.622+0000] {processor.py:175} INFO - Processing /home/airflow/.local/lib/python3.7/site-packages/airflow/example_dags/example_latest_only.py took 0.171 seconds
[2023-01-12T16:25:26.758+0000] {processor.py:153} INFO - Started process (PID=634) to work on /home/airflow/.local/lib/python3.7/site-packages/airflow/example_dags/example_latest_only.py
[2023-01-12T16:25:26.762+0000] {processor.py:743} INFO - Processing file /home/airflow/.local/lib/python3.7/site-packages/airflow/example_dags/example_latest_only.py for tasks to queue
[2023-01-12T16:25:26.764+0000] {logging_mixin.py:137} INFO - [2023-01-12T16:25:26.763+0000] {dagbag.py:538} INFO - Filling up the DagBag from /home/airflow/.local/lib/python3.7/site-packages/airflow/example_dags/example_latest_only.py
[2023-01-12T16:25:26.794+0000] {processor.py:753} INFO - DAG(s) dict_keys(['latest_only']) retrieved from /home/airflow/.local/lib/python3.7/site-packages/airflow/example_dags/example_latest_only.py
[2023-01-12T16:25:26.865+0000] {logging_mixin.py:137} INFO - [2023-01-12T16:25:26.865+0000] {dag.py:2676} INFO - Sync 1 DAGs
[2023-01-12T16:25:26.906+0000] {logging_mixin.py:137} INFO - [2023-01-12T16:25:26.905+0000] {dag.py:3427} INFO - Setting next_dagrun for latest_only to 2023-01-12T12:25:26.905466+00:00, run_after=2023-01-12T16:25:26.905466+00:00
[2023-01-12T16:25:26.942+0000] {processor.py:175} INFO - Processing /home/airflow/.local/lib/python3.7/site-packages/airflow/example_dags/example_latest_only.py took 0.190 seconds
