[2023-01-12T16:20:53.679+0000] {processor.py:153} INFO - Started process (PID=64) to work on /home/airflow/.local/lib/python3.7/site-packages/airflow/example_dags/example_branch_operator.py
[2023-01-12T16:20:53.681+0000] {processor.py:743} INFO - Processing file /home/airflow/.local/lib/python3.7/site-packages/airflow/example_dags/example_branch_operator.py for tasks to queue
[2023-01-12T16:20:53.682+0000] {logging_mixin.py:137} INFO - [2023-01-12T16:20:53.682+0000] {dagbag.py:538} INFO - Filling up the DagBag from /home/airflow/.local/lib/python3.7/site-packages/airflow/example_dags/example_branch_operator.py
[2023-01-12T16:20:53.724+0000] {processor.py:753} INFO - DAG(s) dict_keys(['example_branch_operator']) retrieved from /home/airflow/.local/lib/python3.7/site-packages/airflow/example_dags/example_branch_operator.py
[2023-01-12T16:20:53.792+0000] {logging_mixin.py:137} INFO - [2023-01-12T16:20:53.791+0000] {dag.py:2676} INFO - Sync 1 DAGs
[2023-01-12T16:20:53.840+0000] {logging_mixin.py:137} INFO - [2023-01-12T16:20:53.840+0000] {dag.py:3427} INFO - Setting next_dagrun for example_branch_operator to 2023-01-11T00:00:00+00:00, run_after=2023-01-12T00:00:00+00:00
[2023-01-12T16:20:53.894+0000] {processor.py:175} INFO - Processing /home/airflow/.local/lib/python3.7/site-packages/airflow/example_dags/example_branch_operator.py took 0.220 seconds
[2023-01-12T16:21:24.112+0000] {processor.py:153} INFO - Started process (PID=126) to work on /home/airflow/.local/lib/python3.7/site-packages/airflow/example_dags/example_branch_operator.py
[2023-01-12T16:21:24.113+0000] {processor.py:743} INFO - Processing file /home/airflow/.local/lib/python3.7/site-packages/airflow/example_dags/example_branch_operator.py for tasks to queue
[2023-01-12T16:21:24.114+0000] {logging_mixin.py:137} INFO - [2023-01-12T16:21:24.114+0000] {dagbag.py:538} INFO - Filling up the DagBag from /home/airflow/.local/lib/python3.7/site-packages/airflow/example_dags/example_branch_operator.py
[2023-01-12T16:21:24.149+0000] {processor.py:753} INFO - DAG(s) dict_keys(['example_branch_operator']) retrieved from /home/airflow/.local/lib/python3.7/site-packages/airflow/example_dags/example_branch_operator.py
[2023-01-12T16:21:24.211+0000] {logging_mixin.py:137} INFO - [2023-01-12T16:21:24.211+0000] {dag.py:2676} INFO - Sync 1 DAGs
[2023-01-12T16:21:24.255+0000] {logging_mixin.py:137} INFO - [2023-01-12T16:21:24.255+0000] {dag.py:3427} INFO - Setting next_dagrun for example_branch_operator to 2023-01-11T00:00:00+00:00, run_after=2023-01-12T00:00:00+00:00
[2023-01-12T16:21:24.289+0000] {processor.py:175} INFO - Processing /home/airflow/.local/lib/python3.7/site-packages/airflow/example_dags/example_branch_operator.py took 0.182 seconds
[2023-01-12T16:21:55.037+0000] {processor.py:153} INFO - Started process (PID=197) to work on /home/airflow/.local/lib/python3.7/site-packages/airflow/example_dags/example_branch_operator.py
[2023-01-12T16:21:55.039+0000] {processor.py:743} INFO - Processing file /home/airflow/.local/lib/python3.7/site-packages/airflow/example_dags/example_branch_operator.py for tasks to queue
[2023-01-12T16:21:55.040+0000] {logging_mixin.py:137} INFO - [2023-01-12T16:21:55.040+0000] {dagbag.py:538} INFO - Filling up the DagBag from /home/airflow/.local/lib/python3.7/site-packages/airflow/example_dags/example_branch_operator.py
[2023-01-12T16:21:55.079+0000] {processor.py:753} INFO - DAG(s) dict_keys(['example_branch_operator']) retrieved from /home/airflow/.local/lib/python3.7/site-packages/airflow/example_dags/example_branch_operator.py
[2023-01-12T16:21:55.154+0000] {logging_mixin.py:137} INFO - [2023-01-12T16:21:55.154+0000] {dag.py:2676} INFO - Sync 1 DAGs
[2023-01-12T16:21:55.198+0000] {logging_mixin.py:137} INFO - [2023-01-12T16:21:55.198+0000] {dag.py:3427} INFO - Setting next_dagrun for example_branch_operator to 2023-01-11T00:00:00+00:00, run_after=2023-01-12T00:00:00+00:00
[2023-01-12T16:21:55.228+0000] {processor.py:175} INFO - Processing /home/airflow/.local/lib/python3.7/site-packages/airflow/example_dags/example_branch_operator.py took 0.198 seconds
[2023-01-12T16:22:25.589+0000] {processor.py:153} INFO - Started process (PID=263) to work on /home/airflow/.local/lib/python3.7/site-packages/airflow/example_dags/example_branch_operator.py
[2023-01-12T16:22:25.591+0000] {processor.py:743} INFO - Processing file /home/airflow/.local/lib/python3.7/site-packages/airflow/example_dags/example_branch_operator.py for tasks to queue
[2023-01-12T16:22:25.592+0000] {logging_mixin.py:137} INFO - [2023-01-12T16:22:25.592+0000] {dagbag.py:538} INFO - Filling up the DagBag from /home/airflow/.local/lib/python3.7/site-packages/airflow/example_dags/example_branch_operator.py
[2023-01-12T16:22:25.622+0000] {processor.py:753} INFO - DAG(s) dict_keys(['example_branch_operator']) retrieved from /home/airflow/.local/lib/python3.7/site-packages/airflow/example_dags/example_branch_operator.py
[2023-01-12T16:22:25.697+0000] {logging_mixin.py:137} INFO - [2023-01-12T16:22:25.697+0000] {dag.py:2676} INFO - Sync 1 DAGs
[2023-01-12T16:22:25.745+0000] {logging_mixin.py:137} INFO - [2023-01-12T16:22:25.745+0000] {dag.py:3427} INFO - Setting next_dagrun for example_branch_operator to 2023-01-11T00:00:00+00:00, run_after=2023-01-12T00:00:00+00:00
[2023-01-12T16:22:25.781+0000] {processor.py:175} INFO - Processing /home/airflow/.local/lib/python3.7/site-packages/airflow/example_dags/example_branch_operator.py took 0.197 seconds
[2023-01-12T16:22:56.581+0000] {processor.py:153} INFO - Started process (PID=325) to work on /home/airflow/.local/lib/python3.7/site-packages/airflow/example_dags/example_branch_operator.py
[2023-01-12T16:22:56.583+0000] {processor.py:743} INFO - Processing file /home/airflow/.local/lib/python3.7/site-packages/airflow/example_dags/example_branch_operator.py for tasks to queue
[2023-01-12T16:22:56.584+0000] {logging_mixin.py:137} INFO - [2023-01-12T16:22:56.584+0000] {dagbag.py:538} INFO - Filling up the DagBag from /home/airflow/.local/lib/python3.7/site-packages/airflow/example_dags/example_branch_operator.py
[2023-01-12T16:22:56.616+0000] {processor.py:753} INFO - DAG(s) dict_keys(['example_branch_operator']) retrieved from /home/airflow/.local/lib/python3.7/site-packages/airflow/example_dags/example_branch_operator.py
[2023-01-12T16:22:56.686+0000] {logging_mixin.py:137} INFO - [2023-01-12T16:22:56.686+0000] {dag.py:2676} INFO - Sync 1 DAGs
[2023-01-12T16:22:56.734+0000] {logging_mixin.py:137} INFO - [2023-01-12T16:22:56.734+0000] {dag.py:3427} INFO - Setting next_dagrun for example_branch_operator to 2023-01-11T00:00:00+00:00, run_after=2023-01-12T00:00:00+00:00
[2023-01-12T16:22:56.769+0000] {processor.py:175} INFO - Processing /home/airflow/.local/lib/python3.7/site-packages/airflow/example_dags/example_branch_operator.py took 0.194 seconds
[2023-01-12T16:23:27.029+0000] {processor.py:153} INFO - Started process (PID=387) to work on /home/airflow/.local/lib/python3.7/site-packages/airflow/example_dags/example_branch_operator.py
[2023-01-12T16:23:27.031+0000] {processor.py:743} INFO - Processing file /home/airflow/.local/lib/python3.7/site-packages/airflow/example_dags/example_branch_operator.py for tasks to queue
[2023-01-12T16:23:27.032+0000] {logging_mixin.py:137} INFO - [2023-01-12T16:23:27.032+0000] {dagbag.py:538} INFO - Filling up the DagBag from /home/airflow/.local/lib/python3.7/site-packages/airflow/example_dags/example_branch_operator.py
[2023-01-12T16:23:27.062+0000] {processor.py:753} INFO - DAG(s) dict_keys(['example_branch_operator']) retrieved from /home/airflow/.local/lib/python3.7/site-packages/airflow/example_dags/example_branch_operator.py
[2023-01-12T16:23:27.135+0000] {logging_mixin.py:137} INFO - [2023-01-12T16:23:27.134+0000] {dag.py:2676} INFO - Sync 1 DAGs
[2023-01-12T16:23:27.181+0000] {logging_mixin.py:137} INFO - [2023-01-12T16:23:27.181+0000] {dag.py:3427} INFO - Setting next_dagrun for example_branch_operator to 2023-01-11T00:00:00+00:00, run_after=2023-01-12T00:00:00+00:00
[2023-01-12T16:23:27.217+0000] {processor.py:175} INFO - Processing /home/airflow/.local/lib/python3.7/site-packages/airflow/example_dags/example_branch_operator.py took 0.194 seconds
[2023-01-12T16:23:57.409+0000] {processor.py:153} INFO - Started process (PID=449) to work on /home/airflow/.local/lib/python3.7/site-packages/airflow/example_dags/example_branch_operator.py
[2023-01-12T16:23:57.411+0000] {processor.py:743} INFO - Processing file /home/airflow/.local/lib/python3.7/site-packages/airflow/example_dags/example_branch_operator.py for tasks to queue
[2023-01-12T16:23:57.412+0000] {logging_mixin.py:137} INFO - [2023-01-12T16:23:57.412+0000] {dagbag.py:538} INFO - Filling up the DagBag from /home/airflow/.local/lib/python3.7/site-packages/airflow/example_dags/example_branch_operator.py
[2023-01-12T16:23:57.440+0000] {processor.py:753} INFO - DAG(s) dict_keys(['example_branch_operator']) retrieved from /home/airflow/.local/lib/python3.7/site-packages/airflow/example_dags/example_branch_operator.py
[2023-01-12T16:23:57.505+0000] {logging_mixin.py:137} INFO - [2023-01-12T16:23:57.505+0000] {dag.py:2676} INFO - Sync 1 DAGs
[2023-01-12T16:23:57.551+0000] {logging_mixin.py:137} INFO - [2023-01-12T16:23:57.551+0000] {dag.py:3427} INFO - Setting next_dagrun for example_branch_operator to 2023-01-11T00:00:00+00:00, run_after=2023-01-12T00:00:00+00:00
[2023-01-12T16:23:57.587+0000] {processor.py:175} INFO - Processing /home/airflow/.local/lib/python3.7/site-packages/airflow/example_dags/example_branch_operator.py took 0.183 seconds
[2023-01-12T16:24:28.153+0000] {processor.py:153} INFO - Started process (PID=523) to work on /home/airflow/.local/lib/python3.7/site-packages/airflow/example_dags/example_branch_operator.py
[2023-01-12T16:24:28.154+0000] {processor.py:743} INFO - Processing file /home/airflow/.local/lib/python3.7/site-packages/airflow/example_dags/example_branch_operator.py for tasks to queue
[2023-01-12T16:24:28.156+0000] {logging_mixin.py:137} INFO - [2023-01-12T16:24:28.155+0000] {dagbag.py:538} INFO - Filling up the DagBag from /home/airflow/.local/lib/python3.7/site-packages/airflow/example_dags/example_branch_operator.py
[2023-01-12T16:24:28.204+0000] {processor.py:753} INFO - DAG(s) dict_keys(['example_branch_operator']) retrieved from /home/airflow/.local/lib/python3.7/site-packages/airflow/example_dags/example_branch_operator.py
[2023-01-12T16:24:28.304+0000] {logging_mixin.py:137} INFO - [2023-01-12T16:24:28.304+0000] {dag.py:2676} INFO - Sync 1 DAGs
[2023-01-12T16:24:28.354+0000] {logging_mixin.py:137} INFO - [2023-01-12T16:24:28.354+0000] {dag.py:3427} INFO - Setting next_dagrun for example_branch_operator to 2023-01-11T00:00:00+00:00, run_after=2023-01-12T00:00:00+00:00
[2023-01-12T16:24:28.407+0000] {processor.py:175} INFO - Processing /home/airflow/.local/lib/python3.7/site-packages/airflow/example_dags/example_branch_operator.py took 0.260 seconds
[2023-01-12T16:24:58.832+0000] {processor.py:153} INFO - Started process (PID=584) to work on /home/airflow/.local/lib/python3.7/site-packages/airflow/example_dags/example_branch_operator.py
[2023-01-12T16:24:58.834+0000] {processor.py:743} INFO - Processing file /home/airflow/.local/lib/python3.7/site-packages/airflow/example_dags/example_branch_operator.py for tasks to queue
[2023-01-12T16:24:58.835+0000] {logging_mixin.py:137} INFO - [2023-01-12T16:24:58.835+0000] {dagbag.py:538} INFO - Filling up the DagBag from /home/airflow/.local/lib/python3.7/site-packages/airflow/example_dags/example_branch_operator.py
[2023-01-12T16:24:58.866+0000] {processor.py:753} INFO - DAG(s) dict_keys(['example_branch_operator']) retrieved from /home/airflow/.local/lib/python3.7/site-packages/airflow/example_dags/example_branch_operator.py
[2023-01-12T16:24:58.935+0000] {logging_mixin.py:137} INFO - [2023-01-12T16:24:58.935+0000] {dag.py:2676} INFO - Sync 1 DAGs
[2023-01-12T16:24:58.979+0000] {logging_mixin.py:137} INFO - [2023-01-12T16:24:58.979+0000] {dag.py:3427} INFO - Setting next_dagrun for example_branch_operator to 2023-01-11T00:00:00+00:00, run_after=2023-01-12T00:00:00+00:00
[2023-01-12T16:24:59.011+0000] {processor.py:175} INFO - Processing /home/airflow/.local/lib/python3.7/site-packages/airflow/example_dags/example_branch_operator.py took 0.184 seconds
[2023-01-12T16:25:29.277+0000] {processor.py:153} INFO - Started process (PID=646) to work on /home/airflow/.local/lib/python3.7/site-packages/airflow/example_dags/example_branch_operator.py
[2023-01-12T16:25:29.278+0000] {processor.py:743} INFO - Processing file /home/airflow/.local/lib/python3.7/site-packages/airflow/example_dags/example_branch_operator.py for tasks to queue
[2023-01-12T16:25:29.279+0000] {logging_mixin.py:137} INFO - [2023-01-12T16:25:29.279+0000] {dagbag.py:538} INFO - Filling up the DagBag from /home/airflow/.local/lib/python3.7/site-packages/airflow/example_dags/example_branch_operator.py
[2023-01-12T16:25:29.309+0000] {processor.py:753} INFO - DAG(s) dict_keys(['example_branch_operator']) retrieved from /home/airflow/.local/lib/python3.7/site-packages/airflow/example_dags/example_branch_operator.py
[2023-01-12T16:25:29.375+0000] {logging_mixin.py:137} INFO - [2023-01-12T16:25:29.375+0000] {dag.py:2676} INFO - Sync 1 DAGs
[2023-01-12T16:25:29.420+0000] {logging_mixin.py:137} INFO - [2023-01-12T16:25:29.420+0000] {dag.py:3427} INFO - Setting next_dagrun for example_branch_operator to 2023-01-11T00:00:00+00:00, run_after=2023-01-12T00:00:00+00:00
[2023-01-12T16:25:29.456+0000] {processor.py:175} INFO - Processing /home/airflow/.local/lib/python3.7/site-packages/airflow/example_dags/example_branch_operator.py took 0.185 seconds
