[2023-01-12T16:20:55.757+0000] {processor.py:153} INFO - Started process (PID=77) to work on /home/airflow/.local/lib/python3.7/site-packages/airflow/example_dags/example_branch_datetime_operator.py
[2023-01-12T16:20:55.760+0000] {processor.py:743} INFO - Processing file /home/airflow/.local/lib/python3.7/site-packages/airflow/example_dags/example_branch_datetime_operator.py for tasks to queue
[2023-01-12T16:20:55.762+0000] {logging_mixin.py:137} INFO - [2023-01-12T16:20:55.762+0000] {dagbag.py:538} INFO - Filling up the DagBag from /home/airflow/.local/lib/python3.7/site-packages/airflow/example_dags/example_branch_datetime_operator.py
[2023-01-12T16:20:55.823+0000] {processor.py:753} INFO - DAG(s) dict_keys(['example_branch_datetime_operator_3', 'example_branch_datetime_operator_2', 'example_branch_datetime_operator']) retrieved from /home/airflow/.local/lib/python3.7/site-packages/airflow/example_dags/example_branch_datetime_operator.py
[2023-01-12T16:20:55.930+0000] {logging_mixin.py:137} INFO - [2023-01-12T16:20:55.930+0000] {dag.py:2676} INFO - Sync 3 DAGs
[2023-01-12T16:20:55.982+0000] {logging_mixin.py:137} INFO - [2023-01-12T16:20:55.982+0000] {dag.py:3427} INFO - Setting next_dagrun for example_branch_datetime_operator to 2023-01-11T00:00:00+00:00, run_after=2023-01-12T00:00:00+00:00
[2023-01-12T16:20:55.990+0000] {logging_mixin.py:137} INFO - [2023-01-12T16:20:55.990+0000] {dag.py:3427} INFO - Setting next_dagrun for example_branch_datetime_operator_2 to 2023-01-11T00:00:00+00:00, run_after=2023-01-12T00:00:00+00:00
[2023-01-12T16:20:55.996+0000] {logging_mixin.py:137} INFO - [2023-01-12T16:20:55.995+0000] {dag.py:3427} INFO - Setting next_dagrun for example_branch_datetime_operator_3 to 2023-01-11T00:00:00+00:00, run_after=2023-01-12T00:00:00+00:00
[2023-01-12T16:20:56.033+0000] {processor.py:175} INFO - Processing /home/airflow/.local/lib/python3.7/site-packages/airflow/example_dags/example_branch_datetime_operator.py took 0.294 seconds
[2023-01-12T16:21:26.216+0000] {processor.py:153} INFO - Started process (PID=139) to work on /home/airflow/.local/lib/python3.7/site-packages/airflow/example_dags/example_branch_datetime_operator.py
[2023-01-12T16:21:26.217+0000] {processor.py:743} INFO - Processing file /home/airflow/.local/lib/python3.7/site-packages/airflow/example_dags/example_branch_datetime_operator.py for tasks to queue
[2023-01-12T16:21:26.218+0000] {logging_mixin.py:137} INFO - [2023-01-12T16:21:26.218+0000] {dagbag.py:538} INFO - Filling up the DagBag from /home/airflow/.local/lib/python3.7/site-packages/airflow/example_dags/example_branch_datetime_operator.py
[2023-01-12T16:21:26.252+0000] {processor.py:753} INFO - DAG(s) dict_keys(['example_branch_datetime_operator_2', 'example_branch_datetime_operator_3', 'example_branch_datetime_operator']) retrieved from /home/airflow/.local/lib/python3.7/site-packages/airflow/example_dags/example_branch_datetime_operator.py
[2023-01-12T16:21:26.327+0000] {logging_mixin.py:137} INFO - [2023-01-12T16:21:26.327+0000] {dag.py:2676} INFO - Sync 3 DAGs
[2023-01-12T16:21:26.382+0000] {logging_mixin.py:137} INFO - [2023-01-12T16:21:26.381+0000] {dag.py:3427} INFO - Setting next_dagrun for example_branch_datetime_operator to 2023-01-11T00:00:00+00:00, run_after=2023-01-12T00:00:00+00:00
[2023-01-12T16:21:26.395+0000] {logging_mixin.py:137} INFO - [2023-01-12T16:21:26.395+0000] {dag.py:3427} INFO - Setting next_dagrun for example_branch_datetime_operator_2 to 2023-01-11T00:00:00+00:00, run_after=2023-01-12T00:00:00+00:00
[2023-01-12T16:21:26.401+0000] {logging_mixin.py:137} INFO - [2023-01-12T16:21:26.401+0000] {dag.py:3427} INFO - Setting next_dagrun for example_branch_datetime_operator_3 to 2023-01-11T00:00:00+00:00, run_after=2023-01-12T00:00:00+00:00
[2023-01-12T16:21:26.442+0000] {processor.py:175} INFO - Processing /home/airflow/.local/lib/python3.7/site-packages/airflow/example_dags/example_branch_datetime_operator.py took 0.231 seconds
[2023-01-12T16:21:56.921+0000] {processor.py:153} INFO - Started process (PID=213) to work on /home/airflow/.local/lib/python3.7/site-packages/airflow/example_dags/example_branch_datetime_operator.py
[2023-01-12T16:21:56.923+0000] {processor.py:743} INFO - Processing file /home/airflow/.local/lib/python3.7/site-packages/airflow/example_dags/example_branch_datetime_operator.py for tasks to queue
[2023-01-12T16:21:56.924+0000] {logging_mixin.py:137} INFO - [2023-01-12T16:21:56.924+0000] {dagbag.py:538} INFO - Filling up the DagBag from /home/airflow/.local/lib/python3.7/site-packages/airflow/example_dags/example_branch_datetime_operator.py
[2023-01-12T16:21:56.953+0000] {processor.py:753} INFO - DAG(s) dict_keys(['example_branch_datetime_operator_3', 'example_branch_datetime_operator', 'example_branch_datetime_operator_2']) retrieved from /home/airflow/.local/lib/python3.7/site-packages/airflow/example_dags/example_branch_datetime_operator.py
[2023-01-12T16:21:57.039+0000] {logging_mixin.py:137} INFO - [2023-01-12T16:21:57.039+0000] {dag.py:2676} INFO - Sync 3 DAGs
[2023-01-12T16:21:57.091+0000] {logging_mixin.py:137} INFO - [2023-01-12T16:21:57.091+0000] {dag.py:3427} INFO - Setting next_dagrun for example_branch_datetime_operator to 2023-01-11T00:00:00+00:00, run_after=2023-01-12T00:00:00+00:00
[2023-01-12T16:21:57.098+0000] {logging_mixin.py:137} INFO - [2023-01-12T16:21:57.098+0000] {dag.py:3427} INFO - Setting next_dagrun for example_branch_datetime_operator_2 to 2023-01-11T00:00:00+00:00, run_after=2023-01-12T00:00:00+00:00
[2023-01-12T16:21:57.103+0000] {logging_mixin.py:137} INFO - [2023-01-12T16:21:57.103+0000] {dag.py:3427} INFO - Setting next_dagrun for example_branch_datetime_operator_3 to 2023-01-11T00:00:00+00:00, run_after=2023-01-12T00:00:00+00:00
[2023-01-12T16:21:57.130+0000] {processor.py:175} INFO - Processing /home/airflow/.local/lib/python3.7/site-packages/airflow/example_dags/example_branch_datetime_operator.py took 0.215 seconds
[2023-01-12T16:22:27.267+0000] {processor.py:153} INFO - Started process (PID=276) to work on /home/airflow/.local/lib/python3.7/site-packages/airflow/example_dags/example_branch_datetime_operator.py
[2023-01-12T16:22:27.269+0000] {processor.py:743} INFO - Processing file /home/airflow/.local/lib/python3.7/site-packages/airflow/example_dags/example_branch_datetime_operator.py for tasks to queue
[2023-01-12T16:22:27.271+0000] {logging_mixin.py:137} INFO - [2023-01-12T16:22:27.270+0000] {dagbag.py:538} INFO - Filling up the DagBag from /home/airflow/.local/lib/python3.7/site-packages/airflow/example_dags/example_branch_datetime_operator.py
[2023-01-12T16:22:27.312+0000] {processor.py:753} INFO - DAG(s) dict_keys(['example_branch_datetime_operator', 'example_branch_datetime_operator_3', 'example_branch_datetime_operator_2']) retrieved from /home/airflow/.local/lib/python3.7/site-packages/airflow/example_dags/example_branch_datetime_operator.py
[2023-01-12T16:22:27.412+0000] {logging_mixin.py:137} INFO - [2023-01-12T16:22:27.412+0000] {dag.py:2676} INFO - Sync 3 DAGs
[2023-01-12T16:22:27.470+0000] {logging_mixin.py:137} INFO - [2023-01-12T16:22:27.470+0000] {dag.py:3427} INFO - Setting next_dagrun for example_branch_datetime_operator to 2023-01-11T00:00:00+00:00, run_after=2023-01-12T00:00:00+00:00
[2023-01-12T16:22:27.478+0000] {logging_mixin.py:137} INFO - [2023-01-12T16:22:27.478+0000] {dag.py:3427} INFO - Setting next_dagrun for example_branch_datetime_operator_2 to 2023-01-11T00:00:00+00:00, run_after=2023-01-12T00:00:00+00:00
[2023-01-12T16:22:27.484+0000] {logging_mixin.py:137} INFO - [2023-01-12T16:22:27.483+0000] {dag.py:3427} INFO - Setting next_dagrun for example_branch_datetime_operator_3 to 2023-01-11T00:00:00+00:00, run_after=2023-01-12T00:00:00+00:00
[2023-01-12T16:22:27.518+0000] {processor.py:175} INFO - Processing /home/airflow/.local/lib/python3.7/site-packages/airflow/example_dags/example_branch_datetime_operator.py took 0.256 seconds
[2023-01-12T16:22:58.052+0000] {processor.py:153} INFO - Started process (PID=338) to work on /home/airflow/.local/lib/python3.7/site-packages/airflow/example_dags/example_branch_datetime_operator.py
[2023-01-12T16:22:58.054+0000] {processor.py:743} INFO - Processing file /home/airflow/.local/lib/python3.7/site-packages/airflow/example_dags/example_branch_datetime_operator.py for tasks to queue
[2023-01-12T16:22:58.055+0000] {logging_mixin.py:137} INFO - [2023-01-12T16:22:58.054+0000] {dagbag.py:538} INFO - Filling up the DagBag from /home/airflow/.local/lib/python3.7/site-packages/airflow/example_dags/example_branch_datetime_operator.py
[2023-01-12T16:22:58.084+0000] {processor.py:753} INFO - DAG(s) dict_keys(['example_branch_datetime_operator', 'example_branch_datetime_operator_3', 'example_branch_datetime_operator_2']) retrieved from /home/airflow/.local/lib/python3.7/site-packages/airflow/example_dags/example_branch_datetime_operator.py
[2023-01-12T16:22:58.170+0000] {logging_mixin.py:137} INFO - [2023-01-12T16:22:58.169+0000] {dag.py:2676} INFO - Sync 3 DAGs
[2023-01-12T16:22:58.219+0000] {logging_mixin.py:137} INFO - [2023-01-12T16:22:58.219+0000] {dag.py:3427} INFO - Setting next_dagrun for example_branch_datetime_operator to 2023-01-11T00:00:00+00:00, run_after=2023-01-12T00:00:00+00:00
[2023-01-12T16:22:58.228+0000] {logging_mixin.py:137} INFO - [2023-01-12T16:22:58.228+0000] {dag.py:3427} INFO - Setting next_dagrun for example_branch_datetime_operator_2 to 2023-01-11T00:00:00+00:00, run_after=2023-01-12T00:00:00+00:00
[2023-01-12T16:22:58.232+0000] {logging_mixin.py:137} INFO - [2023-01-12T16:22:58.232+0000] {dag.py:3427} INFO - Setting next_dagrun for example_branch_datetime_operator_3 to 2023-01-11T00:00:00+00:00, run_after=2023-01-12T00:00:00+00:00
[2023-01-12T16:22:58.262+0000] {processor.py:175} INFO - Processing /home/airflow/.local/lib/python3.7/site-packages/airflow/example_dags/example_branch_datetime_operator.py took 0.215 seconds
[2023-01-12T16:23:28.578+0000] {processor.py:153} INFO - Started process (PID=400) to work on /home/airflow/.local/lib/python3.7/site-packages/airflow/example_dags/example_branch_datetime_operator.py
[2023-01-12T16:23:28.580+0000] {processor.py:743} INFO - Processing file /home/airflow/.local/lib/python3.7/site-packages/airflow/example_dags/example_branch_datetime_operator.py for tasks to queue
[2023-01-12T16:23:28.581+0000] {logging_mixin.py:137} INFO - [2023-01-12T16:23:28.581+0000] {dagbag.py:538} INFO - Filling up the DagBag from /home/airflow/.local/lib/python3.7/site-packages/airflow/example_dags/example_branch_datetime_operator.py
[2023-01-12T16:23:28.621+0000] {processor.py:753} INFO - DAG(s) dict_keys(['example_branch_datetime_operator_2', 'example_branch_datetime_operator', 'example_branch_datetime_operator_3']) retrieved from /home/airflow/.local/lib/python3.7/site-packages/airflow/example_dags/example_branch_datetime_operator.py
[2023-01-12T16:23:28.715+0000] {logging_mixin.py:137} INFO - [2023-01-12T16:23:28.715+0000] {dag.py:2676} INFO - Sync 3 DAGs
[2023-01-12T16:23:28.768+0000] {logging_mixin.py:137} INFO - [2023-01-12T16:23:28.768+0000] {dag.py:3427} INFO - Setting next_dagrun for example_branch_datetime_operator to 2023-01-11T00:00:00+00:00, run_after=2023-01-12T00:00:00+00:00
[2023-01-12T16:23:28.779+0000] {logging_mixin.py:137} INFO - [2023-01-12T16:23:28.778+0000] {dag.py:3427} INFO - Setting next_dagrun for example_branch_datetime_operator_2 to 2023-01-11T00:00:00+00:00, run_after=2023-01-12T00:00:00+00:00
[2023-01-12T16:23:28.784+0000] {logging_mixin.py:137} INFO - [2023-01-12T16:23:28.784+0000] {dag.py:3427} INFO - Setting next_dagrun for example_branch_datetime_operator_3 to 2023-01-11T00:00:00+00:00, run_after=2023-01-12T00:00:00+00:00
[2023-01-12T16:23:28.820+0000] {processor.py:175} INFO - Processing /home/airflow/.local/lib/python3.7/site-packages/airflow/example_dags/example_branch_datetime_operator.py took 0.249 seconds
[2023-01-12T16:23:59.043+0000] {processor.py:153} INFO - Started process (PID=469) to work on /home/airflow/.local/lib/python3.7/site-packages/airflow/example_dags/example_branch_datetime_operator.py
[2023-01-12T16:23:59.044+0000] {processor.py:743} INFO - Processing file /home/airflow/.local/lib/python3.7/site-packages/airflow/example_dags/example_branch_datetime_operator.py for tasks to queue
[2023-01-12T16:23:59.045+0000] {logging_mixin.py:137} INFO - [2023-01-12T16:23:59.045+0000] {dagbag.py:538} INFO - Filling up the DagBag from /home/airflow/.local/lib/python3.7/site-packages/airflow/example_dags/example_branch_datetime_operator.py
[2023-01-12T16:23:59.077+0000] {processor.py:753} INFO - DAG(s) dict_keys(['example_branch_datetime_operator_2', 'example_branch_datetime_operator_3', 'example_branch_datetime_operator']) retrieved from /home/airflow/.local/lib/python3.7/site-packages/airflow/example_dags/example_branch_datetime_operator.py
[2023-01-12T16:23:59.156+0000] {logging_mixin.py:137} INFO - [2023-01-12T16:23:59.156+0000] {dag.py:2676} INFO - Sync 3 DAGs
[2023-01-12T16:23:59.199+0000] {logging_mixin.py:137} INFO - [2023-01-12T16:23:59.199+0000] {dag.py:3427} INFO - Setting next_dagrun for example_branch_datetime_operator to 2023-01-11T00:00:00+00:00, run_after=2023-01-12T00:00:00+00:00
[2023-01-12T16:23:59.209+0000] {logging_mixin.py:137} INFO - [2023-01-12T16:23:59.209+0000] {dag.py:3427} INFO - Setting next_dagrun for example_branch_datetime_operator_2 to 2023-01-11T00:00:00+00:00, run_after=2023-01-12T00:00:00+00:00
[2023-01-12T16:23:59.214+0000] {logging_mixin.py:137} INFO - [2023-01-12T16:23:59.214+0000] {dag.py:3427} INFO - Setting next_dagrun for example_branch_datetime_operator_3 to 2023-01-11T00:00:00+00:00, run_after=2023-01-12T00:00:00+00:00
[2023-01-12T16:23:59.249+0000] {processor.py:175} INFO - Processing /home/airflow/.local/lib/python3.7/site-packages/airflow/example_dags/example_branch_datetime_operator.py took 0.212 seconds
[2023-01-12T16:24:29.768+0000] {processor.py:153} INFO - Started process (PID=536) to work on /home/airflow/.local/lib/python3.7/site-packages/airflow/example_dags/example_branch_datetime_operator.py
[2023-01-12T16:24:29.770+0000] {processor.py:743} INFO - Processing file /home/airflow/.local/lib/python3.7/site-packages/airflow/example_dags/example_branch_datetime_operator.py for tasks to queue
[2023-01-12T16:24:29.771+0000] {logging_mixin.py:137} INFO - [2023-01-12T16:24:29.771+0000] {dagbag.py:538} INFO - Filling up the DagBag from /home/airflow/.local/lib/python3.7/site-packages/airflow/example_dags/example_branch_datetime_operator.py
[2023-01-12T16:24:29.803+0000] {processor.py:753} INFO - DAG(s) dict_keys(['example_branch_datetime_operator', 'example_branch_datetime_operator_2', 'example_branch_datetime_operator_3']) retrieved from /home/airflow/.local/lib/python3.7/site-packages/airflow/example_dags/example_branch_datetime_operator.py
[2023-01-12T16:24:29.894+0000] {logging_mixin.py:137} INFO - [2023-01-12T16:24:29.893+0000] {dag.py:2676} INFO - Sync 3 DAGs
[2023-01-12T16:24:29.947+0000] {logging_mixin.py:137} INFO - [2023-01-12T16:24:29.947+0000] {dag.py:3427} INFO - Setting next_dagrun for example_branch_datetime_operator to 2023-01-11T00:00:00+00:00, run_after=2023-01-12T00:00:00+00:00
[2023-01-12T16:24:29.955+0000] {logging_mixin.py:137} INFO - [2023-01-12T16:24:29.955+0000] {dag.py:3427} INFO - Setting next_dagrun for example_branch_datetime_operator_2 to 2023-01-11T00:00:00+00:00, run_after=2023-01-12T00:00:00+00:00
[2023-01-12T16:24:29.959+0000] {logging_mixin.py:137} INFO - [2023-01-12T16:24:29.959+0000] {dag.py:3427} INFO - Setting next_dagrun for example_branch_datetime_operator_3 to 2023-01-11T00:00:00+00:00, run_after=2023-01-12T00:00:00+00:00
[2023-01-12T16:24:29.987+0000] {processor.py:175} INFO - Processing /home/airflow/.local/lib/python3.7/site-packages/airflow/example_dags/example_branch_datetime_operator.py took 0.224 seconds
[2023-01-12T16:25:01.099+0000] {processor.py:153} INFO - Started process (PID=597) to work on /home/airflow/.local/lib/python3.7/site-packages/airflow/example_dags/example_branch_datetime_operator.py
[2023-01-12T16:25:01.100+0000] {processor.py:743} INFO - Processing file /home/airflow/.local/lib/python3.7/site-packages/airflow/example_dags/example_branch_datetime_operator.py for tasks to queue
[2023-01-12T16:25:01.101+0000] {logging_mixin.py:137} INFO - [2023-01-12T16:25:01.101+0000] {dagbag.py:538} INFO - Filling up the DagBag from /home/airflow/.local/lib/python3.7/site-packages/airflow/example_dags/example_branch_datetime_operator.py
[2023-01-12T16:25:01.133+0000] {processor.py:753} INFO - DAG(s) dict_keys(['example_branch_datetime_operator_3', 'example_branch_datetime_operator_2', 'example_branch_datetime_operator']) retrieved from /home/airflow/.local/lib/python3.7/site-packages/airflow/example_dags/example_branch_datetime_operator.py
[2023-01-12T16:25:01.210+0000] {logging_mixin.py:137} INFO - [2023-01-12T16:25:01.209+0000] {dag.py:2676} INFO - Sync 3 DAGs
[2023-01-12T16:25:01.256+0000] {logging_mixin.py:137} INFO - [2023-01-12T16:25:01.256+0000] {dag.py:3427} INFO - Setting next_dagrun for example_branch_datetime_operator to 2023-01-11T00:00:00+00:00, run_after=2023-01-12T00:00:00+00:00
[2023-01-12T16:25:01.267+0000] {logging_mixin.py:137} INFO - [2023-01-12T16:25:01.266+0000] {dag.py:3427} INFO - Setting next_dagrun for example_branch_datetime_operator_2 to 2023-01-11T00:00:00+00:00, run_after=2023-01-12T00:00:00+00:00
[2023-01-12T16:25:01.273+0000] {logging_mixin.py:137} INFO - [2023-01-12T16:25:01.272+0000] {dag.py:3427} INFO - Setting next_dagrun for example_branch_datetime_operator_3 to 2023-01-11T00:00:00+00:00, run_after=2023-01-12T00:00:00+00:00
[2023-01-12T16:25:01.305+0000] {processor.py:175} INFO - Processing /home/airflow/.local/lib/python3.7/site-packages/airflow/example_dags/example_branch_datetime_operator.py took 0.212 seconds
[2023-01-12T16:25:31.455+0000] {processor.py:153} INFO - Started process (PID=659) to work on /home/airflow/.local/lib/python3.7/site-packages/airflow/example_dags/example_branch_datetime_operator.py
[2023-01-12T16:25:31.457+0000] {processor.py:743} INFO - Processing file /home/airflow/.local/lib/python3.7/site-packages/airflow/example_dags/example_branch_datetime_operator.py for tasks to queue
[2023-01-12T16:25:31.458+0000] {logging_mixin.py:137} INFO - [2023-01-12T16:25:31.458+0000] {dagbag.py:538} INFO - Filling up the DagBag from /home/airflow/.local/lib/python3.7/site-packages/airflow/example_dags/example_branch_datetime_operator.py
[2023-01-12T16:25:31.498+0000] {processor.py:753} INFO - DAG(s) dict_keys(['example_branch_datetime_operator_2', 'example_branch_datetime_operator_3', 'example_branch_datetime_operator']) retrieved from /home/airflow/.local/lib/python3.7/site-packages/airflow/example_dags/example_branch_datetime_operator.py
[2023-01-12T16:25:31.578+0000] {logging_mixin.py:137} INFO - [2023-01-12T16:25:31.578+0000] {dag.py:2676} INFO - Sync 3 DAGs
[2023-01-12T16:25:31.627+0000] {logging_mixin.py:137} INFO - [2023-01-12T16:25:31.626+0000] {dag.py:3427} INFO - Setting next_dagrun for example_branch_datetime_operator to 2023-01-11T00:00:00+00:00, run_after=2023-01-12T00:00:00+00:00
[2023-01-12T16:25:31.637+0000] {logging_mixin.py:137} INFO - [2023-01-12T16:25:31.636+0000] {dag.py:3427} INFO - Setting next_dagrun for example_branch_datetime_operator_2 to 2023-01-11T00:00:00+00:00, run_after=2023-01-12T00:00:00+00:00
[2023-01-12T16:25:31.641+0000] {logging_mixin.py:137} INFO - [2023-01-12T16:25:31.641+0000] {dag.py:3427} INFO - Setting next_dagrun for example_branch_datetime_operator_3 to 2023-01-11T00:00:00+00:00, run_after=2023-01-12T00:00:00+00:00
[2023-01-12T16:25:31.674+0000] {processor.py:175} INFO - Processing /home/airflow/.local/lib/python3.7/site-packages/airflow/example_dags/example_branch_datetime_operator.py took 0.226 seconds
