[2023-01-12T16:20:51.130+0000] {processor.py:153} INFO - Started process (PID=50) to work on /home/airflow/.local/lib/python3.7/site-packages/airflow/example_dags/example_python_operator.py
[2023-01-12T16:20:51.132+0000] {processor.py:743} INFO - Processing file /home/airflow/.local/lib/python3.7/site-packages/airflow/example_dags/example_python_operator.py for tasks to queue
[2023-01-12T16:20:51.133+0000] {logging_mixin.py:137} INFO - [2023-01-12T16:20:51.133+0000] {dagbag.py:538} INFO - Filling up the DagBag from /home/airflow/.local/lib/python3.7/site-packages/airflow/example_dags/example_python_operator.py
[2023-01-12T16:20:51.168+0000] {logging_mixin.py:137} INFO - [2023-01-12T16:20:51.168+0000] {taskmixin.py:205} WARNING - Dependency <Task(_PythonDecoratedOperator): print_the_context>, log_sql_query already registered for DAG: example_python_operator
[2023-01-12T16:20:51.169+0000] {logging_mixin.py:137} INFO - [2023-01-12T16:20:51.169+0000] {taskmixin.py:205} WARNING - Dependency <Task(_PythonDecoratedOperator): log_sql_query>, print_the_context already registered for DAG: example_python_operator
[2023-01-12T16:20:51.170+0000] {logging_mixin.py:137} INFO - [2023-01-12T16:20:51.170+0000] {taskmixin.py:205} WARNING - Dependency <Task(_PythonDecoratedOperator): print_the_context>, log_sql_query already registered for DAG: example_python_operator
[2023-01-12T16:20:51.170+0000] {logging_mixin.py:137} INFO - [2023-01-12T16:20:51.170+0000] {taskmixin.py:205} WARNING - Dependency <Task(_PythonDecoratedOperator): log_sql_query>, print_the_context already registered for DAG: example_python_operator
[2023-01-12T16:20:51.172+0000] {logging_mixin.py:137} INFO - [2023-01-12T16:20:51.171+0000] {taskmixin.py:205} WARNING - Dependency <Task(_PythonDecoratedOperator): print_the_context>, log_sql_query already registered for DAG: example_python_operator
[2023-01-12T16:20:51.172+0000] {logging_mixin.py:137} INFO - [2023-01-12T16:20:51.172+0000] {taskmixin.py:205} WARNING - Dependency <Task(_PythonDecoratedOperator): log_sql_query>, print_the_context already registered for DAG: example_python_operator
[2023-01-12T16:20:51.173+0000] {logging_mixin.py:137} INFO - [2023-01-12T16:20:51.173+0000] {taskmixin.py:205} WARNING - Dependency <Task(_PythonDecoratedOperator): print_the_context>, log_sql_query already registered for DAG: example_python_operator
[2023-01-12T16:20:51.173+0000] {logging_mixin.py:137} INFO - [2023-01-12T16:20:51.173+0000] {taskmixin.py:205} WARNING - Dependency <Task(_PythonDecoratedOperator): log_sql_query>, print_the_context already registered for DAG: example_python_operator
[2023-01-12T16:20:51.190+0000] {processor.py:753} INFO - DAG(s) dict_keys(['example_python_operator']) retrieved from /home/airflow/.local/lib/python3.7/site-packages/airflow/example_dags/example_python_operator.py
[2023-01-12T16:20:51.352+0000] {logging_mixin.py:137} INFO - [2023-01-12T16:20:51.351+0000] {dag.py:2676} INFO - Sync 1 DAGs
[2023-01-12T16:20:51.422+0000] {logging_mixin.py:137} INFO - [2023-01-12T16:20:51.421+0000] {dag.py:3427} INFO - Setting next_dagrun for example_python_operator to None, run_after=None
[2023-01-12T16:20:51.470+0000] {processor.py:175} INFO - Processing /home/airflow/.local/lib/python3.7/site-packages/airflow/example_dags/example_python_operator.py took 0.344 seconds
[2023-01-12T16:21:22.077+0000] {processor.py:153} INFO - Started process (PID=112) to work on /home/airflow/.local/lib/python3.7/site-packages/airflow/example_dags/example_python_operator.py
[2023-01-12T16:21:22.079+0000] {processor.py:743} INFO - Processing file /home/airflow/.local/lib/python3.7/site-packages/airflow/example_dags/example_python_operator.py for tasks to queue
[2023-01-12T16:21:22.080+0000] {logging_mixin.py:137} INFO - [2023-01-12T16:21:22.080+0000] {dagbag.py:538} INFO - Filling up the DagBag from /home/airflow/.local/lib/python3.7/site-packages/airflow/example_dags/example_python_operator.py
[2023-01-12T16:21:22.114+0000] {logging_mixin.py:137} INFO - [2023-01-12T16:21:22.113+0000] {taskmixin.py:205} WARNING - Dependency <Task(_PythonDecoratedOperator): print_the_context>, log_sql_query already registered for DAG: example_python_operator
[2023-01-12T16:21:22.114+0000] {logging_mixin.py:137} INFO - [2023-01-12T16:21:22.114+0000] {taskmixin.py:205} WARNING - Dependency <Task(_PythonDecoratedOperator): log_sql_query>, print_the_context already registered for DAG: example_python_operator
[2023-01-12T16:21:22.115+0000] {logging_mixin.py:137} INFO - [2023-01-12T16:21:22.115+0000] {taskmixin.py:205} WARNING - Dependency <Task(_PythonDecoratedOperator): print_the_context>, log_sql_query already registered for DAG: example_python_operator
[2023-01-12T16:21:22.115+0000] {logging_mixin.py:137} INFO - [2023-01-12T16:21:22.115+0000] {taskmixin.py:205} WARNING - Dependency <Task(_PythonDecoratedOperator): log_sql_query>, print_the_context already registered for DAG: example_python_operator
[2023-01-12T16:21:22.116+0000] {logging_mixin.py:137} INFO - [2023-01-12T16:21:22.116+0000] {taskmixin.py:205} WARNING - Dependency <Task(_PythonDecoratedOperator): print_the_context>, log_sql_query already registered for DAG: example_python_operator
[2023-01-12T16:21:22.117+0000] {logging_mixin.py:137} INFO - [2023-01-12T16:21:22.116+0000] {taskmixin.py:205} WARNING - Dependency <Task(_PythonDecoratedOperator): log_sql_query>, print_the_context already registered for DAG: example_python_operator
[2023-01-12T16:21:22.117+0000] {logging_mixin.py:137} INFO - [2023-01-12T16:21:22.117+0000] {taskmixin.py:205} WARNING - Dependency <Task(_PythonDecoratedOperator): print_the_context>, log_sql_query already registered for DAG: example_python_operator
[2023-01-12T16:21:22.117+0000] {logging_mixin.py:137} INFO - [2023-01-12T16:21:22.117+0000] {taskmixin.py:205} WARNING - Dependency <Task(_PythonDecoratedOperator): log_sql_query>, print_the_context already registered for DAG: example_python_operator
[2023-01-12T16:21:22.128+0000] {processor.py:753} INFO - DAG(s) dict_keys(['example_python_operator']) retrieved from /home/airflow/.local/lib/python3.7/site-packages/airflow/example_dags/example_python_operator.py
[2023-01-12T16:21:22.203+0000] {logging_mixin.py:137} INFO - [2023-01-12T16:21:22.203+0000] {dag.py:2676} INFO - Sync 1 DAGs
[2023-01-12T16:21:22.247+0000] {logging_mixin.py:137} INFO - [2023-01-12T16:21:22.247+0000] {dag.py:3427} INFO - Setting next_dagrun for example_python_operator to None, run_after=None
[2023-01-12T16:21:22.284+0000] {processor.py:175} INFO - Processing /home/airflow/.local/lib/python3.7/site-packages/airflow/example_dags/example_python_operator.py took 0.212 seconds
[2023-01-12T16:21:52.482+0000] {processor.py:153} INFO - Started process (PID=174) to work on /home/airflow/.local/lib/python3.7/site-packages/airflow/example_dags/example_python_operator.py
[2023-01-12T16:21:52.483+0000] {processor.py:743} INFO - Processing file /home/airflow/.local/lib/python3.7/site-packages/airflow/example_dags/example_python_operator.py for tasks to queue
[2023-01-12T16:21:52.484+0000] {logging_mixin.py:137} INFO - [2023-01-12T16:21:52.484+0000] {dagbag.py:538} INFO - Filling up the DagBag from /home/airflow/.local/lib/python3.7/site-packages/airflow/example_dags/example_python_operator.py
[2023-01-12T16:21:52.513+0000] {logging_mixin.py:137} INFO - [2023-01-12T16:21:52.513+0000] {taskmixin.py:205} WARNING - Dependency <Task(_PythonDecoratedOperator): print_the_context>, log_sql_query already registered for DAG: example_python_operator
[2023-01-12T16:21:52.513+0000] {logging_mixin.py:137} INFO - [2023-01-12T16:21:52.513+0000] {taskmixin.py:205} WARNING - Dependency <Task(_PythonDecoratedOperator): log_sql_query>, print_the_context already registered for DAG: example_python_operator
[2023-01-12T16:21:52.514+0000] {logging_mixin.py:137} INFO - [2023-01-12T16:21:52.514+0000] {taskmixin.py:205} WARNING - Dependency <Task(_PythonDecoratedOperator): print_the_context>, log_sql_query already registered for DAG: example_python_operator
[2023-01-12T16:21:52.514+0000] {logging_mixin.py:137} INFO - [2023-01-12T16:21:52.514+0000] {taskmixin.py:205} WARNING - Dependency <Task(_PythonDecoratedOperator): log_sql_query>, print_the_context already registered for DAG: example_python_operator
[2023-01-12T16:21:52.515+0000] {logging_mixin.py:137} INFO - [2023-01-12T16:21:52.515+0000] {taskmixin.py:205} WARNING - Dependency <Task(_PythonDecoratedOperator): print_the_context>, log_sql_query already registered for DAG: example_python_operator
[2023-01-12T16:21:52.515+0000] {logging_mixin.py:137} INFO - [2023-01-12T16:21:52.515+0000] {taskmixin.py:205} WARNING - Dependency <Task(_PythonDecoratedOperator): log_sql_query>, print_the_context already registered for DAG: example_python_operator
[2023-01-12T16:21:52.516+0000] {logging_mixin.py:137} INFO - [2023-01-12T16:21:52.516+0000] {taskmixin.py:205} WARNING - Dependency <Task(_PythonDecoratedOperator): print_the_context>, log_sql_query already registered for DAG: example_python_operator
[2023-01-12T16:21:52.517+0000] {logging_mixin.py:137} INFO - [2023-01-12T16:21:52.516+0000] {taskmixin.py:205} WARNING - Dependency <Task(_PythonDecoratedOperator): log_sql_query>, print_the_context already registered for DAG: example_python_operator
[2023-01-12T16:21:52.527+0000] {processor.py:753} INFO - DAG(s) dict_keys(['example_python_operator']) retrieved from /home/airflow/.local/lib/python3.7/site-packages/airflow/example_dags/example_python_operator.py
[2023-01-12T16:21:52.601+0000] {logging_mixin.py:137} INFO - [2023-01-12T16:21:52.601+0000] {dag.py:2676} INFO - Sync 1 DAGs
[2023-01-12T16:21:52.643+0000] {logging_mixin.py:137} INFO - [2023-01-12T16:21:52.643+0000] {dag.py:3427} INFO - Setting next_dagrun for example_python_operator to None, run_after=None
[2023-01-12T16:21:52.677+0000] {processor.py:175} INFO - Processing /home/airflow/.local/lib/python3.7/site-packages/airflow/example_dags/example_python_operator.py took 0.201 seconds
[2023-01-12T16:22:23.311+0000] {processor.py:153} INFO - Started process (PID=249) to work on /home/airflow/.local/lib/python3.7/site-packages/airflow/example_dags/example_python_operator.py
[2023-01-12T16:22:23.313+0000] {processor.py:743} INFO - Processing file /home/airflow/.local/lib/python3.7/site-packages/airflow/example_dags/example_python_operator.py for tasks to queue
[2023-01-12T16:22:23.317+0000] {logging_mixin.py:137} INFO - [2023-01-12T16:22:23.317+0000] {dagbag.py:538} INFO - Filling up the DagBag from /home/airflow/.local/lib/python3.7/site-packages/airflow/example_dags/example_python_operator.py
[2023-01-12T16:22:23.353+0000] {logging_mixin.py:137} INFO - [2023-01-12T16:22:23.352+0000] {taskmixin.py:205} WARNING - Dependency <Task(_PythonDecoratedOperator): print_the_context>, log_sql_query already registered for DAG: example_python_operator
[2023-01-12T16:22:23.353+0000] {logging_mixin.py:137} INFO - [2023-01-12T16:22:23.353+0000] {taskmixin.py:205} WARNING - Dependency <Task(_PythonDecoratedOperator): log_sql_query>, print_the_context already registered for DAG: example_python_operator
[2023-01-12T16:22:23.354+0000] {logging_mixin.py:137} INFO - [2023-01-12T16:22:23.354+0000] {taskmixin.py:205} WARNING - Dependency <Task(_PythonDecoratedOperator): print_the_context>, log_sql_query already registered for DAG: example_python_operator
[2023-01-12T16:22:23.354+0000] {logging_mixin.py:137} INFO - [2023-01-12T16:22:23.354+0000] {taskmixin.py:205} WARNING - Dependency <Task(_PythonDecoratedOperator): log_sql_query>, print_the_context already registered for DAG: example_python_operator
[2023-01-12T16:22:23.355+0000] {logging_mixin.py:137} INFO - [2023-01-12T16:22:23.355+0000] {taskmixin.py:205} WARNING - Dependency <Task(_PythonDecoratedOperator): print_the_context>, log_sql_query already registered for DAG: example_python_operator
[2023-01-12T16:22:23.355+0000] {logging_mixin.py:137} INFO - [2023-01-12T16:22:23.355+0000] {taskmixin.py:205} WARNING - Dependency <Task(_PythonDecoratedOperator): log_sql_query>, print_the_context already registered for DAG: example_python_operator
[2023-01-12T16:22:23.356+0000] {logging_mixin.py:137} INFO - [2023-01-12T16:22:23.356+0000] {taskmixin.py:205} WARNING - Dependency <Task(_PythonDecoratedOperator): print_the_context>, log_sql_query already registered for DAG: example_python_operator
[2023-01-12T16:22:23.356+0000] {logging_mixin.py:137} INFO - [2023-01-12T16:22:23.356+0000] {taskmixin.py:205} WARNING - Dependency <Task(_PythonDecoratedOperator): log_sql_query>, print_the_context already registered for DAG: example_python_operator
[2023-01-12T16:22:23.367+0000] {processor.py:753} INFO - DAG(s) dict_keys(['example_python_operator']) retrieved from /home/airflow/.local/lib/python3.7/site-packages/airflow/example_dags/example_python_operator.py
[2023-01-12T16:22:23.440+0000] {logging_mixin.py:137} INFO - [2023-01-12T16:22:23.439+0000] {dag.py:2676} INFO - Sync 1 DAGs
[2023-01-12T16:22:23.487+0000] {logging_mixin.py:137} INFO - [2023-01-12T16:22:23.487+0000] {dag.py:3427} INFO - Setting next_dagrun for example_python_operator to None, run_after=None
[2023-01-12T16:22:23.525+0000] {processor.py:175} INFO - Processing /home/airflow/.local/lib/python3.7/site-packages/airflow/example_dags/example_python_operator.py took 0.220 seconds
[2023-01-12T16:22:53.759+0000] {processor.py:153} INFO - Started process (PID=311) to work on /home/airflow/.local/lib/python3.7/site-packages/airflow/example_dags/example_python_operator.py
[2023-01-12T16:22:53.761+0000] {processor.py:743} INFO - Processing file /home/airflow/.local/lib/python3.7/site-packages/airflow/example_dags/example_python_operator.py for tasks to queue
[2023-01-12T16:22:53.762+0000] {logging_mixin.py:137} INFO - [2023-01-12T16:22:53.762+0000] {dagbag.py:538} INFO - Filling up the DagBag from /home/airflow/.local/lib/python3.7/site-packages/airflow/example_dags/example_python_operator.py
[2023-01-12T16:22:53.797+0000] {logging_mixin.py:137} INFO - [2023-01-12T16:22:53.797+0000] {taskmixin.py:205} WARNING - Dependency <Task(_PythonDecoratedOperator): print_the_context>, log_sql_query already registered for DAG: example_python_operator
[2023-01-12T16:22:53.797+0000] {logging_mixin.py:137} INFO - [2023-01-12T16:22:53.797+0000] {taskmixin.py:205} WARNING - Dependency <Task(_PythonDecoratedOperator): log_sql_query>, print_the_context already registered for DAG: example_python_operator
[2023-01-12T16:22:53.799+0000] {logging_mixin.py:137} INFO - [2023-01-12T16:22:53.799+0000] {taskmixin.py:205} WARNING - Dependency <Task(_PythonDecoratedOperator): print_the_context>, log_sql_query already registered for DAG: example_python_operator
[2023-01-12T16:22:53.799+0000] {logging_mixin.py:137} INFO - [2023-01-12T16:22:53.799+0000] {taskmixin.py:205} WARNING - Dependency <Task(_PythonDecoratedOperator): log_sql_query>, print_the_context already registered for DAG: example_python_operator
[2023-01-12T16:22:53.800+0000] {logging_mixin.py:137} INFO - [2023-01-12T16:22:53.800+0000] {taskmixin.py:205} WARNING - Dependency <Task(_PythonDecoratedOperator): print_the_context>, log_sql_query already registered for DAG: example_python_operator
[2023-01-12T16:22:53.801+0000] {logging_mixin.py:137} INFO - [2023-01-12T16:22:53.801+0000] {taskmixin.py:205} WARNING - Dependency <Task(_PythonDecoratedOperator): log_sql_query>, print_the_context already registered for DAG: example_python_operator
[2023-01-12T16:22:53.802+0000] {logging_mixin.py:137} INFO - [2023-01-12T16:22:53.802+0000] {taskmixin.py:205} WARNING - Dependency <Task(_PythonDecoratedOperator): print_the_context>, log_sql_query already registered for DAG: example_python_operator
[2023-01-12T16:22:53.802+0000] {logging_mixin.py:137} INFO - [2023-01-12T16:22:53.802+0000] {taskmixin.py:205} WARNING - Dependency <Task(_PythonDecoratedOperator): log_sql_query>, print_the_context already registered for DAG: example_python_operator
[2023-01-12T16:22:53.816+0000] {processor.py:753} INFO - DAG(s) dict_keys(['example_python_operator']) retrieved from /home/airflow/.local/lib/python3.7/site-packages/airflow/example_dags/example_python_operator.py
[2023-01-12T16:22:53.911+0000] {logging_mixin.py:137} INFO - [2023-01-12T16:22:53.910+0000] {dag.py:2676} INFO - Sync 1 DAGs
[2023-01-12T16:22:53.967+0000] {logging_mixin.py:137} INFO - [2023-01-12T16:22:53.966+0000] {dag.py:3427} INFO - Setting next_dagrun for example_python_operator to None, run_after=None
[2023-01-12T16:22:54.027+0000] {processor.py:175} INFO - Processing /home/airflow/.local/lib/python3.7/site-packages/airflow/example_dags/example_python_operator.py took 0.274 seconds
[2023-01-12T16:23:24.359+0000] {processor.py:153} INFO - Started process (PID=373) to work on /home/airflow/.local/lib/python3.7/site-packages/airflow/example_dags/example_python_operator.py
[2023-01-12T16:23:24.361+0000] {processor.py:743} INFO - Processing file /home/airflow/.local/lib/python3.7/site-packages/airflow/example_dags/example_python_operator.py for tasks to queue
[2023-01-12T16:23:24.362+0000] {logging_mixin.py:137} INFO - [2023-01-12T16:23:24.362+0000] {dagbag.py:538} INFO - Filling up the DagBag from /home/airflow/.local/lib/python3.7/site-packages/airflow/example_dags/example_python_operator.py
[2023-01-12T16:23:24.393+0000] {logging_mixin.py:137} INFO - [2023-01-12T16:23:24.392+0000] {taskmixin.py:205} WARNING - Dependency <Task(_PythonDecoratedOperator): print_the_context>, log_sql_query already registered for DAG: example_python_operator
[2023-01-12T16:23:24.393+0000] {logging_mixin.py:137} INFO - [2023-01-12T16:23:24.393+0000] {taskmixin.py:205} WARNING - Dependency <Task(_PythonDecoratedOperator): log_sql_query>, print_the_context already registered for DAG: example_python_operator
[2023-01-12T16:23:24.394+0000] {logging_mixin.py:137} INFO - [2023-01-12T16:23:24.394+0000] {taskmixin.py:205} WARNING - Dependency <Task(_PythonDecoratedOperator): print_the_context>, log_sql_query already registered for DAG: example_python_operator
[2023-01-12T16:23:24.394+0000] {logging_mixin.py:137} INFO - [2023-01-12T16:23:24.394+0000] {taskmixin.py:205} WARNING - Dependency <Task(_PythonDecoratedOperator): log_sql_query>, print_the_context already registered for DAG: example_python_operator
[2023-01-12T16:23:24.395+0000] {logging_mixin.py:137} INFO - [2023-01-12T16:23:24.395+0000] {taskmixin.py:205} WARNING - Dependency <Task(_PythonDecoratedOperator): print_the_context>, log_sql_query already registered for DAG: example_python_operator
[2023-01-12T16:23:24.395+0000] {logging_mixin.py:137} INFO - [2023-01-12T16:23:24.395+0000] {taskmixin.py:205} WARNING - Dependency <Task(_PythonDecoratedOperator): log_sql_query>, print_the_context already registered for DAG: example_python_operator
[2023-01-12T16:23:24.396+0000] {logging_mixin.py:137} INFO - [2023-01-12T16:23:24.396+0000] {taskmixin.py:205} WARNING - Dependency <Task(_PythonDecoratedOperator): print_the_context>, log_sql_query already registered for DAG: example_python_operator
[2023-01-12T16:23:24.396+0000] {logging_mixin.py:137} INFO - [2023-01-12T16:23:24.396+0000] {taskmixin.py:205} WARNING - Dependency <Task(_PythonDecoratedOperator): log_sql_query>, print_the_context already registered for DAG: example_python_operator
[2023-01-12T16:23:24.407+0000] {processor.py:753} INFO - DAG(s) dict_keys(['example_python_operator']) retrieved from /home/airflow/.local/lib/python3.7/site-packages/airflow/example_dags/example_python_operator.py
[2023-01-12T16:23:24.467+0000] {logging_mixin.py:137} INFO - [2023-01-12T16:23:24.467+0000] {dag.py:2676} INFO - Sync 1 DAGs
[2023-01-12T16:23:24.507+0000] {logging_mixin.py:137} INFO - [2023-01-12T16:23:24.507+0000] {dag.py:3427} INFO - Setting next_dagrun for example_python_operator to None, run_after=None
[2023-01-12T16:23:24.540+0000] {processor.py:175} INFO - Processing /home/airflow/.local/lib/python3.7/site-packages/airflow/example_dags/example_python_operator.py took 0.186 seconds
[2023-01-12T16:23:54.938+0000] {processor.py:153} INFO - Started process (PID=435) to work on /home/airflow/.local/lib/python3.7/site-packages/airflow/example_dags/example_python_operator.py
[2023-01-12T16:23:54.939+0000] {processor.py:743} INFO - Processing file /home/airflow/.local/lib/python3.7/site-packages/airflow/example_dags/example_python_operator.py for tasks to queue
[2023-01-12T16:23:54.940+0000] {logging_mixin.py:137} INFO - [2023-01-12T16:23:54.939+0000] {dagbag.py:538} INFO - Filling up the DagBag from /home/airflow/.local/lib/python3.7/site-packages/airflow/example_dags/example_python_operator.py
[2023-01-12T16:23:54.971+0000] {logging_mixin.py:137} INFO - [2023-01-12T16:23:54.971+0000] {taskmixin.py:205} WARNING - Dependency <Task(_PythonDecoratedOperator): print_the_context>, log_sql_query already registered for DAG: example_python_operator
[2023-01-12T16:23:54.971+0000] {logging_mixin.py:137} INFO - [2023-01-12T16:23:54.971+0000] {taskmixin.py:205} WARNING - Dependency <Task(_PythonDecoratedOperator): log_sql_query>, print_the_context already registered for DAG: example_python_operator
[2023-01-12T16:23:54.973+0000] {logging_mixin.py:137} INFO - [2023-01-12T16:23:54.972+0000] {taskmixin.py:205} WARNING - Dependency <Task(_PythonDecoratedOperator): print_the_context>, log_sql_query already registered for DAG: example_python_operator
[2023-01-12T16:23:54.973+0000] {logging_mixin.py:137} INFO - [2023-01-12T16:23:54.973+0000] {taskmixin.py:205} WARNING - Dependency <Task(_PythonDecoratedOperator): log_sql_query>, print_the_context already registered for DAG: example_python_operator
[2023-01-12T16:23:54.974+0000] {logging_mixin.py:137} INFO - [2023-01-12T16:23:54.973+0000] {taskmixin.py:205} WARNING - Dependency <Task(_PythonDecoratedOperator): print_the_context>, log_sql_query already registered for DAG: example_python_operator
[2023-01-12T16:23:54.974+0000] {logging_mixin.py:137} INFO - [2023-01-12T16:23:54.974+0000] {taskmixin.py:205} WARNING - Dependency <Task(_PythonDecoratedOperator): log_sql_query>, print_the_context already registered for DAG: example_python_operator
[2023-01-12T16:23:54.975+0000] {logging_mixin.py:137} INFO - [2023-01-12T16:23:54.975+0000] {taskmixin.py:205} WARNING - Dependency <Task(_PythonDecoratedOperator): print_the_context>, log_sql_query already registered for DAG: example_python_operator
[2023-01-12T16:23:54.975+0000] {logging_mixin.py:137} INFO - [2023-01-12T16:23:54.975+0000] {taskmixin.py:205} WARNING - Dependency <Task(_PythonDecoratedOperator): log_sql_query>, print_the_context already registered for DAG: example_python_operator
[2023-01-12T16:23:54.986+0000] {processor.py:753} INFO - DAG(s) dict_keys(['example_python_operator']) retrieved from /home/airflow/.local/lib/python3.7/site-packages/airflow/example_dags/example_python_operator.py
[2023-01-12T16:23:55.057+0000] {logging_mixin.py:137} INFO - [2023-01-12T16:23:55.056+0000] {dag.py:2676} INFO - Sync 1 DAGs
[2023-01-12T16:23:55.106+0000] {logging_mixin.py:137} INFO - [2023-01-12T16:23:55.105+0000] {dag.py:3427} INFO - Setting next_dagrun for example_python_operator to None, run_after=None
[2023-01-12T16:23:55.137+0000] {processor.py:175} INFO - Processing /home/airflow/.local/lib/python3.7/site-packages/airflow/example_dags/example_python_operator.py took 0.204 seconds
[2023-01-12T16:24:25.488+0000] {processor.py:153} INFO - Started process (PID=497) to work on /home/airflow/.local/lib/python3.7/site-packages/airflow/example_dags/example_python_operator.py
[2023-01-12T16:24:25.489+0000] {processor.py:743} INFO - Processing file /home/airflow/.local/lib/python3.7/site-packages/airflow/example_dags/example_python_operator.py for tasks to queue
[2023-01-12T16:24:25.490+0000] {logging_mixin.py:137} INFO - [2023-01-12T16:24:25.490+0000] {dagbag.py:538} INFO - Filling up the DagBag from /home/airflow/.local/lib/python3.7/site-packages/airflow/example_dags/example_python_operator.py
[2023-01-12T16:24:25.523+0000] {logging_mixin.py:137} INFO - [2023-01-12T16:24:25.523+0000] {taskmixin.py:205} WARNING - Dependency <Task(_PythonDecoratedOperator): print_the_context>, log_sql_query already registered for DAG: example_python_operator
[2023-01-12T16:24:25.524+0000] {logging_mixin.py:137} INFO - [2023-01-12T16:24:25.523+0000] {taskmixin.py:205} WARNING - Dependency <Task(_PythonDecoratedOperator): log_sql_query>, print_the_context already registered for DAG: example_python_operator
[2023-01-12T16:24:25.525+0000] {logging_mixin.py:137} INFO - [2023-01-12T16:24:25.525+0000] {taskmixin.py:205} WARNING - Dependency <Task(_PythonDecoratedOperator): print_the_context>, log_sql_query already registered for DAG: example_python_operator
[2023-01-12T16:24:25.525+0000] {logging_mixin.py:137} INFO - [2023-01-12T16:24:25.525+0000] {taskmixin.py:205} WARNING - Dependency <Task(_PythonDecoratedOperator): log_sql_query>, print_the_context already registered for DAG: example_python_operator
[2023-01-12T16:24:25.526+0000] {logging_mixin.py:137} INFO - [2023-01-12T16:24:25.526+0000] {taskmixin.py:205} WARNING - Dependency <Task(_PythonDecoratedOperator): print_the_context>, log_sql_query already registered for DAG: example_python_operator
[2023-01-12T16:24:25.526+0000] {logging_mixin.py:137} INFO - [2023-01-12T16:24:25.526+0000] {taskmixin.py:205} WARNING - Dependency <Task(_PythonDecoratedOperator): log_sql_query>, print_the_context already registered for DAG: example_python_operator
[2023-01-12T16:24:25.527+0000] {logging_mixin.py:137} INFO - [2023-01-12T16:24:25.527+0000] {taskmixin.py:205} WARNING - Dependency <Task(_PythonDecoratedOperator): print_the_context>, log_sql_query already registered for DAG: example_python_operator
[2023-01-12T16:24:25.528+0000] {logging_mixin.py:137} INFO - [2023-01-12T16:24:25.527+0000] {taskmixin.py:205} WARNING - Dependency <Task(_PythonDecoratedOperator): log_sql_query>, print_the_context already registered for DAG: example_python_operator
[2023-01-12T16:24:25.539+0000] {processor.py:753} INFO - DAG(s) dict_keys(['example_python_operator']) retrieved from /home/airflow/.local/lib/python3.7/site-packages/airflow/example_dags/example_python_operator.py
[2023-01-12T16:24:25.612+0000] {logging_mixin.py:137} INFO - [2023-01-12T16:24:25.612+0000] {dag.py:2676} INFO - Sync 1 DAGs
[2023-01-12T16:24:25.658+0000] {logging_mixin.py:137} INFO - [2023-01-12T16:24:25.658+0000] {dag.py:3427} INFO - Setting next_dagrun for example_python_operator to None, run_after=None
[2023-01-12T16:24:25.693+0000] {processor.py:175} INFO - Processing /home/airflow/.local/lib/python3.7/site-packages/airflow/example_dags/example_python_operator.py took 0.210 seconds
[2023-01-12T16:24:56.214+0000] {processor.py:153} INFO - Started process (PID=570) to work on /home/airflow/.local/lib/python3.7/site-packages/airflow/example_dags/example_python_operator.py
[2023-01-12T16:24:56.215+0000] {processor.py:743} INFO - Processing file /home/airflow/.local/lib/python3.7/site-packages/airflow/example_dags/example_python_operator.py for tasks to queue
[2023-01-12T16:24:56.216+0000] {logging_mixin.py:137} INFO - [2023-01-12T16:24:56.216+0000] {dagbag.py:538} INFO - Filling up the DagBag from /home/airflow/.local/lib/python3.7/site-packages/airflow/example_dags/example_python_operator.py
[2023-01-12T16:24:56.255+0000] {logging_mixin.py:137} INFO - [2023-01-12T16:24:56.254+0000] {taskmixin.py:205} WARNING - Dependency <Task(_PythonDecoratedOperator): print_the_context>, log_sql_query already registered for DAG: example_python_operator
[2023-01-12T16:24:56.255+0000] {logging_mixin.py:137} INFO - [2023-01-12T16:24:56.255+0000] {taskmixin.py:205} WARNING - Dependency <Task(_PythonDecoratedOperator): log_sql_query>, print_the_context already registered for DAG: example_python_operator
[2023-01-12T16:24:56.258+0000] {logging_mixin.py:137} INFO - [2023-01-12T16:24:56.258+0000] {taskmixin.py:205} WARNING - Dependency <Task(_PythonDecoratedOperator): print_the_context>, log_sql_query already registered for DAG: example_python_operator
[2023-01-12T16:24:56.259+0000] {logging_mixin.py:137} INFO - [2023-01-12T16:24:56.259+0000] {taskmixin.py:205} WARNING - Dependency <Task(_PythonDecoratedOperator): log_sql_query>, print_the_context already registered for DAG: example_python_operator
[2023-01-12T16:24:56.262+0000] {logging_mixin.py:137} INFO - [2023-01-12T16:24:56.262+0000] {taskmixin.py:205} WARNING - Dependency <Task(_PythonDecoratedOperator): print_the_context>, log_sql_query already registered for DAG: example_python_operator
[2023-01-12T16:24:56.262+0000] {logging_mixin.py:137} INFO - [2023-01-12T16:24:56.262+0000] {taskmixin.py:205} WARNING - Dependency <Task(_PythonDecoratedOperator): log_sql_query>, print_the_context already registered for DAG: example_python_operator
[2023-01-12T16:24:56.263+0000] {logging_mixin.py:137} INFO - [2023-01-12T16:24:56.263+0000] {taskmixin.py:205} WARNING - Dependency <Task(_PythonDecoratedOperator): print_the_context>, log_sql_query already registered for DAG: example_python_operator
[2023-01-12T16:24:56.264+0000] {logging_mixin.py:137} INFO - [2023-01-12T16:24:56.264+0000] {taskmixin.py:205} WARNING - Dependency <Task(_PythonDecoratedOperator): log_sql_query>, print_the_context already registered for DAG: example_python_operator
[2023-01-12T16:24:56.286+0000] {processor.py:753} INFO - DAG(s) dict_keys(['example_python_operator']) retrieved from /home/airflow/.local/lib/python3.7/site-packages/airflow/example_dags/example_python_operator.py
[2023-01-12T16:24:56.374+0000] {logging_mixin.py:137} INFO - [2023-01-12T16:24:56.374+0000] {dag.py:2676} INFO - Sync 1 DAGs
[2023-01-12T16:24:56.423+0000] {logging_mixin.py:137} INFO - [2023-01-12T16:24:56.423+0000] {dag.py:3427} INFO - Setting next_dagrun for example_python_operator to None, run_after=None
[2023-01-12T16:24:56.463+0000] {processor.py:175} INFO - Processing /home/airflow/.local/lib/python3.7/site-packages/airflow/example_dags/example_python_operator.py took 0.256 seconds
[2023-01-12T16:25:26.520+0000] {processor.py:153} INFO - Started process (PID=632) to work on /home/airflow/.local/lib/python3.7/site-packages/airflow/example_dags/example_python_operator.py
[2023-01-12T16:25:26.521+0000] {processor.py:743} INFO - Processing file /home/airflow/.local/lib/python3.7/site-packages/airflow/example_dags/example_python_operator.py for tasks to queue
[2023-01-12T16:25:26.523+0000] {logging_mixin.py:137} INFO - [2023-01-12T16:25:26.522+0000] {dagbag.py:538} INFO - Filling up the DagBag from /home/airflow/.local/lib/python3.7/site-packages/airflow/example_dags/example_python_operator.py
[2023-01-12T16:25:26.555+0000] {logging_mixin.py:137} INFO - [2023-01-12T16:25:26.554+0000] {taskmixin.py:205} WARNING - Dependency <Task(_PythonDecoratedOperator): print_the_context>, log_sql_query already registered for DAG: example_python_operator
[2023-01-12T16:25:26.555+0000] {logging_mixin.py:137} INFO - [2023-01-12T16:25:26.555+0000] {taskmixin.py:205} WARNING - Dependency <Task(_PythonDecoratedOperator): log_sql_query>, print_the_context already registered for DAG: example_python_operator
[2023-01-12T16:25:26.556+0000] {logging_mixin.py:137} INFO - [2023-01-12T16:25:26.556+0000] {taskmixin.py:205} WARNING - Dependency <Task(_PythonDecoratedOperator): print_the_context>, log_sql_query already registered for DAG: example_python_operator
[2023-01-12T16:25:26.557+0000] {logging_mixin.py:137} INFO - [2023-01-12T16:25:26.557+0000] {taskmixin.py:205} WARNING - Dependency <Task(_PythonDecoratedOperator): log_sql_query>, print_the_context already registered for DAG: example_python_operator
[2023-01-12T16:25:26.558+0000] {logging_mixin.py:137} INFO - [2023-01-12T16:25:26.557+0000] {taskmixin.py:205} WARNING - Dependency <Task(_PythonDecoratedOperator): print_the_context>, log_sql_query already registered for DAG: example_python_operator
[2023-01-12T16:25:26.558+0000] {logging_mixin.py:137} INFO - [2023-01-12T16:25:26.558+0000] {taskmixin.py:205} WARNING - Dependency <Task(_PythonDecoratedOperator): log_sql_query>, print_the_context already registered for DAG: example_python_operator
[2023-01-12T16:25:26.559+0000] {logging_mixin.py:137} INFO - [2023-01-12T16:25:26.558+0000] {taskmixin.py:205} WARNING - Dependency <Task(_PythonDecoratedOperator): print_the_context>, log_sql_query already registered for DAG: example_python_operator
[2023-01-12T16:25:26.559+0000] {logging_mixin.py:137} INFO - [2023-01-12T16:25:26.559+0000] {taskmixin.py:205} WARNING - Dependency <Task(_PythonDecoratedOperator): log_sql_query>, print_the_context already registered for DAG: example_python_operator
[2023-01-12T16:25:26.569+0000] {processor.py:753} INFO - DAG(s) dict_keys(['example_python_operator']) retrieved from /home/airflow/.local/lib/python3.7/site-packages/airflow/example_dags/example_python_operator.py
[2023-01-12T16:25:26.640+0000] {logging_mixin.py:137} INFO - [2023-01-12T16:25:26.640+0000] {dag.py:2676} INFO - Sync 1 DAGs
[2023-01-12T16:25:26.692+0000] {logging_mixin.py:137} INFO - [2023-01-12T16:25:26.692+0000] {dag.py:3427} INFO - Setting next_dagrun for example_python_operator to None, run_after=None
[2023-01-12T16:25:26.730+0000] {processor.py:175} INFO - Processing /home/airflow/.local/lib/python3.7/site-packages/airflow/example_dags/example_python_operator.py took 0.216 seconds
