[2023-01-12T16:20:52.445+0000] {processor.py:153} INFO - Started process (PID=56) to work on /home/airflow/.local/lib/python3.7/site-packages/airflow/example_dags/example_short_circuit_decorator.py
[2023-01-12T16:20:52.446+0000] {processor.py:743} INFO - Processing file /home/airflow/.local/lib/python3.7/site-packages/airflow/example_dags/example_short_circuit_decorator.py for tasks to queue
[2023-01-12T16:20:52.447+0000] {logging_mixin.py:137} INFO - [2023-01-12T16:20:52.447+0000] {dagbag.py:538} INFO - Filling up the DagBag from /home/airflow/.local/lib/python3.7/site-packages/airflow/example_dags/example_short_circuit_decorator.py
[2023-01-12T16:20:52.517+0000] {processor.py:753} INFO - DAG(s) dict_keys(['example_short_circuit_decorator']) retrieved from /home/airflow/.local/lib/python3.7/site-packages/airflow/example_dags/example_short_circuit_decorator.py
[2023-01-12T16:20:52.597+0000] {logging_mixin.py:137} INFO - [2023-01-12T16:20:52.597+0000] {dag.py:2676} INFO - Sync 1 DAGs
[2023-01-12T16:20:52.642+0000] {logging_mixin.py:137} INFO - [2023-01-12T16:20:52.642+0000] {dag.py:3427} INFO - Setting next_dagrun for example_short_circuit_decorator to 2023-01-11T16:20:52.642177+00:00, run_after=2023-01-12T16:20:52.642177+00:00
[2023-01-12T16:20:52.692+0000] {processor.py:175} INFO - Processing /home/airflow/.local/lib/python3.7/site-packages/airflow/example_dags/example_short_circuit_decorator.py took 0.252 seconds
[2023-01-12T16:21:22.972+0000] {processor.py:153} INFO - Started process (PID=118) to work on /home/airflow/.local/lib/python3.7/site-packages/airflow/example_dags/example_short_circuit_decorator.py
[2023-01-12T16:21:22.973+0000] {processor.py:743} INFO - Processing file /home/airflow/.local/lib/python3.7/site-packages/airflow/example_dags/example_short_circuit_decorator.py for tasks to queue
[2023-01-12T16:21:22.974+0000] {logging_mixin.py:137} INFO - [2023-01-12T16:21:22.974+0000] {dagbag.py:538} INFO - Filling up the DagBag from /home/airflow/.local/lib/python3.7/site-packages/airflow/example_dags/example_short_circuit_decorator.py
[2023-01-12T16:21:23.023+0000] {processor.py:753} INFO - DAG(s) dict_keys(['example_short_circuit_decorator']) retrieved from /home/airflow/.local/lib/python3.7/site-packages/airflow/example_dags/example_short_circuit_decorator.py
[2023-01-12T16:21:23.090+0000] {logging_mixin.py:137} INFO - [2023-01-12T16:21:23.090+0000] {dag.py:2676} INFO - Sync 1 DAGs
[2023-01-12T16:21:23.132+0000] {logging_mixin.py:137} INFO - [2023-01-12T16:21:23.132+0000] {dag.py:3427} INFO - Setting next_dagrun for example_short_circuit_decorator to 2023-01-11T16:21:23.131869+00:00, run_after=2023-01-12T16:21:23.131869+00:00
[2023-01-12T16:21:23.164+0000] {processor.py:175} INFO - Processing /home/airflow/.local/lib/python3.7/site-packages/airflow/example_dags/example_short_circuit_decorator.py took 0.198 seconds
[2023-01-12T16:21:53.390+0000] {processor.py:153} INFO - Started process (PID=180) to work on /home/airflow/.local/lib/python3.7/site-packages/airflow/example_dags/example_short_circuit_decorator.py
[2023-01-12T16:21:53.391+0000] {processor.py:743} INFO - Processing file /home/airflow/.local/lib/python3.7/site-packages/airflow/example_dags/example_short_circuit_decorator.py for tasks to queue
[2023-01-12T16:21:53.393+0000] {logging_mixin.py:137} INFO - [2023-01-12T16:21:53.392+0000] {dagbag.py:538} INFO - Filling up the DagBag from /home/airflow/.local/lib/python3.7/site-packages/airflow/example_dags/example_short_circuit_decorator.py
[2023-01-12T16:21:53.451+0000] {processor.py:753} INFO - DAG(s) dict_keys(['example_short_circuit_decorator']) retrieved from /home/airflow/.local/lib/python3.7/site-packages/airflow/example_dags/example_short_circuit_decorator.py
[2023-01-12T16:21:53.530+0000] {logging_mixin.py:137} INFO - [2023-01-12T16:21:53.529+0000] {dag.py:2676} INFO - Sync 1 DAGs
[2023-01-12T16:21:53.585+0000] {logging_mixin.py:137} INFO - [2023-01-12T16:21:53.584+0000] {dag.py:3427} INFO - Setting next_dagrun for example_short_circuit_decorator to 2023-01-11T16:21:53.584436+00:00, run_after=2023-01-12T16:21:53.584436+00:00
[2023-01-12T16:21:53.638+0000] {processor.py:175} INFO - Processing /home/airflow/.local/lib/python3.7/site-packages/airflow/example_dags/example_short_circuit_decorator.py took 0.254 seconds
[2023-01-12T16:22:24.295+0000] {processor.py:153} INFO - Started process (PID=255) to work on /home/airflow/.local/lib/python3.7/site-packages/airflow/example_dags/example_short_circuit_decorator.py
[2023-01-12T16:22:24.300+0000] {processor.py:743} INFO - Processing file /home/airflow/.local/lib/python3.7/site-packages/airflow/example_dags/example_short_circuit_decorator.py for tasks to queue
[2023-01-12T16:22:24.302+0000] {logging_mixin.py:137} INFO - [2023-01-12T16:22:24.301+0000] {dagbag.py:538} INFO - Filling up the DagBag from /home/airflow/.local/lib/python3.7/site-packages/airflow/example_dags/example_short_circuit_decorator.py
[2023-01-12T16:22:24.352+0000] {processor.py:753} INFO - DAG(s) dict_keys(['example_short_circuit_decorator']) retrieved from /home/airflow/.local/lib/python3.7/site-packages/airflow/example_dags/example_short_circuit_decorator.py
[2023-01-12T16:22:24.440+0000] {logging_mixin.py:137} INFO - [2023-01-12T16:22:24.439+0000] {dag.py:2676} INFO - Sync 1 DAGs
[2023-01-12T16:22:24.504+0000] {logging_mixin.py:137} INFO - [2023-01-12T16:22:24.503+0000] {dag.py:3427} INFO - Setting next_dagrun for example_short_circuit_decorator to 2023-01-11T16:22:24.503332+00:00, run_after=2023-01-12T16:22:24.503332+00:00
[2023-01-12T16:22:24.545+0000] {processor.py:175} INFO - Processing /home/airflow/.local/lib/python3.7/site-packages/airflow/example_dags/example_short_circuit_decorator.py took 0.259 seconds
[2023-01-12T16:22:54.608+0000] {processor.py:153} INFO - Started process (PID=317) to work on /home/airflow/.local/lib/python3.7/site-packages/airflow/example_dags/example_short_circuit_decorator.py
[2023-01-12T16:22:54.609+0000] {processor.py:743} INFO - Processing file /home/airflow/.local/lib/python3.7/site-packages/airflow/example_dags/example_short_circuit_decorator.py for tasks to queue
[2023-01-12T16:22:54.610+0000] {logging_mixin.py:137} INFO - [2023-01-12T16:22:54.610+0000] {dagbag.py:538} INFO - Filling up the DagBag from /home/airflow/.local/lib/python3.7/site-packages/airflow/example_dags/example_short_circuit_decorator.py
[2023-01-12T16:22:54.659+0000] {processor.py:753} INFO - DAG(s) dict_keys(['example_short_circuit_decorator']) retrieved from /home/airflow/.local/lib/python3.7/site-packages/airflow/example_dags/example_short_circuit_decorator.py
[2023-01-12T16:22:54.735+0000] {logging_mixin.py:137} INFO - [2023-01-12T16:22:54.735+0000] {dag.py:2676} INFO - Sync 1 DAGs
[2023-01-12T16:22:54.777+0000] {logging_mixin.py:137} INFO - [2023-01-12T16:22:54.776+0000] {dag.py:3427} INFO - Setting next_dagrun for example_short_circuit_decorator to 2023-01-11T16:22:54.776307+00:00, run_after=2023-01-12T16:22:54.776307+00:00
[2023-01-12T16:22:54.815+0000] {processor.py:175} INFO - Processing /home/airflow/.local/lib/python3.7/site-packages/airflow/example_dags/example_short_circuit_decorator.py took 0.214 seconds
[2023-01-12T16:23:25.045+0000] {processor.py:153} INFO - Started process (PID=379) to work on /home/airflow/.local/lib/python3.7/site-packages/airflow/example_dags/example_short_circuit_decorator.py
[2023-01-12T16:23:25.046+0000] {processor.py:743} INFO - Processing file /home/airflow/.local/lib/python3.7/site-packages/airflow/example_dags/example_short_circuit_decorator.py for tasks to queue
[2023-01-12T16:23:25.047+0000] {logging_mixin.py:137} INFO - [2023-01-12T16:23:25.047+0000] {dagbag.py:538} INFO - Filling up the DagBag from /home/airflow/.local/lib/python3.7/site-packages/airflow/example_dags/example_short_circuit_decorator.py
[2023-01-12T16:23:25.108+0000] {processor.py:753} INFO - DAG(s) dict_keys(['example_short_circuit_decorator']) retrieved from /home/airflow/.local/lib/python3.7/site-packages/airflow/example_dags/example_short_circuit_decorator.py
[2023-01-12T16:23:25.190+0000] {logging_mixin.py:137} INFO - [2023-01-12T16:23:25.190+0000] {dag.py:2676} INFO - Sync 1 DAGs
[2023-01-12T16:23:25.238+0000] {logging_mixin.py:137} INFO - [2023-01-12T16:23:25.238+0000] {dag.py:3427} INFO - Setting next_dagrun for example_short_circuit_decorator to 2023-01-11T16:23:25.237691+00:00, run_after=2023-01-12T16:23:25.237691+00:00
[2023-01-12T16:23:25.272+0000] {processor.py:175} INFO - Processing /home/airflow/.local/lib/python3.7/site-packages/airflow/example_dags/example_short_circuit_decorator.py took 0.237 seconds
[2023-01-12T16:23:55.584+0000] {processor.py:153} INFO - Started process (PID=441) to work on /home/airflow/.local/lib/python3.7/site-packages/airflow/example_dags/example_short_circuit_decorator.py
[2023-01-12T16:23:55.586+0000] {processor.py:743} INFO - Processing file /home/airflow/.local/lib/python3.7/site-packages/airflow/example_dags/example_short_circuit_decorator.py for tasks to queue
[2023-01-12T16:23:55.587+0000] {logging_mixin.py:137} INFO - [2023-01-12T16:23:55.586+0000] {dagbag.py:538} INFO - Filling up the DagBag from /home/airflow/.local/lib/python3.7/site-packages/airflow/example_dags/example_short_circuit_decorator.py
[2023-01-12T16:23:55.628+0000] {processor.py:753} INFO - DAG(s) dict_keys(['example_short_circuit_decorator']) retrieved from /home/airflow/.local/lib/python3.7/site-packages/airflow/example_dags/example_short_circuit_decorator.py
[2023-01-12T16:23:55.691+0000] {logging_mixin.py:137} INFO - [2023-01-12T16:23:55.691+0000] {dag.py:2676} INFO - Sync 1 DAGs
[2023-01-12T16:23:55.731+0000] {logging_mixin.py:137} INFO - [2023-01-12T16:23:55.731+0000] {dag.py:3427} INFO - Setting next_dagrun for example_short_circuit_decorator to 2023-01-11T16:23:55.731232+00:00, run_after=2023-01-12T16:23:55.731232+00:00
[2023-01-12T16:23:55.768+0000] {processor.py:175} INFO - Processing /home/airflow/.local/lib/python3.7/site-packages/airflow/example_dags/example_short_circuit_decorator.py took 0.191 seconds
[2023-01-12T16:24:26.246+0000] {processor.py:153} INFO - Started process (PID=503) to work on /home/airflow/.local/lib/python3.7/site-packages/airflow/example_dags/example_short_circuit_decorator.py
[2023-01-12T16:24:26.247+0000] {processor.py:743} INFO - Processing file /home/airflow/.local/lib/python3.7/site-packages/airflow/example_dags/example_short_circuit_decorator.py for tasks to queue
[2023-01-12T16:24:26.248+0000] {logging_mixin.py:137} INFO - [2023-01-12T16:24:26.248+0000] {dagbag.py:538} INFO - Filling up the DagBag from /home/airflow/.local/lib/python3.7/site-packages/airflow/example_dags/example_short_circuit_decorator.py
[2023-01-12T16:24:26.290+0000] {processor.py:753} INFO - DAG(s) dict_keys(['example_short_circuit_decorator']) retrieved from /home/airflow/.local/lib/python3.7/site-packages/airflow/example_dags/example_short_circuit_decorator.py
[2023-01-12T16:24:26.354+0000] {logging_mixin.py:137} INFO - [2023-01-12T16:24:26.354+0000] {dag.py:2676} INFO - Sync 1 DAGs
[2023-01-12T16:24:26.401+0000] {logging_mixin.py:137} INFO - [2023-01-12T16:24:26.400+0000] {dag.py:3427} INFO - Setting next_dagrun for example_short_circuit_decorator to 2023-01-11T16:24:26.400385+00:00, run_after=2023-01-12T16:24:26.400385+00:00
[2023-01-12T16:24:26.432+0000] {processor.py:175} INFO - Processing /home/airflow/.local/lib/python3.7/site-packages/airflow/example_dags/example_short_circuit_decorator.py took 0.193 seconds
[2023-01-12T16:24:56.870+0000] {processor.py:153} INFO - Started process (PID=576) to work on /home/airflow/.local/lib/python3.7/site-packages/airflow/example_dags/example_short_circuit_decorator.py
[2023-01-12T16:24:56.871+0000] {processor.py:743} INFO - Processing file /home/airflow/.local/lib/python3.7/site-packages/airflow/example_dags/example_short_circuit_decorator.py for tasks to queue
[2023-01-12T16:24:56.881+0000] {logging_mixin.py:137} INFO - [2023-01-12T16:24:56.878+0000] {dagbag.py:538} INFO - Filling up the DagBag from /home/airflow/.local/lib/python3.7/site-packages/airflow/example_dags/example_short_circuit_decorator.py
[2023-01-12T16:24:56.932+0000] {processor.py:753} INFO - DAG(s) dict_keys(['example_short_circuit_decorator']) retrieved from /home/airflow/.local/lib/python3.7/site-packages/airflow/example_dags/example_short_circuit_decorator.py
[2023-01-12T16:24:56.996+0000] {logging_mixin.py:137} INFO - [2023-01-12T16:24:56.996+0000] {dag.py:2676} INFO - Sync 1 DAGs
[2023-01-12T16:24:57.041+0000] {logging_mixin.py:137} INFO - [2023-01-12T16:24:57.041+0000] {dag.py:3427} INFO - Setting next_dagrun for example_short_circuit_decorator to 2023-01-11T16:24:57.040536+00:00, run_after=2023-01-12T16:24:57.040536+00:00
[2023-01-12T16:24:57.082+0000] {processor.py:175} INFO - Processing /home/airflow/.local/lib/python3.7/site-packages/airflow/example_dags/example_short_circuit_decorator.py took 0.219 seconds
[2023-01-12T16:25:27.395+0000] {processor.py:153} INFO - Started process (PID=638) to work on /home/airflow/.local/lib/python3.7/site-packages/airflow/example_dags/example_short_circuit_decorator.py
[2023-01-12T16:25:27.397+0000] {processor.py:743} INFO - Processing file /home/airflow/.local/lib/python3.7/site-packages/airflow/example_dags/example_short_circuit_decorator.py for tasks to queue
[2023-01-12T16:25:27.398+0000] {logging_mixin.py:137} INFO - [2023-01-12T16:25:27.398+0000] {dagbag.py:538} INFO - Filling up the DagBag from /home/airflow/.local/lib/python3.7/site-packages/airflow/example_dags/example_short_circuit_decorator.py
[2023-01-12T16:25:27.447+0000] {processor.py:753} INFO - DAG(s) dict_keys(['example_short_circuit_decorator']) retrieved from /home/airflow/.local/lib/python3.7/site-packages/airflow/example_dags/example_short_circuit_decorator.py
[2023-01-12T16:25:27.513+0000] {logging_mixin.py:137} INFO - [2023-01-12T16:25:27.513+0000] {dag.py:2676} INFO - Sync 1 DAGs
[2023-01-12T16:25:27.560+0000] {logging_mixin.py:137} INFO - [2023-01-12T16:25:27.560+0000] {dag.py:3427} INFO - Setting next_dagrun for example_short_circuit_decorator to 2023-01-11T16:25:27.559948+00:00, run_after=2023-01-12T16:25:27.559948+00:00
[2023-01-12T16:25:27.594+0000] {processor.py:175} INFO - Processing /home/airflow/.local/lib/python3.7/site-packages/airflow/example_dags/example_short_circuit_decorator.py took 0.206 seconds
