[2023-01-12T16:20:52.460+0000] {processor.py:153} INFO - Started process (PID=57) to work on /home/airflow/.local/lib/python3.7/site-packages/airflow/example_dags/example_nested_branch_dag.py
[2023-01-12T16:20:52.463+0000] {processor.py:743} INFO - Processing file /home/airflow/.local/lib/python3.7/site-packages/airflow/example_dags/example_nested_branch_dag.py for tasks to queue
[2023-01-12T16:20:52.464+0000] {logging_mixin.py:137} INFO - [2023-01-12T16:20:52.464+0000] {dagbag.py:538} INFO - Filling up the DagBag from /home/airflow/.local/lib/python3.7/site-packages/airflow/example_dags/example_nested_branch_dag.py
[2023-01-12T16:20:52.522+0000] {processor.py:753} INFO - DAG(s) dict_keys(['example_nested_branch_dag']) retrieved from /home/airflow/.local/lib/python3.7/site-packages/airflow/example_dags/example_nested_branch_dag.py
[2023-01-12T16:20:52.616+0000] {logging_mixin.py:137} INFO - [2023-01-12T16:20:52.616+0000] {dag.py:2676} INFO - Sync 1 DAGs
[2023-01-12T16:20:52.706+0000] {logging_mixin.py:137} INFO - [2023-01-12T16:20:52.706+0000] {dag.py:3427} INFO - Setting next_dagrun for example_nested_branch_dag to 2023-01-11T00:00:00+00:00, run_after=2023-01-12T00:00:00+00:00
[2023-01-12T16:20:52.771+0000] {processor.py:175} INFO - Processing /home/airflow/.local/lib/python3.7/site-packages/airflow/example_dags/example_nested_branch_dag.py took 0.321 seconds
[2023-01-12T16:21:23.194+0000] {processor.py:153} INFO - Started process (PID=119) to work on /home/airflow/.local/lib/python3.7/site-packages/airflow/example_dags/example_nested_branch_dag.py
[2023-01-12T16:21:23.195+0000] {processor.py:743} INFO - Processing file /home/airflow/.local/lib/python3.7/site-packages/airflow/example_dags/example_nested_branch_dag.py for tasks to queue
[2023-01-12T16:21:23.196+0000] {logging_mixin.py:137} INFO - [2023-01-12T16:21:23.196+0000] {dagbag.py:538} INFO - Filling up the DagBag from /home/airflow/.local/lib/python3.7/site-packages/airflow/example_dags/example_nested_branch_dag.py
[2023-01-12T16:21:23.243+0000] {processor.py:753} INFO - DAG(s) dict_keys(['example_nested_branch_dag']) retrieved from /home/airflow/.local/lib/python3.7/site-packages/airflow/example_dags/example_nested_branch_dag.py
[2023-01-12T16:21:23.300+0000] {logging_mixin.py:137} INFO - [2023-01-12T16:21:23.299+0000] {dag.py:2676} INFO - Sync 1 DAGs
[2023-01-12T16:21:23.347+0000] {logging_mixin.py:137} INFO - [2023-01-12T16:21:23.347+0000] {dag.py:3427} INFO - Setting next_dagrun for example_nested_branch_dag to 2023-01-11T00:00:00+00:00, run_after=2023-01-12T00:00:00+00:00
[2023-01-12T16:21:23.382+0000] {processor.py:175} INFO - Processing /home/airflow/.local/lib/python3.7/site-packages/airflow/example_dags/example_nested_branch_dag.py took 0.193 seconds
[2023-01-12T16:21:53.628+0000] {processor.py:153} INFO - Started process (PID=181) to work on /home/airflow/.local/lib/python3.7/site-packages/airflow/example_dags/example_nested_branch_dag.py
[2023-01-12T16:21:53.630+0000] {processor.py:743} INFO - Processing file /home/airflow/.local/lib/python3.7/site-packages/airflow/example_dags/example_nested_branch_dag.py for tasks to queue
[2023-01-12T16:21:53.631+0000] {logging_mixin.py:137} INFO - [2023-01-12T16:21:53.631+0000] {dagbag.py:538} INFO - Filling up the DagBag from /home/airflow/.local/lib/python3.7/site-packages/airflow/example_dags/example_nested_branch_dag.py
[2023-01-12T16:21:53.688+0000] {processor.py:753} INFO - DAG(s) dict_keys(['example_nested_branch_dag']) retrieved from /home/airflow/.local/lib/python3.7/site-packages/airflow/example_dags/example_nested_branch_dag.py
[2023-01-12T16:21:53.757+0000] {logging_mixin.py:137} INFO - [2023-01-12T16:21:53.757+0000] {dag.py:2676} INFO - Sync 1 DAGs
[2023-01-12T16:21:53.802+0000] {logging_mixin.py:137} INFO - [2023-01-12T16:21:53.802+0000] {dag.py:3427} INFO - Setting next_dagrun for example_nested_branch_dag to 2023-01-11T00:00:00+00:00, run_after=2023-01-12T00:00:00+00:00
[2023-01-12T16:21:53.840+0000] {processor.py:175} INFO - Processing /home/airflow/.local/lib/python3.7/site-packages/airflow/example_dags/example_nested_branch_dag.py took 0.217 seconds
[2023-01-12T16:22:24.315+0000] {processor.py:153} INFO - Started process (PID=256) to work on /home/airflow/.local/lib/python3.7/site-packages/airflow/example_dags/example_nested_branch_dag.py
[2023-01-12T16:22:24.317+0000] {processor.py:743} INFO - Processing file /home/airflow/.local/lib/python3.7/site-packages/airflow/example_dags/example_nested_branch_dag.py for tasks to queue
[2023-01-12T16:22:24.318+0000] {logging_mixin.py:137} INFO - [2023-01-12T16:22:24.318+0000] {dagbag.py:538} INFO - Filling up the DagBag from /home/airflow/.local/lib/python3.7/site-packages/airflow/example_dags/example_nested_branch_dag.py
[2023-01-12T16:22:24.372+0000] {processor.py:753} INFO - DAG(s) dict_keys(['example_nested_branch_dag']) retrieved from /home/airflow/.local/lib/python3.7/site-packages/airflow/example_dags/example_nested_branch_dag.py
[2023-01-12T16:22:24.452+0000] {logging_mixin.py:137} INFO - [2023-01-12T16:22:24.452+0000] {dag.py:2676} INFO - Sync 1 DAGs
[2023-01-12T16:22:24.511+0000] {logging_mixin.py:137} INFO - [2023-01-12T16:22:24.510+0000] {dag.py:3427} INFO - Setting next_dagrun for example_nested_branch_dag to 2023-01-11T00:00:00+00:00, run_after=2023-01-12T00:00:00+00:00
[2023-01-12T16:22:24.549+0000] {processor.py:175} INFO - Processing /home/airflow/.local/lib/python3.7/site-packages/airflow/example_dags/example_nested_branch_dag.py took 0.241 seconds
[2023-01-12T16:22:54.766+0000] {processor.py:153} INFO - Started process (PID=318) to work on /home/airflow/.local/lib/python3.7/site-packages/airflow/example_dags/example_nested_branch_dag.py
[2023-01-12T16:22:54.768+0000] {processor.py:743} INFO - Processing file /home/airflow/.local/lib/python3.7/site-packages/airflow/example_dags/example_nested_branch_dag.py for tasks to queue
[2023-01-12T16:22:54.769+0000] {logging_mixin.py:137} INFO - [2023-01-12T16:22:54.769+0000] {dagbag.py:538} INFO - Filling up the DagBag from /home/airflow/.local/lib/python3.7/site-packages/airflow/example_dags/example_nested_branch_dag.py
[2023-01-12T16:22:54.816+0000] {processor.py:753} INFO - DAG(s) dict_keys(['example_nested_branch_dag']) retrieved from /home/airflow/.local/lib/python3.7/site-packages/airflow/example_dags/example_nested_branch_dag.py
[2023-01-12T16:22:54.891+0000] {logging_mixin.py:137} INFO - [2023-01-12T16:22:54.891+0000] {dag.py:2676} INFO - Sync 1 DAGs
[2023-01-12T16:22:54.944+0000] {logging_mixin.py:137} INFO - [2023-01-12T16:22:54.943+0000] {dag.py:3427} INFO - Setting next_dagrun for example_nested_branch_dag to 2023-01-11T00:00:00+00:00, run_after=2023-01-12T00:00:00+00:00
[2023-01-12T16:22:54.977+0000] {processor.py:175} INFO - Processing /home/airflow/.local/lib/python3.7/site-packages/airflow/example_dags/example_nested_branch_dag.py took 0.218 seconds
[2023-01-12T16:23:25.250+0000] {processor.py:153} INFO - Started process (PID=380) to work on /home/airflow/.local/lib/python3.7/site-packages/airflow/example_dags/example_nested_branch_dag.py
[2023-01-12T16:23:25.251+0000] {processor.py:743} INFO - Processing file /home/airflow/.local/lib/python3.7/site-packages/airflow/example_dags/example_nested_branch_dag.py for tasks to queue
[2023-01-12T16:23:25.253+0000] {logging_mixin.py:137} INFO - [2023-01-12T16:23:25.252+0000] {dagbag.py:538} INFO - Filling up the DagBag from /home/airflow/.local/lib/python3.7/site-packages/airflow/example_dags/example_nested_branch_dag.py
[2023-01-12T16:23:25.297+0000] {processor.py:753} INFO - DAG(s) dict_keys(['example_nested_branch_dag']) retrieved from /home/airflow/.local/lib/python3.7/site-packages/airflow/example_dags/example_nested_branch_dag.py
[2023-01-12T16:23:25.369+0000] {logging_mixin.py:137} INFO - [2023-01-12T16:23:25.368+0000] {dag.py:2676} INFO - Sync 1 DAGs
[2023-01-12T16:23:25.418+0000] {logging_mixin.py:137} INFO - [2023-01-12T16:23:25.417+0000] {dag.py:3427} INFO - Setting next_dagrun for example_nested_branch_dag to 2023-01-11T00:00:00+00:00, run_after=2023-01-12T00:00:00+00:00
[2023-01-12T16:23:25.457+0000] {processor.py:175} INFO - Processing /home/airflow/.local/lib/python3.7/site-packages/airflow/example_dags/example_nested_branch_dag.py took 0.213 seconds
[2023-01-12T16:23:55.766+0000] {processor.py:153} INFO - Started process (PID=442) to work on /home/airflow/.local/lib/python3.7/site-packages/airflow/example_dags/example_nested_branch_dag.py
[2023-01-12T16:23:55.767+0000] {processor.py:743} INFO - Processing file /home/airflow/.local/lib/python3.7/site-packages/airflow/example_dags/example_nested_branch_dag.py for tasks to queue
[2023-01-12T16:23:55.768+0000] {logging_mixin.py:137} INFO - [2023-01-12T16:23:55.768+0000] {dagbag.py:538} INFO - Filling up the DagBag from /home/airflow/.local/lib/python3.7/site-packages/airflow/example_dags/example_nested_branch_dag.py
[2023-01-12T16:23:55.810+0000] {processor.py:753} INFO - DAG(s) dict_keys(['example_nested_branch_dag']) retrieved from /home/airflow/.local/lib/python3.7/site-packages/airflow/example_dags/example_nested_branch_dag.py
[2023-01-12T16:23:55.871+0000] {logging_mixin.py:137} INFO - [2023-01-12T16:23:55.871+0000] {dag.py:2676} INFO - Sync 1 DAGs
[2023-01-12T16:23:55.913+0000] {logging_mixin.py:137} INFO - [2023-01-12T16:23:55.913+0000] {dag.py:3427} INFO - Setting next_dagrun for example_nested_branch_dag to 2023-01-11T00:00:00+00:00, run_after=2023-01-12T00:00:00+00:00
[2023-01-12T16:23:55.941+0000] {processor.py:175} INFO - Processing /home/airflow/.local/lib/python3.7/site-packages/airflow/example_dags/example_nested_branch_dag.py took 0.182 seconds
[2023-01-12T16:24:26.381+0000] {processor.py:153} INFO - Started process (PID=504) to work on /home/airflow/.local/lib/python3.7/site-packages/airflow/example_dags/example_nested_branch_dag.py
[2023-01-12T16:24:26.382+0000] {processor.py:743} INFO - Processing file /home/airflow/.local/lib/python3.7/site-packages/airflow/example_dags/example_nested_branch_dag.py for tasks to queue
[2023-01-12T16:24:26.383+0000] {logging_mixin.py:137} INFO - [2023-01-12T16:24:26.383+0000] {dagbag.py:538} INFO - Filling up the DagBag from /home/airflow/.local/lib/python3.7/site-packages/airflow/example_dags/example_nested_branch_dag.py
[2023-01-12T16:24:26.426+0000] {processor.py:753} INFO - DAG(s) dict_keys(['example_nested_branch_dag']) retrieved from /home/airflow/.local/lib/python3.7/site-packages/airflow/example_dags/example_nested_branch_dag.py
[2023-01-12T16:24:26.498+0000] {logging_mixin.py:137} INFO - [2023-01-12T16:24:26.498+0000] {dag.py:2676} INFO - Sync 1 DAGs
[2023-01-12T16:24:26.545+0000] {logging_mixin.py:137} INFO - [2023-01-12T16:24:26.545+0000] {dag.py:3427} INFO - Setting next_dagrun for example_nested_branch_dag to 2023-01-11T00:00:00+00:00, run_after=2023-01-12T00:00:00+00:00
[2023-01-12T16:24:26.579+0000] {processor.py:175} INFO - Processing /home/airflow/.local/lib/python3.7/site-packages/airflow/example_dags/example_nested_branch_dag.py took 0.204 seconds
[2023-01-12T16:24:56.932+0000] {processor.py:153} INFO - Started process (PID=577) to work on /home/airflow/.local/lib/python3.7/site-packages/airflow/example_dags/example_nested_branch_dag.py
[2023-01-12T16:24:56.934+0000] {processor.py:743} INFO - Processing file /home/airflow/.local/lib/python3.7/site-packages/airflow/example_dags/example_nested_branch_dag.py for tasks to queue
[2023-01-12T16:24:56.935+0000] {logging_mixin.py:137} INFO - [2023-01-12T16:24:56.935+0000] {dagbag.py:538} INFO - Filling up the DagBag from /home/airflow/.local/lib/python3.7/site-packages/airflow/example_dags/example_nested_branch_dag.py
[2023-01-12T16:24:56.976+0000] {processor.py:753} INFO - DAG(s) dict_keys(['example_nested_branch_dag']) retrieved from /home/airflow/.local/lib/python3.7/site-packages/airflow/example_dags/example_nested_branch_dag.py
[2023-01-12T16:24:57.042+0000] {logging_mixin.py:137} INFO - [2023-01-12T16:24:57.042+0000] {dag.py:2676} INFO - Sync 1 DAGs
[2023-01-12T16:24:57.090+0000] {logging_mixin.py:137} INFO - [2023-01-12T16:24:57.089+0000] {dag.py:3427} INFO - Setting next_dagrun for example_nested_branch_dag to 2023-01-11T00:00:00+00:00, run_after=2023-01-12T00:00:00+00:00
[2023-01-12T16:24:57.134+0000] {processor.py:175} INFO - Processing /home/airflow/.local/lib/python3.7/site-packages/airflow/example_dags/example_nested_branch_dag.py took 0.206 seconds
[2023-01-12T16:25:27.424+0000] {processor.py:153} INFO - Started process (PID=639) to work on /home/airflow/.local/lib/python3.7/site-packages/airflow/example_dags/example_nested_branch_dag.py
[2023-01-12T16:25:27.426+0000] {processor.py:743} INFO - Processing file /home/airflow/.local/lib/python3.7/site-packages/airflow/example_dags/example_nested_branch_dag.py for tasks to queue
[2023-01-12T16:25:27.427+0000] {logging_mixin.py:137} INFO - [2023-01-12T16:25:27.427+0000] {dagbag.py:538} INFO - Filling up the DagBag from /home/airflow/.local/lib/python3.7/site-packages/airflow/example_dags/example_nested_branch_dag.py
[2023-01-12T16:25:27.473+0000] {processor.py:753} INFO - DAG(s) dict_keys(['example_nested_branch_dag']) retrieved from /home/airflow/.local/lib/python3.7/site-packages/airflow/example_dags/example_nested_branch_dag.py
[2023-01-12T16:25:27.538+0000] {logging_mixin.py:137} INFO - [2023-01-12T16:25:27.537+0000] {dag.py:2676} INFO - Sync 1 DAGs
[2023-01-12T16:25:27.583+0000] {logging_mixin.py:137} INFO - [2023-01-12T16:25:27.583+0000] {dag.py:3427} INFO - Setting next_dagrun for example_nested_branch_dag to 2023-01-11T00:00:00+00:00, run_after=2023-01-12T00:00:00+00:00
[2023-01-12T16:25:27.618+0000] {processor.py:175} INFO - Processing /home/airflow/.local/lib/python3.7/site-packages/airflow/example_dags/example_nested_branch_dag.py took 0.199 seconds
