[2023-01-12T16:20:55.130+0000] {processor.py:153} INFO - Started process (PID=74) to work on /home/airflow/.local/lib/python3.7/site-packages/airflow/example_dags/example_datasets.py
[2023-01-12T16:20:55.132+0000] {processor.py:743} INFO - Processing file /home/airflow/.local/lib/python3.7/site-packages/airflow/example_dags/example_datasets.py for tasks to queue
[2023-01-12T16:20:55.134+0000] {logging_mixin.py:137} INFO - [2023-01-12T16:20:55.133+0000] {dagbag.py:538} INFO - Filling up the DagBag from /home/airflow/.local/lib/python3.7/site-packages/airflow/example_dags/example_datasets.py
[2023-01-12T16:20:55.179+0000] {processor.py:753} INFO - DAG(s) dict_keys(['dataset_consumes_1', 'dataset_produces_2', 'dataset_consumes_1_never_scheduled', 'dataset_produces_1', 'dataset_consumes_unknown_never_scheduled', 'dataset_consumes_1_and_2']) retrieved from /home/airflow/.local/lib/python3.7/site-packages/airflow/example_dags/example_datasets.py
[2023-01-12T16:20:55.445+0000] {logging_mixin.py:137} INFO - [2023-01-12T16:20:55.445+0000] {dag.py:2676} INFO - Sync 6 DAGs
[2023-01-12T16:20:55.497+0000] {logging_mixin.py:137} INFO - [2023-01-12T16:20:55.496+0000] {dag.py:3427} INFO - Setting next_dagrun for dataset_consumes_1 to None, run_after=None
[2023-01-12T16:20:55.508+0000] {logging_mixin.py:137} INFO - [2023-01-12T16:20:55.508+0000] {dag.py:3427} INFO - Setting next_dagrun for dataset_consumes_1_and_2 to None, run_after=None
[2023-01-12T16:20:55.511+0000] {logging_mixin.py:137} INFO - [2023-01-12T16:20:55.510+0000] {dag.py:3427} INFO - Setting next_dagrun for dataset_consumes_1_never_scheduled to None, run_after=None
[2023-01-12T16:20:55.513+0000] {logging_mixin.py:137} INFO - [2023-01-12T16:20:55.513+0000] {dag.py:3427} INFO - Setting next_dagrun for dataset_consumes_unknown_never_scheduled to None, run_after=None
[2023-01-12T16:20:55.519+0000] {logging_mixin.py:137} INFO - [2023-01-12T16:20:55.519+0000] {dag.py:3427} INFO - Setting next_dagrun for dataset_produces_1 to 2023-01-11T00:00:00+00:00, run_after=2023-01-12T00:00:00+00:00
[2023-01-12T16:20:55.522+0000] {logging_mixin.py:137} INFO - [2023-01-12T16:20:55.522+0000] {dag.py:3427} INFO - Setting next_dagrun for dataset_produces_2 to None, run_after=None
[2023-01-12T16:20:55.618+0000] {processor.py:175} INFO - Processing /home/airflow/.local/lib/python3.7/site-packages/airflow/example_dags/example_datasets.py took 0.505 seconds
[2023-01-12T16:21:25.711+0000] {processor.py:153} INFO - Started process (PID=136) to work on /home/airflow/.local/lib/python3.7/site-packages/airflow/example_dags/example_datasets.py
[2023-01-12T16:21:25.712+0000] {processor.py:743} INFO - Processing file /home/airflow/.local/lib/python3.7/site-packages/airflow/example_dags/example_datasets.py for tasks to queue
[2023-01-12T16:21:25.713+0000] {logging_mixin.py:137} INFO - [2023-01-12T16:21:25.713+0000] {dagbag.py:538} INFO - Filling up the DagBag from /home/airflow/.local/lib/python3.7/site-packages/airflow/example_dags/example_datasets.py
[2023-01-12T16:21:25.743+0000] {processor.py:753} INFO - DAG(s) dict_keys(['dataset_produces_1', 'dataset_consumes_1_and_2', 'dataset_consumes_1_never_scheduled', 'dataset_consumes_unknown_never_scheduled', 'dataset_consumes_1', 'dataset_produces_2']) retrieved from /home/airflow/.local/lib/python3.7/site-packages/airflow/example_dags/example_datasets.py
[2023-01-12T16:21:25.834+0000] {logging_mixin.py:137} INFO - [2023-01-12T16:21:25.834+0000] {dag.py:2676} INFO - Sync 6 DAGs
[2023-01-12T16:21:25.877+0000] {logging_mixin.py:137} INFO - [2023-01-12T16:21:25.877+0000] {dag.py:3427} INFO - Setting next_dagrun for dataset_consumes_1 to None, run_after=None
[2023-01-12T16:21:25.884+0000] {logging_mixin.py:137} INFO - [2023-01-12T16:21:25.883+0000] {dag.py:3427} INFO - Setting next_dagrun for dataset_consumes_1_and_2 to None, run_after=None
[2023-01-12T16:21:25.886+0000] {logging_mixin.py:137} INFO - [2023-01-12T16:21:25.886+0000] {dag.py:3427} INFO - Setting next_dagrun for dataset_consumes_1_never_scheduled to None, run_after=None
[2023-01-12T16:21:25.888+0000] {logging_mixin.py:137} INFO - [2023-01-12T16:21:25.888+0000] {dag.py:3427} INFO - Setting next_dagrun for dataset_consumes_unknown_never_scheduled to None, run_after=None
[2023-01-12T16:21:25.894+0000] {logging_mixin.py:137} INFO - [2023-01-12T16:21:25.893+0000] {dag.py:3427} INFO - Setting next_dagrun for dataset_produces_1 to 2023-01-11T00:00:00+00:00, run_after=2023-01-12T00:00:00+00:00
[2023-01-12T16:21:25.896+0000] {logging_mixin.py:137} INFO - [2023-01-12T16:21:25.896+0000] {dag.py:3427} INFO - Setting next_dagrun for dataset_produces_2 to None, run_after=None
[2023-01-12T16:21:25.955+0000] {processor.py:175} INFO - Processing /home/airflow/.local/lib/python3.7/site-packages/airflow/example_dags/example_datasets.py took 0.250 seconds
[2023-01-12T16:21:56.506+0000] {processor.py:153} INFO - Started process (PID=210) to work on /home/airflow/.local/lib/python3.7/site-packages/airflow/example_dags/example_datasets.py
[2023-01-12T16:21:56.508+0000] {processor.py:743} INFO - Processing file /home/airflow/.local/lib/python3.7/site-packages/airflow/example_dags/example_datasets.py for tasks to queue
[2023-01-12T16:21:56.510+0000] {logging_mixin.py:137} INFO - [2023-01-12T16:21:56.510+0000] {dagbag.py:538} INFO - Filling up the DagBag from /home/airflow/.local/lib/python3.7/site-packages/airflow/example_dags/example_datasets.py
[2023-01-12T16:21:56.548+0000] {processor.py:753} INFO - DAG(s) dict_keys(['dataset_produces_2', 'dataset_consumes_1', 'dataset_consumes_unknown_never_scheduled', 'dataset_produces_1', 'dataset_consumes_1_and_2', 'dataset_consumes_1_never_scheduled']) retrieved from /home/airflow/.local/lib/python3.7/site-packages/airflow/example_dags/example_datasets.py
[2023-01-12T16:21:56.638+0000] {logging_mixin.py:137} INFO - [2023-01-12T16:21:56.638+0000] {dag.py:2676} INFO - Sync 6 DAGs
[2023-01-12T16:21:56.680+0000] {logging_mixin.py:137} INFO - [2023-01-12T16:21:56.680+0000] {dag.py:3427} INFO - Setting next_dagrun for dataset_consumes_1 to None, run_after=None
[2023-01-12T16:21:56.685+0000] {logging_mixin.py:137} INFO - [2023-01-12T16:21:56.685+0000] {dag.py:3427} INFO - Setting next_dagrun for dataset_consumes_1_and_2 to None, run_after=None
[2023-01-12T16:21:56.688+0000] {logging_mixin.py:137} INFO - [2023-01-12T16:21:56.687+0000] {dag.py:3427} INFO - Setting next_dagrun for dataset_consumes_1_never_scheduled to None, run_after=None
[2023-01-12T16:21:56.690+0000] {logging_mixin.py:137} INFO - [2023-01-12T16:21:56.690+0000] {dag.py:3427} INFO - Setting next_dagrun for dataset_consumes_unknown_never_scheduled to None, run_after=None
[2023-01-12T16:21:56.694+0000] {logging_mixin.py:137} INFO - [2023-01-12T16:21:56.694+0000] {dag.py:3427} INFO - Setting next_dagrun for dataset_produces_1 to 2023-01-11T00:00:00+00:00, run_after=2023-01-12T00:00:00+00:00
[2023-01-12T16:21:56.696+0000] {logging_mixin.py:137} INFO - [2023-01-12T16:21:56.696+0000] {dag.py:3427} INFO - Setting next_dagrun for dataset_produces_2 to None, run_after=None
[2023-01-12T16:21:56.750+0000] {processor.py:175} INFO - Processing /home/airflow/.local/lib/python3.7/site-packages/airflow/example_dags/example_datasets.py took 0.251 seconds
[2023-01-12T16:22:26.947+0000] {processor.py:153} INFO - Started process (PID=273) to work on /home/airflow/.local/lib/python3.7/site-packages/airflow/example_dags/example_datasets.py
[2023-01-12T16:22:26.949+0000] {processor.py:743} INFO - Processing file /home/airflow/.local/lib/python3.7/site-packages/airflow/example_dags/example_datasets.py for tasks to queue
[2023-01-12T16:22:26.950+0000] {logging_mixin.py:137} INFO - [2023-01-12T16:22:26.950+0000] {dagbag.py:538} INFO - Filling up the DagBag from /home/airflow/.local/lib/python3.7/site-packages/airflow/example_dags/example_datasets.py
[2023-01-12T16:22:26.989+0000] {processor.py:753} INFO - DAG(s) dict_keys(['dataset_consumes_unknown_never_scheduled', 'dataset_consumes_1_and_2', 'dataset_consumes_1_never_scheduled', 'dataset_produces_1', 'dataset_consumes_1', 'dataset_produces_2']) retrieved from /home/airflow/.local/lib/python3.7/site-packages/airflow/example_dags/example_datasets.py
[2023-01-12T16:22:27.096+0000] {logging_mixin.py:137} INFO - [2023-01-12T16:22:27.095+0000] {dag.py:2676} INFO - Sync 6 DAGs
[2023-01-12T16:22:27.145+0000] {logging_mixin.py:137} INFO - [2023-01-12T16:22:27.144+0000] {dag.py:3427} INFO - Setting next_dagrun for dataset_consumes_1 to None, run_after=None
[2023-01-12T16:22:27.152+0000] {logging_mixin.py:137} INFO - [2023-01-12T16:22:27.151+0000] {dag.py:3427} INFO - Setting next_dagrun for dataset_consumes_1_and_2 to None, run_after=None
[2023-01-12T16:22:27.154+0000] {logging_mixin.py:137} INFO - [2023-01-12T16:22:27.154+0000] {dag.py:3427} INFO - Setting next_dagrun for dataset_consumes_1_never_scheduled to None, run_after=None
[2023-01-12T16:22:27.156+0000] {logging_mixin.py:137} INFO - [2023-01-12T16:22:27.156+0000] {dag.py:3427} INFO - Setting next_dagrun for dataset_consumes_unknown_never_scheduled to None, run_after=None
[2023-01-12T16:22:27.161+0000] {logging_mixin.py:137} INFO - [2023-01-12T16:22:27.160+0000] {dag.py:3427} INFO - Setting next_dagrun for dataset_produces_1 to 2023-01-11T00:00:00+00:00, run_after=2023-01-12T00:00:00+00:00
[2023-01-12T16:22:27.163+0000] {logging_mixin.py:137} INFO - [2023-01-12T16:22:27.163+0000] {dag.py:3427} INFO - Setting next_dagrun for dataset_produces_2 to None, run_after=None
[2023-01-12T16:22:27.234+0000] {processor.py:175} INFO - Processing /home/airflow/.local/lib/python3.7/site-packages/airflow/example_dags/example_datasets.py took 0.293 seconds
[2023-01-12T16:22:57.748+0000] {processor.py:153} INFO - Started process (PID=335) to work on /home/airflow/.local/lib/python3.7/site-packages/airflow/example_dags/example_datasets.py
[2023-01-12T16:22:57.750+0000] {processor.py:743} INFO - Processing file /home/airflow/.local/lib/python3.7/site-packages/airflow/example_dags/example_datasets.py for tasks to queue
[2023-01-12T16:22:57.751+0000] {logging_mixin.py:137} INFO - [2023-01-12T16:22:57.751+0000] {dagbag.py:538} INFO - Filling up the DagBag from /home/airflow/.local/lib/python3.7/site-packages/airflow/example_dags/example_datasets.py
[2023-01-12T16:22:57.785+0000] {processor.py:753} INFO - DAG(s) dict_keys(['dataset_produces_2', 'dataset_consumes_1_never_scheduled', 'dataset_produces_1', 'dataset_consumes_unknown_never_scheduled', 'dataset_consumes_1', 'dataset_consumes_1_and_2']) retrieved from /home/airflow/.local/lib/python3.7/site-packages/airflow/example_dags/example_datasets.py
[2023-01-12T16:22:57.887+0000] {logging_mixin.py:137} INFO - [2023-01-12T16:22:57.887+0000] {dag.py:2676} INFO - Sync 6 DAGs
[2023-01-12T16:22:57.931+0000] {logging_mixin.py:137} INFO - [2023-01-12T16:22:57.931+0000] {dag.py:3427} INFO - Setting next_dagrun for dataset_consumes_1 to None, run_after=None
[2023-01-12T16:22:57.937+0000] {logging_mixin.py:137} INFO - [2023-01-12T16:22:57.937+0000] {dag.py:3427} INFO - Setting next_dagrun for dataset_consumes_1_and_2 to None, run_after=None
[2023-01-12T16:22:57.940+0000] {logging_mixin.py:137} INFO - [2023-01-12T16:22:57.940+0000] {dag.py:3427} INFO - Setting next_dagrun for dataset_consumes_1_never_scheduled to None, run_after=None
[2023-01-12T16:22:57.942+0000] {logging_mixin.py:137} INFO - [2023-01-12T16:22:57.942+0000] {dag.py:3427} INFO - Setting next_dagrun for dataset_consumes_unknown_never_scheduled to None, run_after=None
[2023-01-12T16:22:57.947+0000] {logging_mixin.py:137} INFO - [2023-01-12T16:22:57.947+0000] {dag.py:3427} INFO - Setting next_dagrun for dataset_produces_1 to 2023-01-11T00:00:00+00:00, run_after=2023-01-12T00:00:00+00:00
[2023-01-12T16:22:57.950+0000] {logging_mixin.py:137} INFO - [2023-01-12T16:22:57.950+0000] {dag.py:3427} INFO - Setting next_dagrun for dataset_produces_2 to None, run_after=None
[2023-01-12T16:22:58.017+0000] {processor.py:175} INFO - Processing /home/airflow/.local/lib/python3.7/site-packages/airflow/example_dags/example_datasets.py took 0.276 seconds
[2023-01-12T16:23:28.250+0000] {processor.py:153} INFO - Started process (PID=397) to work on /home/airflow/.local/lib/python3.7/site-packages/airflow/example_dags/example_datasets.py
[2023-01-12T16:23:28.251+0000] {processor.py:743} INFO - Processing file /home/airflow/.local/lib/python3.7/site-packages/airflow/example_dags/example_datasets.py for tasks to queue
[2023-01-12T16:23:28.253+0000] {logging_mixin.py:137} INFO - [2023-01-12T16:23:28.252+0000] {dagbag.py:538} INFO - Filling up the DagBag from /home/airflow/.local/lib/python3.7/site-packages/airflow/example_dags/example_datasets.py
[2023-01-12T16:23:28.278+0000] {processor.py:753} INFO - DAG(s) dict_keys(['dataset_consumes_1_never_scheduled', 'dataset_consumes_unknown_never_scheduled', 'dataset_produces_2', 'dataset_produces_1', 'dataset_consumes_1', 'dataset_consumes_1_and_2']) retrieved from /home/airflow/.local/lib/python3.7/site-packages/airflow/example_dags/example_datasets.py
[2023-01-12T16:23:28.388+0000] {logging_mixin.py:137} INFO - [2023-01-12T16:23:28.387+0000] {dag.py:2676} INFO - Sync 6 DAGs
[2023-01-12T16:23:28.438+0000] {logging_mixin.py:137} INFO - [2023-01-12T16:23:28.438+0000] {dag.py:3427} INFO - Setting next_dagrun for dataset_consumes_1 to None, run_after=None
[2023-01-12T16:23:28.444+0000] {logging_mixin.py:137} INFO - [2023-01-12T16:23:28.443+0000] {dag.py:3427} INFO - Setting next_dagrun for dataset_consumes_1_and_2 to None, run_after=None
[2023-01-12T16:23:28.446+0000] {logging_mixin.py:137} INFO - [2023-01-12T16:23:28.446+0000] {dag.py:3427} INFO - Setting next_dagrun for dataset_consumes_1_never_scheduled to None, run_after=None
[2023-01-12T16:23:28.449+0000] {logging_mixin.py:137} INFO - [2023-01-12T16:23:28.448+0000] {dag.py:3427} INFO - Setting next_dagrun for dataset_consumes_unknown_never_scheduled to None, run_after=None
[2023-01-12T16:23:28.455+0000] {logging_mixin.py:137} INFO - [2023-01-12T16:23:28.454+0000] {dag.py:3427} INFO - Setting next_dagrun for dataset_produces_1 to 2023-01-11T00:00:00+00:00, run_after=2023-01-12T00:00:00+00:00
[2023-01-12T16:23:28.457+0000] {logging_mixin.py:137} INFO - [2023-01-12T16:23:28.457+0000] {dag.py:3427} INFO - Setting next_dagrun for dataset_produces_2 to None, run_after=None
[2023-01-12T16:23:28.522+0000] {processor.py:175} INFO - Processing /home/airflow/.local/lib/python3.7/site-packages/airflow/example_dags/example_datasets.py took 0.277 seconds
[2023-01-12T16:23:58.685+0000] {processor.py:153} INFO - Started process (PID=459) to work on /home/airflow/.local/lib/python3.7/site-packages/airflow/example_dags/example_datasets.py
[2023-01-12T16:23:58.686+0000] {processor.py:743} INFO - Processing file /home/airflow/.local/lib/python3.7/site-packages/airflow/example_dags/example_datasets.py for tasks to queue
[2023-01-12T16:23:58.687+0000] {logging_mixin.py:137} INFO - [2023-01-12T16:23:58.687+0000] {dagbag.py:538} INFO - Filling up the DagBag from /home/airflow/.local/lib/python3.7/site-packages/airflow/example_dags/example_datasets.py
[2023-01-12T16:23:58.717+0000] {processor.py:753} INFO - DAG(s) dict_keys(['dataset_consumes_1_and_2', 'dataset_consumes_unknown_never_scheduled', 'dataset_produces_1', 'dataset_consumes_1_never_scheduled', 'dataset_consumes_1', 'dataset_produces_2']) retrieved from /home/airflow/.local/lib/python3.7/site-packages/airflow/example_dags/example_datasets.py
[2023-01-12T16:23:58.826+0000] {logging_mixin.py:137} INFO - [2023-01-12T16:23:58.825+0000] {dag.py:2676} INFO - Sync 6 DAGs
[2023-01-12T16:23:58.877+0000] {logging_mixin.py:137} INFO - [2023-01-12T16:23:58.876+0000] {dag.py:3427} INFO - Setting next_dagrun for dataset_consumes_1 to None, run_after=None
[2023-01-12T16:23:58.883+0000] {logging_mixin.py:137} INFO - [2023-01-12T16:23:58.883+0000] {dag.py:3427} INFO - Setting next_dagrun for dataset_consumes_1_and_2 to None, run_after=None
[2023-01-12T16:23:58.885+0000] {logging_mixin.py:137} INFO - [2023-01-12T16:23:58.885+0000] {dag.py:3427} INFO - Setting next_dagrun for dataset_consumes_1_never_scheduled to None, run_after=None
[2023-01-12T16:23:58.887+0000] {logging_mixin.py:137} INFO - [2023-01-12T16:23:58.887+0000] {dag.py:3427} INFO - Setting next_dagrun for dataset_consumes_unknown_never_scheduled to None, run_after=None
[2023-01-12T16:23:58.892+0000] {logging_mixin.py:137} INFO - [2023-01-12T16:23:58.892+0000] {dag.py:3427} INFO - Setting next_dagrun for dataset_produces_1 to 2023-01-11T00:00:00+00:00, run_after=2023-01-12T00:00:00+00:00
[2023-01-12T16:23:58.896+0000] {logging_mixin.py:137} INFO - [2023-01-12T16:23:58.895+0000] {dag.py:3427} INFO - Setting next_dagrun for dataset_produces_2 to None, run_after=None
[2023-01-12T16:23:58.976+0000] {processor.py:175} INFO - Processing /home/airflow/.local/lib/python3.7/site-packages/airflow/example_dags/example_datasets.py took 0.297 seconds
[2023-01-12T16:24:29.387+0000] {processor.py:153} INFO - Started process (PID=533) to work on /home/airflow/.local/lib/python3.7/site-packages/airflow/example_dags/example_datasets.py
[2023-01-12T16:24:29.388+0000] {processor.py:743} INFO - Processing file /home/airflow/.local/lib/python3.7/site-packages/airflow/example_dags/example_datasets.py for tasks to queue
[2023-01-12T16:24:29.389+0000] {logging_mixin.py:137} INFO - [2023-01-12T16:24:29.389+0000] {dagbag.py:538} INFO - Filling up the DagBag from /home/airflow/.local/lib/python3.7/site-packages/airflow/example_dags/example_datasets.py
[2023-01-12T16:24:29.417+0000] {processor.py:753} INFO - DAG(s) dict_keys(['dataset_produces_1', 'dataset_consumes_1_never_scheduled', 'dataset_produces_2', 'dataset_consumes_1_and_2', 'dataset_consumes_1', 'dataset_consumes_unknown_never_scheduled']) retrieved from /home/airflow/.local/lib/python3.7/site-packages/airflow/example_dags/example_datasets.py
[2023-01-12T16:24:29.520+0000] {logging_mixin.py:137} INFO - [2023-01-12T16:24:29.519+0000] {dag.py:2676} INFO - Sync 6 DAGs
[2023-01-12T16:24:29.572+0000] {logging_mixin.py:137} INFO - [2023-01-12T16:24:29.572+0000] {dag.py:3427} INFO - Setting next_dagrun for dataset_consumes_1 to None, run_after=None
[2023-01-12T16:24:29.579+0000] {logging_mixin.py:137} INFO - [2023-01-12T16:24:29.579+0000] {dag.py:3427} INFO - Setting next_dagrun for dataset_consumes_1_and_2 to None, run_after=None
[2023-01-12T16:24:29.582+0000] {logging_mixin.py:137} INFO - [2023-01-12T16:24:29.582+0000] {dag.py:3427} INFO - Setting next_dagrun for dataset_consumes_1_never_scheduled to None, run_after=None
[2023-01-12T16:24:29.585+0000] {logging_mixin.py:137} INFO - [2023-01-12T16:24:29.584+0000] {dag.py:3427} INFO - Setting next_dagrun for dataset_consumes_unknown_never_scheduled to None, run_after=None
[2023-01-12T16:24:29.590+0000] {logging_mixin.py:137} INFO - [2023-01-12T16:24:29.590+0000] {dag.py:3427} INFO - Setting next_dagrun for dataset_produces_1 to 2023-01-11T00:00:00+00:00, run_after=2023-01-12T00:00:00+00:00
[2023-01-12T16:24:29.592+0000] {logging_mixin.py:137} INFO - [2023-01-12T16:24:29.592+0000] {dag.py:3427} INFO - Setting next_dagrun for dataset_produces_2 to None, run_after=None
[2023-01-12T16:24:29.655+0000] {processor.py:175} INFO - Processing /home/airflow/.local/lib/python3.7/site-packages/airflow/example_dags/example_datasets.py took 0.274 seconds
[2023-01-12T16:25:00.574+0000] {processor.py:153} INFO - Started process (PID=594) to work on /home/airflow/.local/lib/python3.7/site-packages/airflow/example_dags/example_datasets.py
[2023-01-12T16:25:00.575+0000] {processor.py:743} INFO - Processing file /home/airflow/.local/lib/python3.7/site-packages/airflow/example_dags/example_datasets.py for tasks to queue
[2023-01-12T16:25:00.576+0000] {logging_mixin.py:137} INFO - [2023-01-12T16:25:00.576+0000] {dagbag.py:538} INFO - Filling up the DagBag from /home/airflow/.local/lib/python3.7/site-packages/airflow/example_dags/example_datasets.py
[2023-01-12T16:25:00.603+0000] {processor.py:753} INFO - DAG(s) dict_keys(['dataset_produces_2', 'dataset_produces_1', 'dataset_consumes_1_and_2', 'dataset_consumes_1', 'dataset_consumes_unknown_never_scheduled', 'dataset_consumes_1_never_scheduled']) retrieved from /home/airflow/.local/lib/python3.7/site-packages/airflow/example_dags/example_datasets.py
[2023-01-12T16:25:00.701+0000] {logging_mixin.py:137} INFO - [2023-01-12T16:25:00.701+0000] {dag.py:2676} INFO - Sync 6 DAGs
[2023-01-12T16:25:00.747+0000] {logging_mixin.py:137} INFO - [2023-01-12T16:25:00.747+0000] {dag.py:3427} INFO - Setting next_dagrun for dataset_consumes_1 to None, run_after=None
[2023-01-12T16:25:00.754+0000] {logging_mixin.py:137} INFO - [2023-01-12T16:25:00.754+0000] {dag.py:3427} INFO - Setting next_dagrun for dataset_consumes_1_and_2 to None, run_after=None
[2023-01-12T16:25:00.757+0000] {logging_mixin.py:137} INFO - [2023-01-12T16:25:00.757+0000] {dag.py:3427} INFO - Setting next_dagrun for dataset_consumes_1_never_scheduled to None, run_after=None
[2023-01-12T16:25:00.759+0000] {logging_mixin.py:137} INFO - [2023-01-12T16:25:00.759+0000] {dag.py:3427} INFO - Setting next_dagrun for dataset_consumes_unknown_never_scheduled to None, run_after=None
[2023-01-12T16:25:00.764+0000] {logging_mixin.py:137} INFO - [2023-01-12T16:25:00.763+0000] {dag.py:3427} INFO - Setting next_dagrun for dataset_produces_1 to 2023-01-11T00:00:00+00:00, run_after=2023-01-12T00:00:00+00:00
[2023-01-12T16:25:00.766+0000] {logging_mixin.py:137} INFO - [2023-01-12T16:25:00.766+0000] {dag.py:3427} INFO - Setting next_dagrun for dataset_produces_2 to None, run_after=None
[2023-01-12T16:25:00.835+0000] {processor.py:175} INFO - Processing /home/airflow/.local/lib/python3.7/site-packages/airflow/example_dags/example_datasets.py took 0.267 seconds
[2023-01-12T16:25:30.969+0000] {processor.py:153} INFO - Started process (PID=656) to work on /home/airflow/.local/lib/python3.7/site-packages/airflow/example_dags/example_datasets.py
[2023-01-12T16:25:30.970+0000] {processor.py:743} INFO - Processing file /home/airflow/.local/lib/python3.7/site-packages/airflow/example_dags/example_datasets.py for tasks to queue
[2023-01-12T16:25:30.971+0000] {logging_mixin.py:137} INFO - [2023-01-12T16:25:30.971+0000] {dagbag.py:538} INFO - Filling up the DagBag from /home/airflow/.local/lib/python3.7/site-packages/airflow/example_dags/example_datasets.py
[2023-01-12T16:25:31.000+0000] {processor.py:753} INFO - DAG(s) dict_keys(['dataset_consumes_1_and_2', 'dataset_consumes_unknown_never_scheduled', 'dataset_produces_2', 'dataset_consumes_1', 'dataset_consumes_1_never_scheduled', 'dataset_produces_1']) retrieved from /home/airflow/.local/lib/python3.7/site-packages/airflow/example_dags/example_datasets.py
[2023-01-12T16:25:31.093+0000] {logging_mixin.py:137} INFO - [2023-01-12T16:25:31.093+0000] {dag.py:2676} INFO - Sync 6 DAGs
[2023-01-12T16:25:31.140+0000] {logging_mixin.py:137} INFO - [2023-01-12T16:25:31.140+0000] {dag.py:3427} INFO - Setting next_dagrun for dataset_consumes_1 to None, run_after=None
[2023-01-12T16:25:31.145+0000] {logging_mixin.py:137} INFO - [2023-01-12T16:25:31.145+0000] {dag.py:3427} INFO - Setting next_dagrun for dataset_consumes_1_and_2 to None, run_after=None
[2023-01-12T16:25:31.148+0000] {logging_mixin.py:137} INFO - [2023-01-12T16:25:31.148+0000] {dag.py:3427} INFO - Setting next_dagrun for dataset_consumes_1_never_scheduled to None, run_after=None
[2023-01-12T16:25:31.150+0000] {logging_mixin.py:137} INFO - [2023-01-12T16:25:31.150+0000] {dag.py:3427} INFO - Setting next_dagrun for dataset_consumes_unknown_never_scheduled to None, run_after=None
[2023-01-12T16:25:31.154+0000] {logging_mixin.py:137} INFO - [2023-01-12T16:25:31.154+0000] {dag.py:3427} INFO - Setting next_dagrun for dataset_produces_1 to 2023-01-11T00:00:00+00:00, run_after=2023-01-12T00:00:00+00:00
[2023-01-12T16:25:31.156+0000] {logging_mixin.py:137} INFO - [2023-01-12T16:25:31.156+0000] {dag.py:3427} INFO - Setting next_dagrun for dataset_produces_2 to None, run_after=None
[2023-01-12T16:25:31.225+0000] {processor.py:175} INFO - Processing /home/airflow/.local/lib/python3.7/site-packages/airflow/example_dags/example_datasets.py took 0.262 seconds
