[2023-01-12T16:20:56.075+0000] {processor.py:153} INFO - Started process (PID=79) to work on /home/airflow/.local/lib/python3.7/site-packages/airflow/example_dags/example_task_group_decorator.py
[2023-01-12T16:20:56.076+0000] {processor.py:743} INFO - Processing file /home/airflow/.local/lib/python3.7/site-packages/airflow/example_dags/example_task_group_decorator.py for tasks to queue
[2023-01-12T16:20:56.077+0000] {logging_mixin.py:137} INFO - [2023-01-12T16:20:56.077+0000] {dagbag.py:538} INFO - Filling up the DagBag from /home/airflow/.local/lib/python3.7/site-packages/airflow/example_dags/example_task_group_decorator.py
[2023-01-12T16:20:56.125+0000] {processor.py:753} INFO - DAG(s) dict_keys(['example_task_group_decorator']) retrieved from /home/airflow/.local/lib/python3.7/site-packages/airflow/example_dags/example_task_group_decorator.py
[2023-01-12T16:20:56.186+0000] {logging_mixin.py:137} INFO - [2023-01-12T16:20:56.186+0000] {dag.py:2676} INFO - Sync 1 DAGs
[2023-01-12T16:20:56.230+0000] {logging_mixin.py:137} INFO - [2023-01-12T16:20:56.230+0000] {dag.py:3427} INFO - Setting next_dagrun for example_task_group_decorator to 2023-01-11T16:20:56.229750+00:00, run_after=2023-01-12T16:20:56.229750+00:00
[2023-01-12T16:20:56.265+0000] {processor.py:175} INFO - Processing /home/airflow/.local/lib/python3.7/site-packages/airflow/example_dags/example_task_group_decorator.py took 0.195 seconds
[2023-01-12T16:21:26.485+0000] {processor.py:153} INFO - Started process (PID=141) to work on /home/airflow/.local/lib/python3.7/site-packages/airflow/example_dags/example_task_group_decorator.py
[2023-01-12T16:21:26.487+0000] {processor.py:743} INFO - Processing file /home/airflow/.local/lib/python3.7/site-packages/airflow/example_dags/example_task_group_decorator.py for tasks to queue
[2023-01-12T16:21:26.488+0000] {logging_mixin.py:137} INFO - [2023-01-12T16:21:26.488+0000] {dagbag.py:538} INFO - Filling up the DagBag from /home/airflow/.local/lib/python3.7/site-packages/airflow/example_dags/example_task_group_decorator.py
[2023-01-12T16:21:26.563+0000] {processor.py:753} INFO - DAG(s) dict_keys(['example_task_group_decorator']) retrieved from /home/airflow/.local/lib/python3.7/site-packages/airflow/example_dags/example_task_group_decorator.py
[2023-01-12T16:21:26.631+0000] {logging_mixin.py:137} INFO - [2023-01-12T16:21:26.631+0000] {dag.py:2676} INFO - Sync 1 DAGs
[2023-01-12T16:21:26.673+0000] {logging_mixin.py:137} INFO - [2023-01-12T16:21:26.673+0000] {dag.py:3427} INFO - Setting next_dagrun for example_task_group_decorator to 2023-01-11T16:21:26.673056+00:00, run_after=2023-01-12T16:21:26.673056+00:00
[2023-01-12T16:21:26.701+0000] {processor.py:175} INFO - Processing /home/airflow/.local/lib/python3.7/site-packages/airflow/example_dags/example_task_group_decorator.py took 0.225 seconds
[2023-01-12T16:21:57.161+0000] {processor.py:153} INFO - Started process (PID=215) to work on /home/airflow/.local/lib/python3.7/site-packages/airflow/example_dags/example_task_group_decorator.py
[2023-01-12T16:21:57.163+0000] {processor.py:743} INFO - Processing file /home/airflow/.local/lib/python3.7/site-packages/airflow/example_dags/example_task_group_decorator.py for tasks to queue
[2023-01-12T16:21:57.163+0000] {logging_mixin.py:137} INFO - [2023-01-12T16:21:57.163+0000] {dagbag.py:538} INFO - Filling up the DagBag from /home/airflow/.local/lib/python3.7/site-packages/airflow/example_dags/example_task_group_decorator.py
[2023-01-12T16:21:57.211+0000] {processor.py:753} INFO - DAG(s) dict_keys(['example_task_group_decorator']) retrieved from /home/airflow/.local/lib/python3.7/site-packages/airflow/example_dags/example_task_group_decorator.py
[2023-01-12T16:21:57.279+0000] {logging_mixin.py:137} INFO - [2023-01-12T16:21:57.279+0000] {dag.py:2676} INFO - Sync 1 DAGs
[2023-01-12T16:21:57.324+0000] {logging_mixin.py:137} INFO - [2023-01-12T16:21:57.324+0000] {dag.py:3427} INFO - Setting next_dagrun for example_task_group_decorator to 2023-01-11T16:21:57.323879+00:00, run_after=2023-01-12T16:21:57.323879+00:00
[2023-01-12T16:21:57.358+0000] {processor.py:175} INFO - Processing /home/airflow/.local/lib/python3.7/site-packages/airflow/example_dags/example_task_group_decorator.py took 0.203 seconds
[2023-01-12T16:22:27.553+0000] {processor.py:153} INFO - Started process (PID=278) to work on /home/airflow/.local/lib/python3.7/site-packages/airflow/example_dags/example_task_group_decorator.py
[2023-01-12T16:22:27.555+0000] {processor.py:743} INFO - Processing file /home/airflow/.local/lib/python3.7/site-packages/airflow/example_dags/example_task_group_decorator.py for tasks to queue
[2023-01-12T16:22:27.557+0000] {logging_mixin.py:137} INFO - [2023-01-12T16:22:27.557+0000] {dagbag.py:538} INFO - Filling up the DagBag from /home/airflow/.local/lib/python3.7/site-packages/airflow/example_dags/example_task_group_decorator.py
[2023-01-12T16:22:27.621+0000] {processor.py:753} INFO - DAG(s) dict_keys(['example_task_group_decorator']) retrieved from /home/airflow/.local/lib/python3.7/site-packages/airflow/example_dags/example_task_group_decorator.py
[2023-01-12T16:22:27.701+0000] {logging_mixin.py:137} INFO - [2023-01-12T16:22:27.701+0000] {dag.py:2676} INFO - Sync 1 DAGs
[2023-01-12T16:22:27.750+0000] {logging_mixin.py:137} INFO - [2023-01-12T16:22:27.750+0000] {dag.py:3427} INFO - Setting next_dagrun for example_task_group_decorator to 2023-01-11T16:22:27.750115+00:00, run_after=2023-01-12T16:22:27.750115+00:00
[2023-01-12T16:22:27.786+0000] {processor.py:175} INFO - Processing /home/airflow/.local/lib/python3.7/site-packages/airflow/example_dags/example_task_group_decorator.py took 0.241 seconds
[2023-01-12T16:22:58.298+0000] {processor.py:153} INFO - Started process (PID=340) to work on /home/airflow/.local/lib/python3.7/site-packages/airflow/example_dags/example_task_group_decorator.py
[2023-01-12T16:22:58.299+0000] {processor.py:743} INFO - Processing file /home/airflow/.local/lib/python3.7/site-packages/airflow/example_dags/example_task_group_decorator.py for tasks to queue
[2023-01-12T16:22:58.300+0000] {logging_mixin.py:137} INFO - [2023-01-12T16:22:58.300+0000] {dagbag.py:538} INFO - Filling up the DagBag from /home/airflow/.local/lib/python3.7/site-packages/airflow/example_dags/example_task_group_decorator.py
[2023-01-12T16:22:58.347+0000] {processor.py:753} INFO - DAG(s) dict_keys(['example_task_group_decorator']) retrieved from /home/airflow/.local/lib/python3.7/site-packages/airflow/example_dags/example_task_group_decorator.py
[2023-01-12T16:22:58.411+0000] {logging_mixin.py:137} INFO - [2023-01-12T16:22:58.411+0000] {dag.py:2676} INFO - Sync 1 DAGs
[2023-01-12T16:22:58.454+0000] {logging_mixin.py:137} INFO - [2023-01-12T16:22:58.454+0000] {dag.py:3427} INFO - Setting next_dagrun for example_task_group_decorator to 2023-01-11T16:22:58.453732+00:00, run_after=2023-01-12T16:22:58.453732+00:00
[2023-01-12T16:22:58.489+0000] {processor.py:175} INFO - Processing /home/airflow/.local/lib/python3.7/site-packages/airflow/example_dags/example_task_group_decorator.py took 0.198 seconds
[2023-01-12T16:23:28.854+0000] {processor.py:153} INFO - Started process (PID=402) to work on /home/airflow/.local/lib/python3.7/site-packages/airflow/example_dags/example_task_group_decorator.py
[2023-01-12T16:23:28.856+0000] {processor.py:743} INFO - Processing file /home/airflow/.local/lib/python3.7/site-packages/airflow/example_dags/example_task_group_decorator.py for tasks to queue
[2023-01-12T16:23:28.858+0000] {logging_mixin.py:137} INFO - [2023-01-12T16:23:28.857+0000] {dagbag.py:538} INFO - Filling up the DagBag from /home/airflow/.local/lib/python3.7/site-packages/airflow/example_dags/example_task_group_decorator.py
[2023-01-12T16:23:28.905+0000] {processor.py:753} INFO - DAG(s) dict_keys(['example_task_group_decorator']) retrieved from /home/airflow/.local/lib/python3.7/site-packages/airflow/example_dags/example_task_group_decorator.py
[2023-01-12T16:23:28.970+0000] {logging_mixin.py:137} INFO - [2023-01-12T16:23:28.969+0000] {dag.py:2676} INFO - Sync 1 DAGs
[2023-01-12T16:23:29.014+0000] {logging_mixin.py:137} INFO - [2023-01-12T16:23:29.014+0000] {dag.py:3427} INFO - Setting next_dagrun for example_task_group_decorator to 2023-01-11T16:23:29.014154+00:00, run_after=2023-01-12T16:23:29.014154+00:00
[2023-01-12T16:23:29.052+0000] {processor.py:175} INFO - Processing /home/airflow/.local/lib/python3.7/site-packages/airflow/example_dags/example_task_group_decorator.py took 0.203 seconds
[2023-01-12T16:23:59.288+0000] {processor.py:153} INFO - Started process (PID=471) to work on /home/airflow/.local/lib/python3.7/site-packages/airflow/example_dags/example_task_group_decorator.py
[2023-01-12T16:23:59.289+0000] {processor.py:743} INFO - Processing file /home/airflow/.local/lib/python3.7/site-packages/airflow/example_dags/example_task_group_decorator.py for tasks to queue
[2023-01-12T16:23:59.290+0000] {logging_mixin.py:137} INFO - [2023-01-12T16:23:59.290+0000] {dagbag.py:538} INFO - Filling up the DagBag from /home/airflow/.local/lib/python3.7/site-packages/airflow/example_dags/example_task_group_decorator.py
[2023-01-12T16:23:59.355+0000] {processor.py:753} INFO - DAG(s) dict_keys(['example_task_group_decorator']) retrieved from /home/airflow/.local/lib/python3.7/site-packages/airflow/example_dags/example_task_group_decorator.py
[2023-01-12T16:23:59.422+0000] {logging_mixin.py:137} INFO - [2023-01-12T16:23:59.422+0000] {dag.py:2676} INFO - Sync 1 DAGs
[2023-01-12T16:23:59.466+0000] {logging_mixin.py:137} INFO - [2023-01-12T16:23:59.466+0000] {dag.py:3427} INFO - Setting next_dagrun for example_task_group_decorator to 2023-01-11T16:23:59.466253+00:00, run_after=2023-01-12T16:23:59.466253+00:00
[2023-01-12T16:23:59.499+0000] {processor.py:175} INFO - Processing /home/airflow/.local/lib/python3.7/site-packages/airflow/example_dags/example_task_group_decorator.py took 0.217 seconds
[2023-01-12T16:24:30.024+0000] {processor.py:153} INFO - Started process (PID=538) to work on /home/airflow/.local/lib/python3.7/site-packages/airflow/example_dags/example_task_group_decorator.py
[2023-01-12T16:24:30.026+0000] {processor.py:743} INFO - Processing file /home/airflow/.local/lib/python3.7/site-packages/airflow/example_dags/example_task_group_decorator.py for tasks to queue
[2023-01-12T16:24:30.028+0000] {logging_mixin.py:137} INFO - [2023-01-12T16:24:30.028+0000] {dagbag.py:538} INFO - Filling up the DagBag from /home/airflow/.local/lib/python3.7/site-packages/airflow/example_dags/example_task_group_decorator.py
[2023-01-12T16:24:30.090+0000] {processor.py:753} INFO - DAG(s) dict_keys(['example_task_group_decorator']) retrieved from /home/airflow/.local/lib/python3.7/site-packages/airflow/example_dags/example_task_group_decorator.py
[2023-01-12T16:24:30.162+0000] {logging_mixin.py:137} INFO - [2023-01-12T16:24:30.161+0000] {dag.py:2676} INFO - Sync 1 DAGs
[2023-01-12T16:24:30.207+0000] {logging_mixin.py:137} INFO - [2023-01-12T16:24:30.207+0000] {dag.py:3427} INFO - Setting next_dagrun for example_task_group_decorator to 2023-01-11T16:24:30.207187+00:00, run_after=2023-01-12T16:24:30.207187+00:00
[2023-01-12T16:24:30.240+0000] {processor.py:175} INFO - Processing /home/airflow/.local/lib/python3.7/site-packages/airflow/example_dags/example_task_group_decorator.py took 0.223 seconds
[2023-01-12T16:25:01.306+0000] {processor.py:153} INFO - Started process (PID=599) to work on /home/airflow/.local/lib/python3.7/site-packages/airflow/example_dags/example_task_group_decorator.py
[2023-01-12T16:25:01.308+0000] {processor.py:743} INFO - Processing file /home/airflow/.local/lib/python3.7/site-packages/airflow/example_dags/example_task_group_decorator.py for tasks to queue
[2023-01-12T16:25:01.309+0000] {logging_mixin.py:137} INFO - [2023-01-12T16:25:01.309+0000] {dagbag.py:538} INFO - Filling up the DagBag from /home/airflow/.local/lib/python3.7/site-packages/airflow/example_dags/example_task_group_decorator.py
[2023-01-12T16:25:01.378+0000] {processor.py:753} INFO - DAG(s) dict_keys(['example_task_group_decorator']) retrieved from /home/airflow/.local/lib/python3.7/site-packages/airflow/example_dags/example_task_group_decorator.py
[2023-01-12T16:25:01.466+0000] {logging_mixin.py:137} INFO - [2023-01-12T16:25:01.465+0000] {dag.py:2676} INFO - Sync 1 DAGs
[2023-01-12T16:25:01.515+0000] {logging_mixin.py:137} INFO - [2023-01-12T16:25:01.512+0000] {dag.py:3427} INFO - Setting next_dagrun for example_task_group_decorator to 2023-01-11T16:25:01.511915+00:00, run_after=2023-01-12T16:25:01.511915+00:00
[2023-01-12T16:25:01.567+0000] {processor.py:175} INFO - Processing /home/airflow/.local/lib/python3.7/site-packages/airflow/example_dags/example_task_group_decorator.py took 0.268 seconds
[2023-01-12T16:25:31.709+0000] {processor.py:153} INFO - Started process (PID=662) to work on /home/airflow/.local/lib/python3.7/site-packages/airflow/example_dags/example_task_group_decorator.py
[2023-01-12T16:25:31.711+0000] {processor.py:743} INFO - Processing file /home/airflow/.local/lib/python3.7/site-packages/airflow/example_dags/example_task_group_decorator.py for tasks to queue
[2023-01-12T16:25:31.712+0000] {logging_mixin.py:137} INFO - [2023-01-12T16:25:31.712+0000] {dagbag.py:538} INFO - Filling up the DagBag from /home/airflow/.local/lib/python3.7/site-packages/airflow/example_dags/example_task_group_decorator.py
[2023-01-12T16:25:31.764+0000] {processor.py:753} INFO - DAG(s) dict_keys(['example_task_group_decorator']) retrieved from /home/airflow/.local/lib/python3.7/site-packages/airflow/example_dags/example_task_group_decorator.py
[2023-01-12T16:25:31.832+0000] {logging_mixin.py:137} INFO - [2023-01-12T16:25:31.832+0000] {dag.py:2676} INFO - Sync 1 DAGs
[2023-01-12T16:25:31.890+0000] {logging_mixin.py:137} INFO - [2023-01-12T16:25:31.889+0000] {dag.py:3427} INFO - Setting next_dagrun for example_task_group_decorator to 2023-01-11T16:25:31.889526+00:00, run_after=2023-01-12T16:25:31.889526+00:00
[2023-01-12T16:25:31.927+0000] {processor.py:175} INFO - Processing /home/airflow/.local/lib/python3.7/site-packages/airflow/example_dags/example_task_group_decorator.py took 0.224 seconds
