[2023-01-12T16:20:53.480+0000] {processor.py:153} INFO - Started process (PID=63) to work on /home/airflow/.local/lib/python3.7/site-packages/airflow/example_dags/example_latest_only_with_trigger.py
[2023-01-12T16:20:53.481+0000] {processor.py:743} INFO - Processing file /home/airflow/.local/lib/python3.7/site-packages/airflow/example_dags/example_latest_only_with_trigger.py for tasks to queue
[2023-01-12T16:20:53.482+0000] {logging_mixin.py:137} INFO - [2023-01-12T16:20:53.482+0000] {dagbag.py:538} INFO - Filling up the DagBag from /home/airflow/.local/lib/python3.7/site-packages/airflow/example_dags/example_latest_only_with_trigger.py
[2023-01-12T16:20:53.509+0000] {processor.py:753} INFO - DAG(s) dict_keys(['latest_only_with_trigger']) retrieved from /home/airflow/.local/lib/python3.7/site-packages/airflow/example_dags/example_latest_only_with_trigger.py
[2023-01-12T16:20:53.639+0000] {logging_mixin.py:137} INFO - [2023-01-12T16:20:53.638+0000] {dag.py:2676} INFO - Sync 1 DAGs
[2023-01-12T16:20:53.692+0000] {logging_mixin.py:137} INFO - [2023-01-12T16:20:53.692+0000] {dag.py:3427} INFO - Setting next_dagrun for latest_only_with_trigger to 2023-01-12T12:20:53.691788+00:00, run_after=2023-01-12T16:20:53.691788+00:00
[2023-01-12T16:20:53.725+0000] {processor.py:175} INFO - Processing /home/airflow/.local/lib/python3.7/site-packages/airflow/example_dags/example_latest_only_with_trigger.py took 0.251 seconds
[2023-01-12T16:21:23.909+0000] {processor.py:153} INFO - Started process (PID=125) to work on /home/airflow/.local/lib/python3.7/site-packages/airflow/example_dags/example_latest_only_with_trigger.py
[2023-01-12T16:21:23.911+0000] {processor.py:743} INFO - Processing file /home/airflow/.local/lib/python3.7/site-packages/airflow/example_dags/example_latest_only_with_trigger.py for tasks to queue
[2023-01-12T16:21:23.912+0000] {logging_mixin.py:137} INFO - [2023-01-12T16:21:23.911+0000] {dagbag.py:538} INFO - Filling up the DagBag from /home/airflow/.local/lib/python3.7/site-packages/airflow/example_dags/example_latest_only_with_trigger.py
[2023-01-12T16:21:23.939+0000] {processor.py:753} INFO - DAG(s) dict_keys(['latest_only_with_trigger']) retrieved from /home/airflow/.local/lib/python3.7/site-packages/airflow/example_dags/example_latest_only_with_trigger.py
[2023-01-12T16:21:23.999+0000] {logging_mixin.py:137} INFO - [2023-01-12T16:21:23.999+0000] {dag.py:2676} INFO - Sync 1 DAGs
[2023-01-12T16:21:24.044+0000] {logging_mixin.py:137} INFO - [2023-01-12T16:21:24.044+0000] {dag.py:3427} INFO - Setting next_dagrun for latest_only_with_trigger to 2023-01-12T12:21:24.044207+00:00, run_after=2023-01-12T16:21:24.044207+00:00
[2023-01-12T16:21:24.081+0000] {processor.py:175} INFO - Processing /home/airflow/.local/lib/python3.7/site-packages/airflow/example_dags/example_latest_only_with_trigger.py took 0.178 seconds
[2023-01-12T16:21:54.835+0000] {processor.py:153} INFO - Started process (PID=196) to work on /home/airflow/.local/lib/python3.7/site-packages/airflow/example_dags/example_latest_only_with_trigger.py
[2023-01-12T16:21:54.836+0000] {processor.py:743} INFO - Processing file /home/airflow/.local/lib/python3.7/site-packages/airflow/example_dags/example_latest_only_with_trigger.py for tasks to queue
[2023-01-12T16:21:54.837+0000] {logging_mixin.py:137} INFO - [2023-01-12T16:21:54.837+0000] {dagbag.py:538} INFO - Filling up the DagBag from /home/airflow/.local/lib/python3.7/site-packages/airflow/example_dags/example_latest_only_with_trigger.py
[2023-01-12T16:21:54.862+0000] {processor.py:753} INFO - DAG(s) dict_keys(['latest_only_with_trigger']) retrieved from /home/airflow/.local/lib/python3.7/site-packages/airflow/example_dags/example_latest_only_with_trigger.py
[2023-01-12T16:21:54.928+0000] {logging_mixin.py:137} INFO - [2023-01-12T16:21:54.928+0000] {dag.py:2676} INFO - Sync 1 DAGs
[2023-01-12T16:21:54.969+0000] {logging_mixin.py:137} INFO - [2023-01-12T16:21:54.969+0000] {dag.py:3427} INFO - Setting next_dagrun for latest_only_with_trigger to 2023-01-12T12:21:54.969096+00:00, run_after=2023-01-12T16:21:54.969096+00:00
[2023-01-12T16:21:54.999+0000] {processor.py:175} INFO - Processing /home/airflow/.local/lib/python3.7/site-packages/airflow/example_dags/example_latest_only_with_trigger.py took 0.169 seconds
[2023-01-12T16:22:25.352+0000] {processor.py:153} INFO - Started process (PID=262) to work on /home/airflow/.local/lib/python3.7/site-packages/airflow/example_dags/example_latest_only_with_trigger.py
[2023-01-12T16:22:25.354+0000] {processor.py:743} INFO - Processing file /home/airflow/.local/lib/python3.7/site-packages/airflow/example_dags/example_latest_only_with_trigger.py for tasks to queue
[2023-01-12T16:22:25.355+0000] {logging_mixin.py:137} INFO - [2023-01-12T16:22:25.354+0000] {dagbag.py:538} INFO - Filling up the DagBag from /home/airflow/.local/lib/python3.7/site-packages/airflow/example_dags/example_latest_only_with_trigger.py
[2023-01-12T16:22:25.379+0000] {processor.py:753} INFO - DAG(s) dict_keys(['latest_only_with_trigger']) retrieved from /home/airflow/.local/lib/python3.7/site-packages/airflow/example_dags/example_latest_only_with_trigger.py
[2023-01-12T16:22:25.450+0000] {logging_mixin.py:137} INFO - [2023-01-12T16:22:25.450+0000] {dag.py:2676} INFO - Sync 1 DAGs
[2023-01-12T16:22:25.514+0000] {logging_mixin.py:137} INFO - [2023-01-12T16:22:25.514+0000] {dag.py:3427} INFO - Setting next_dagrun for latest_only_with_trigger to 2023-01-12T12:22:25.514144+00:00, run_after=2023-01-12T16:22:25.514144+00:00
[2023-01-12T16:22:25.557+0000] {processor.py:175} INFO - Processing /home/airflow/.local/lib/python3.7/site-packages/airflow/example_dags/example_latest_only_with_trigger.py took 0.211 seconds
[2023-01-12T16:22:56.369+0000] {processor.py:153} INFO - Started process (PID=324) to work on /home/airflow/.local/lib/python3.7/site-packages/airflow/example_dags/example_latest_only_with_trigger.py
[2023-01-12T16:22:56.373+0000] {processor.py:743} INFO - Processing file /home/airflow/.local/lib/python3.7/site-packages/airflow/example_dags/example_latest_only_with_trigger.py for tasks to queue
[2023-01-12T16:22:56.374+0000] {logging_mixin.py:137} INFO - [2023-01-12T16:22:56.374+0000] {dagbag.py:538} INFO - Filling up the DagBag from /home/airflow/.local/lib/python3.7/site-packages/airflow/example_dags/example_latest_only_with_trigger.py
[2023-01-12T16:22:56.402+0000] {processor.py:753} INFO - DAG(s) dict_keys(['latest_only_with_trigger']) retrieved from /home/airflow/.local/lib/python3.7/site-packages/airflow/example_dags/example_latest_only_with_trigger.py
[2023-01-12T16:22:56.466+0000] {logging_mixin.py:137} INFO - [2023-01-12T16:22:56.466+0000] {dag.py:2676} INFO - Sync 1 DAGs
[2023-01-12T16:22:56.513+0000] {logging_mixin.py:137} INFO - [2023-01-12T16:22:56.513+0000] {dag.py:3427} INFO - Setting next_dagrun for latest_only_with_trigger to 2023-01-12T12:22:56.512511+00:00, run_after=2023-01-12T16:22:56.512511+00:00
[2023-01-12T16:22:56.551+0000] {processor.py:175} INFO - Processing /home/airflow/.local/lib/python3.7/site-packages/airflow/example_dags/example_latest_only_with_trigger.py took 0.188 seconds
[2023-01-12T16:23:26.793+0000] {processor.py:153} INFO - Started process (PID=386) to work on /home/airflow/.local/lib/python3.7/site-packages/airflow/example_dags/example_latest_only_with_trigger.py
[2023-01-12T16:23:26.795+0000] {processor.py:743} INFO - Processing file /home/airflow/.local/lib/python3.7/site-packages/airflow/example_dags/example_latest_only_with_trigger.py for tasks to queue
[2023-01-12T16:23:26.797+0000] {logging_mixin.py:137} INFO - [2023-01-12T16:23:26.796+0000] {dagbag.py:538} INFO - Filling up the DagBag from /home/airflow/.local/lib/python3.7/site-packages/airflow/example_dags/example_latest_only_with_trigger.py
[2023-01-12T16:23:26.828+0000] {processor.py:753} INFO - DAG(s) dict_keys(['latest_only_with_trigger']) retrieved from /home/airflow/.local/lib/python3.7/site-packages/airflow/example_dags/example_latest_only_with_trigger.py
[2023-01-12T16:23:26.911+0000] {logging_mixin.py:137} INFO - [2023-01-12T16:23:26.911+0000] {dag.py:2676} INFO - Sync 1 DAGs
[2023-01-12T16:23:26.959+0000] {logging_mixin.py:137} INFO - [2023-01-12T16:23:26.959+0000] {dag.py:3427} INFO - Setting next_dagrun for latest_only_with_trigger to 2023-01-12T12:23:26.958969+00:00, run_after=2023-01-12T16:23:26.958969+00:00
[2023-01-12T16:23:26.996+0000] {processor.py:175} INFO - Processing /home/airflow/.local/lib/python3.7/site-packages/airflow/example_dags/example_latest_only_with_trigger.py took 0.209 seconds
[2023-01-12T16:23:57.217+0000] {processor.py:153} INFO - Started process (PID=448) to work on /home/airflow/.local/lib/python3.7/site-packages/airflow/example_dags/example_latest_only_with_trigger.py
[2023-01-12T16:23:57.218+0000] {processor.py:743} INFO - Processing file /home/airflow/.local/lib/python3.7/site-packages/airflow/example_dags/example_latest_only_with_trigger.py for tasks to queue
[2023-01-12T16:23:57.219+0000] {logging_mixin.py:137} INFO - [2023-01-12T16:23:57.219+0000] {dagbag.py:538} INFO - Filling up the DagBag from /home/airflow/.local/lib/python3.7/site-packages/airflow/example_dags/example_latest_only_with_trigger.py
[2023-01-12T16:23:57.241+0000] {processor.py:753} INFO - DAG(s) dict_keys(['latest_only_with_trigger']) retrieved from /home/airflow/.local/lib/python3.7/site-packages/airflow/example_dags/example_latest_only_with_trigger.py
[2023-01-12T16:23:57.306+0000] {logging_mixin.py:137} INFO - [2023-01-12T16:23:57.305+0000] {dag.py:2676} INFO - Sync 1 DAGs
[2023-01-12T16:23:57.352+0000] {logging_mixin.py:137} INFO - [2023-01-12T16:23:57.352+0000] {dag.py:3427} INFO - Setting next_dagrun for latest_only_with_trigger to 2023-01-12T12:23:57.352168+00:00, run_after=2023-01-12T16:23:57.352168+00:00
[2023-01-12T16:23:57.392+0000] {processor.py:175} INFO - Processing /home/airflow/.local/lib/python3.7/site-packages/airflow/example_dags/example_latest_only_with_trigger.py took 0.180 seconds
[2023-01-12T16:24:27.954+0000] {processor.py:153} INFO - Started process (PID=519) to work on /home/airflow/.local/lib/python3.7/site-packages/airflow/example_dags/example_latest_only_with_trigger.py
[2023-01-12T16:24:27.956+0000] {processor.py:743} INFO - Processing file /home/airflow/.local/lib/python3.7/site-packages/airflow/example_dags/example_latest_only_with_trigger.py for tasks to queue
[2023-01-12T16:24:27.956+0000] {logging_mixin.py:137} INFO - [2023-01-12T16:24:27.956+0000] {dagbag.py:538} INFO - Filling up the DagBag from /home/airflow/.local/lib/python3.7/site-packages/airflow/example_dags/example_latest_only_with_trigger.py
[2023-01-12T16:24:27.980+0000] {processor.py:753} INFO - DAG(s) dict_keys(['latest_only_with_trigger']) retrieved from /home/airflow/.local/lib/python3.7/site-packages/airflow/example_dags/example_latest_only_with_trigger.py
[2023-01-12T16:24:28.044+0000] {logging_mixin.py:137} INFO - [2023-01-12T16:24:28.044+0000] {dag.py:2676} INFO - Sync 1 DAGs
[2023-01-12T16:24:28.083+0000] {logging_mixin.py:137} INFO - [2023-01-12T16:24:28.083+0000] {dag.py:3427} INFO - Setting next_dagrun for latest_only_with_trigger to 2023-01-12T12:24:28.083280+00:00, run_after=2023-01-12T16:24:28.083280+00:00
[2023-01-12T16:24:28.122+0000] {processor.py:175} INFO - Processing /home/airflow/.local/lib/python3.7/site-packages/airflow/example_dags/example_latest_only_with_trigger.py took 0.173 seconds
[2023-01-12T16:24:58.632+0000] {processor.py:153} INFO - Started process (PID=583) to work on /home/airflow/.local/lib/python3.7/site-packages/airflow/example_dags/example_latest_only_with_trigger.py
[2023-01-12T16:24:58.633+0000] {processor.py:743} INFO - Processing file /home/airflow/.local/lib/python3.7/site-packages/airflow/example_dags/example_latest_only_with_trigger.py for tasks to queue
[2023-01-12T16:24:58.634+0000] {logging_mixin.py:137} INFO - [2023-01-12T16:24:58.634+0000] {dagbag.py:538} INFO - Filling up the DagBag from /home/airflow/.local/lib/python3.7/site-packages/airflow/example_dags/example_latest_only_with_trigger.py
[2023-01-12T16:24:58.658+0000] {processor.py:753} INFO - DAG(s) dict_keys(['latest_only_with_trigger']) retrieved from /home/airflow/.local/lib/python3.7/site-packages/airflow/example_dags/example_latest_only_with_trigger.py
[2023-01-12T16:24:58.725+0000] {logging_mixin.py:137} INFO - [2023-01-12T16:24:58.724+0000] {dag.py:2676} INFO - Sync 1 DAGs
[2023-01-12T16:24:58.772+0000] {logging_mixin.py:137} INFO - [2023-01-12T16:24:58.772+0000] {dag.py:3427} INFO - Setting next_dagrun for latest_only_with_trigger to 2023-01-12T12:24:58.772139+00:00, run_after=2023-01-12T16:24:58.772139+00:00
[2023-01-12T16:24:58.803+0000] {processor.py:175} INFO - Processing /home/airflow/.local/lib/python3.7/site-packages/airflow/example_dags/example_latest_only_with_trigger.py took 0.177 seconds
[2023-01-12T16:25:29.060+0000] {processor.py:153} INFO - Started process (PID=645) to work on /home/airflow/.local/lib/python3.7/site-packages/airflow/example_dags/example_latest_only_with_trigger.py
[2023-01-12T16:25:29.062+0000] {processor.py:743} INFO - Processing file /home/airflow/.local/lib/python3.7/site-packages/airflow/example_dags/example_latest_only_with_trigger.py for tasks to queue
[2023-01-12T16:25:29.063+0000] {logging_mixin.py:137} INFO - [2023-01-12T16:25:29.063+0000] {dagbag.py:538} INFO - Filling up the DagBag from /home/airflow/.local/lib/python3.7/site-packages/airflow/example_dags/example_latest_only_with_trigger.py
[2023-01-12T16:25:29.089+0000] {processor.py:753} INFO - DAG(s) dict_keys(['latest_only_with_trigger']) retrieved from /home/airflow/.local/lib/python3.7/site-packages/airflow/example_dags/example_latest_only_with_trigger.py
[2023-01-12T16:25:29.156+0000] {logging_mixin.py:137} INFO - [2023-01-12T16:25:29.156+0000] {dag.py:2676} INFO - Sync 1 DAGs
[2023-01-12T16:25:29.208+0000] {logging_mixin.py:137} INFO - [2023-01-12T16:25:29.207+0000] {dag.py:3427} INFO - Setting next_dagrun for latest_only_with_trigger to 2023-01-12T12:25:29.207473+00:00, run_after=2023-01-12T16:25:29.207473+00:00
[2023-01-12T16:25:29.243+0000] {processor.py:175} INFO - Processing /home/airflow/.local/lib/python3.7/site-packages/airflow/example_dags/example_latest_only_with_trigger.py took 0.189 seconds
