[2023-01-12T16:20:54.993+0000] {processor.py:153} INFO - Started process (PID=73) to work on /home/airflow/.local/lib/python3.7/site-packages/airflow/example_dags/example_short_circuit_operator.py
[2023-01-12T16:20:54.995+0000] {processor.py:743} INFO - Processing file /home/airflow/.local/lib/python3.7/site-packages/airflow/example_dags/example_short_circuit_operator.py for tasks to queue
[2023-01-12T16:20:54.996+0000] {logging_mixin.py:137} INFO - [2023-01-12T16:20:54.996+0000] {dagbag.py:538} INFO - Filling up the DagBag from /home/airflow/.local/lib/python3.7/site-packages/airflow/example_dags/example_short_circuit_operator.py
[2023-01-12T16:20:55.078+0000] {processor.py:753} INFO - DAG(s) dict_keys(['example_short_circuit_operator']) retrieved from /home/airflow/.local/lib/python3.7/site-packages/airflow/example_dags/example_short_circuit_operator.py
[2023-01-12T16:20:55.200+0000] {logging_mixin.py:137} INFO - [2023-01-12T16:20:55.199+0000] {dag.py:2676} INFO - Sync 1 DAGs
[2023-01-12T16:20:55.260+0000] {logging_mixin.py:137} INFO - [2023-01-12T16:20:55.260+0000] {dag.py:3427} INFO - Setting next_dagrun for example_short_circuit_operator to 2023-01-11T16:20:55.259703+00:00, run_after=2023-01-12T16:20:55.259703+00:00
[2023-01-12T16:20:55.305+0000] {processor.py:175} INFO - Processing /home/airflow/.local/lib/python3.7/site-packages/airflow/example_dags/example_short_circuit_operator.py took 0.318 seconds
[2023-01-12T16:21:25.480+0000] {processor.py:153} INFO - Started process (PID=135) to work on /home/airflow/.local/lib/python3.7/site-packages/airflow/example_dags/example_short_circuit_operator.py
[2023-01-12T16:21:25.481+0000] {processor.py:743} INFO - Processing file /home/airflow/.local/lib/python3.7/site-packages/airflow/example_dags/example_short_circuit_operator.py for tasks to queue
[2023-01-12T16:21:25.484+0000] {logging_mixin.py:137} INFO - [2023-01-12T16:21:25.483+0000] {dagbag.py:538} INFO - Filling up the DagBag from /home/airflow/.local/lib/python3.7/site-packages/airflow/example_dags/example_short_circuit_operator.py
[2023-01-12T16:21:25.517+0000] {processor.py:753} INFO - DAG(s) dict_keys(['example_short_circuit_operator']) retrieved from /home/airflow/.local/lib/python3.7/site-packages/airflow/example_dags/example_short_circuit_operator.py
[2023-01-12T16:21:25.586+0000] {logging_mixin.py:137} INFO - [2023-01-12T16:21:25.586+0000] {dag.py:2676} INFO - Sync 1 DAGs
[2023-01-12T16:21:25.638+0000] {logging_mixin.py:137} INFO - [2023-01-12T16:21:25.637+0000] {dag.py:3427} INFO - Setting next_dagrun for example_short_circuit_operator to 2023-01-11T16:21:25.637447+00:00, run_after=2023-01-12T16:21:25.637447+00:00
[2023-01-12T16:21:25.678+0000] {processor.py:175} INFO - Processing /home/airflow/.local/lib/python3.7/site-packages/airflow/example_dags/example_short_circuit_operator.py took 0.203 seconds
[2023-01-12T16:21:56.495+0000] {processor.py:153} INFO - Started process (PID=209) to work on /home/airflow/.local/lib/python3.7/site-packages/airflow/example_dags/example_short_circuit_operator.py
[2023-01-12T16:21:56.496+0000] {processor.py:743} INFO - Processing file /home/airflow/.local/lib/python3.7/site-packages/airflow/example_dags/example_short_circuit_operator.py for tasks to queue
[2023-01-12T16:21:56.497+0000] {logging_mixin.py:137} INFO - [2023-01-12T16:21:56.497+0000] {dagbag.py:538} INFO - Filling up the DagBag from /home/airflow/.local/lib/python3.7/site-packages/airflow/example_dags/example_short_circuit_operator.py
[2023-01-12T16:21:56.529+0000] {processor.py:753} INFO - DAG(s) dict_keys(['example_short_circuit_operator']) retrieved from /home/airflow/.local/lib/python3.7/site-packages/airflow/example_dags/example_short_circuit_operator.py
[2023-01-12T16:21:56.592+0000] {logging_mixin.py:137} INFO - [2023-01-12T16:21:56.591+0000] {dag.py:2676} INFO - Sync 1 DAGs
[2023-01-12T16:21:56.635+0000] {logging_mixin.py:137} INFO - [2023-01-12T16:21:56.634+0000] {dag.py:3427} INFO - Setting next_dagrun for example_short_circuit_operator to 2023-01-11T16:21:56.634347+00:00, run_after=2023-01-12T16:21:56.634347+00:00
[2023-01-12T16:21:56.666+0000] {processor.py:175} INFO - Processing /home/airflow/.local/lib/python3.7/site-packages/airflow/example_dags/example_short_circuit_operator.py took 0.177 seconds
[2023-01-12T16:22:26.746+0000] {processor.py:153} INFO - Started process (PID=272) to work on /home/airflow/.local/lib/python3.7/site-packages/airflow/example_dags/example_short_circuit_operator.py
[2023-01-12T16:22:26.747+0000] {processor.py:743} INFO - Processing file /home/airflow/.local/lib/python3.7/site-packages/airflow/example_dags/example_short_circuit_operator.py for tasks to queue
[2023-01-12T16:22:26.748+0000] {logging_mixin.py:137} INFO - [2023-01-12T16:22:26.748+0000] {dagbag.py:538} INFO - Filling up the DagBag from /home/airflow/.local/lib/python3.7/site-packages/airflow/example_dags/example_short_circuit_operator.py
[2023-01-12T16:22:26.776+0000] {processor.py:753} INFO - DAG(s) dict_keys(['example_short_circuit_operator']) retrieved from /home/airflow/.local/lib/python3.7/site-packages/airflow/example_dags/example_short_circuit_operator.py
[2023-01-12T16:22:26.843+0000] {logging_mixin.py:137} INFO - [2023-01-12T16:22:26.843+0000] {dag.py:2676} INFO - Sync 1 DAGs
[2023-01-12T16:22:26.888+0000] {logging_mixin.py:137} INFO - [2023-01-12T16:22:26.888+0000] {dag.py:3427} INFO - Setting next_dagrun for example_short_circuit_operator to 2023-01-11T16:22:26.887491+00:00, run_after=2023-01-12T16:22:26.887491+00:00
[2023-01-12T16:22:26.928+0000] {processor.py:175} INFO - Processing /home/airflow/.local/lib/python3.7/site-packages/airflow/example_dags/example_short_circuit_operator.py took 0.188 seconds
[2023-01-12T16:22:57.572+0000] {processor.py:153} INFO - Started process (PID=334) to work on /home/airflow/.local/lib/python3.7/site-packages/airflow/example_dags/example_short_circuit_operator.py
[2023-01-12T16:22:57.573+0000] {processor.py:743} INFO - Processing file /home/airflow/.local/lib/python3.7/site-packages/airflow/example_dags/example_short_circuit_operator.py for tasks to queue
[2023-01-12T16:22:57.574+0000] {logging_mixin.py:137} INFO - [2023-01-12T16:22:57.574+0000] {dagbag.py:538} INFO - Filling up the DagBag from /home/airflow/.local/lib/python3.7/site-packages/airflow/example_dags/example_short_circuit_operator.py
[2023-01-12T16:22:57.603+0000] {processor.py:753} INFO - DAG(s) dict_keys(['example_short_circuit_operator']) retrieved from /home/airflow/.local/lib/python3.7/site-packages/airflow/example_dags/example_short_circuit_operator.py
[2023-01-12T16:22:57.671+0000] {logging_mixin.py:137} INFO - [2023-01-12T16:22:57.670+0000] {dag.py:2676} INFO - Sync 1 DAGs
[2023-01-12T16:22:57.719+0000] {logging_mixin.py:137} INFO - [2023-01-12T16:22:57.719+0000] {dag.py:3427} INFO - Setting next_dagrun for example_short_circuit_operator to 2023-01-11T16:22:57.718441+00:00, run_after=2023-01-12T16:22:57.718441+00:00
[2023-01-12T16:22:57.759+0000] {processor.py:175} INFO - Processing /home/airflow/.local/lib/python3.7/site-packages/airflow/example_dags/example_short_circuit_operator.py took 0.193 seconds
[2023-01-12T16:23:28.129+0000] {processor.py:153} INFO - Started process (PID=396) to work on /home/airflow/.local/lib/python3.7/site-packages/airflow/example_dags/example_short_circuit_operator.py
[2023-01-12T16:23:28.131+0000] {processor.py:743} INFO - Processing file /home/airflow/.local/lib/python3.7/site-packages/airflow/example_dags/example_short_circuit_operator.py for tasks to queue
[2023-01-12T16:23:28.132+0000] {logging_mixin.py:137} INFO - [2023-01-12T16:23:28.131+0000] {dagbag.py:538} INFO - Filling up the DagBag from /home/airflow/.local/lib/python3.7/site-packages/airflow/example_dags/example_short_circuit_operator.py
[2023-01-12T16:23:28.158+0000] {processor.py:753} INFO - DAG(s) dict_keys(['example_short_circuit_operator']) retrieved from /home/airflow/.local/lib/python3.7/site-packages/airflow/example_dags/example_short_circuit_operator.py
[2023-01-12T16:23:28.218+0000] {logging_mixin.py:137} INFO - [2023-01-12T16:23:28.218+0000] {dag.py:2676} INFO - Sync 1 DAGs
[2023-01-12T16:23:28.262+0000] {logging_mixin.py:137} INFO - [2023-01-12T16:23:28.261+0000] {dag.py:3427} INFO - Setting next_dagrun for example_short_circuit_operator to 2023-01-11T16:23:28.261402+00:00, run_after=2023-01-12T16:23:28.261402+00:00
[2023-01-12T16:23:28.297+0000] {processor.py:175} INFO - Processing /home/airflow/.local/lib/python3.7/site-packages/airflow/example_dags/example_short_circuit_operator.py took 0.174 seconds
[2023-01-12T16:23:58.551+0000] {processor.py:153} INFO - Started process (PID=458) to work on /home/airflow/.local/lib/python3.7/site-packages/airflow/example_dags/example_short_circuit_operator.py
[2023-01-12T16:23:58.553+0000] {processor.py:743} INFO - Processing file /home/airflow/.local/lib/python3.7/site-packages/airflow/example_dags/example_short_circuit_operator.py for tasks to queue
[2023-01-12T16:23:58.554+0000] {logging_mixin.py:137} INFO - [2023-01-12T16:23:58.553+0000] {dagbag.py:538} INFO - Filling up the DagBag from /home/airflow/.local/lib/python3.7/site-packages/airflow/example_dags/example_short_circuit_operator.py
[2023-01-12T16:23:58.582+0000] {processor.py:753} INFO - DAG(s) dict_keys(['example_short_circuit_operator']) retrieved from /home/airflow/.local/lib/python3.7/site-packages/airflow/example_dags/example_short_circuit_operator.py
[2023-01-12T16:23:58.645+0000] {logging_mixin.py:137} INFO - [2023-01-12T16:23:58.645+0000] {dag.py:2676} INFO - Sync 1 DAGs
[2023-01-12T16:23:58.695+0000] {logging_mixin.py:137} INFO - [2023-01-12T16:23:58.695+0000] {dag.py:3427} INFO - Setting next_dagrun for example_short_circuit_operator to 2023-01-11T16:23:58.694396+00:00, run_after=2023-01-12T16:23:58.694396+00:00
[2023-01-12T16:23:58.732+0000] {processor.py:175} INFO - Processing /home/airflow/.local/lib/python3.7/site-packages/airflow/example_dags/example_short_circuit_operator.py took 0.185 seconds
[2023-01-12T16:24:29.256+0000] {processor.py:153} INFO - Started process (PID=532) to work on /home/airflow/.local/lib/python3.7/site-packages/airflow/example_dags/example_short_circuit_operator.py
[2023-01-12T16:24:29.257+0000] {processor.py:743} INFO - Processing file /home/airflow/.local/lib/python3.7/site-packages/airflow/example_dags/example_short_circuit_operator.py for tasks to queue
[2023-01-12T16:24:29.258+0000] {logging_mixin.py:137} INFO - [2023-01-12T16:24:29.258+0000] {dagbag.py:538} INFO - Filling up the DagBag from /home/airflow/.local/lib/python3.7/site-packages/airflow/example_dags/example_short_circuit_operator.py
[2023-01-12T16:24:29.286+0000] {processor.py:753} INFO - DAG(s) dict_keys(['example_short_circuit_operator']) retrieved from /home/airflow/.local/lib/python3.7/site-packages/airflow/example_dags/example_short_circuit_operator.py
[2023-01-12T16:24:29.351+0000] {logging_mixin.py:137} INFO - [2023-01-12T16:24:29.350+0000] {dag.py:2676} INFO - Sync 1 DAGs
[2023-01-12T16:24:29.408+0000] {logging_mixin.py:137} INFO - [2023-01-12T16:24:29.407+0000] {dag.py:3427} INFO - Setting next_dagrun for example_short_circuit_operator to 2023-01-11T16:24:29.407350+00:00, run_after=2023-01-12T16:24:29.407350+00:00
[2023-01-12T16:24:29.451+0000] {processor.py:175} INFO - Processing /home/airflow/.local/lib/python3.7/site-packages/airflow/example_dags/example_short_circuit_operator.py took 0.201 seconds
[2023-01-12T16:25:00.365+0000] {processor.py:153} INFO - Started process (PID=593) to work on /home/airflow/.local/lib/python3.7/site-packages/airflow/example_dags/example_short_circuit_operator.py
[2023-01-12T16:25:00.366+0000] {processor.py:743} INFO - Processing file /home/airflow/.local/lib/python3.7/site-packages/airflow/example_dags/example_short_circuit_operator.py for tasks to queue
[2023-01-12T16:25:00.367+0000] {logging_mixin.py:137} INFO - [2023-01-12T16:25:00.367+0000] {dagbag.py:538} INFO - Filling up the DagBag from /home/airflow/.local/lib/python3.7/site-packages/airflow/example_dags/example_short_circuit_operator.py
[2023-01-12T16:25:00.398+0000] {processor.py:753} INFO - DAG(s) dict_keys(['example_short_circuit_operator']) retrieved from /home/airflow/.local/lib/python3.7/site-packages/airflow/example_dags/example_short_circuit_operator.py
[2023-01-12T16:25:00.462+0000] {logging_mixin.py:137} INFO - [2023-01-12T16:25:00.461+0000] {dag.py:2676} INFO - Sync 1 DAGs
[2023-01-12T16:25:00.507+0000] {logging_mixin.py:137} INFO - [2023-01-12T16:25:00.507+0000] {dag.py:3427} INFO - Setting next_dagrun for example_short_circuit_operator to 2023-01-11T16:25:00.506662+00:00, run_after=2023-01-12T16:25:00.506662+00:00
[2023-01-12T16:25:00.543+0000] {processor.py:175} INFO - Processing /home/airflow/.local/lib/python3.7/site-packages/airflow/example_dags/example_short_circuit_operator.py took 0.185 seconds
[2023-01-12T16:25:30.731+0000] {processor.py:153} INFO - Started process (PID=655) to work on /home/airflow/.local/lib/python3.7/site-packages/airflow/example_dags/example_short_circuit_operator.py
[2023-01-12T16:25:30.732+0000] {processor.py:743} INFO - Processing file /home/airflow/.local/lib/python3.7/site-packages/airflow/example_dags/example_short_circuit_operator.py for tasks to queue
[2023-01-12T16:25:30.734+0000] {logging_mixin.py:137} INFO - [2023-01-12T16:25:30.733+0000] {dagbag.py:538} INFO - Filling up the DagBag from /home/airflow/.local/lib/python3.7/site-packages/airflow/example_dags/example_short_circuit_operator.py
[2023-01-12T16:25:30.768+0000] {processor.py:753} INFO - DAG(s) dict_keys(['example_short_circuit_operator']) retrieved from /home/airflow/.local/lib/python3.7/site-packages/airflow/example_dags/example_short_circuit_operator.py
[2023-01-12T16:25:30.841+0000] {logging_mixin.py:137} INFO - [2023-01-12T16:25:30.841+0000] {dag.py:2676} INFO - Sync 1 DAGs
[2023-01-12T16:25:30.897+0000] {logging_mixin.py:137} INFO - [2023-01-12T16:25:30.896+0000] {dag.py:3427} INFO - Setting next_dagrun for example_short_circuit_operator to 2023-01-11T16:25:30.896387+00:00, run_after=2023-01-12T16:25:30.896387+00:00
[2023-01-12T16:25:30.933+0000] {processor.py:175} INFO - Processing /home/airflow/.local/lib/python3.7/site-packages/airflow/example_dags/example_short_circuit_operator.py took 0.208 seconds
