[2023-01-12T16:20:51.896+0000] {processor.py:153} INFO - Started process (PID=54) to work on /home/airflow/.local/lib/python3.7/site-packages/airflow/example_dags/example_sensors.py
[2023-01-12T16:20:51.898+0000] {processor.py:743} INFO - Processing file /home/airflow/.local/lib/python3.7/site-packages/airflow/example_dags/example_sensors.py for tasks to queue
[2023-01-12T16:20:51.900+0000] {logging_mixin.py:137} INFO - [2023-01-12T16:20:51.900+0000] {dagbag.py:538} INFO - Filling up the DagBag from /home/airflow/.local/lib/python3.7/site-packages/airflow/example_dags/example_sensors.py
[2023-01-12T16:20:51.961+0000] {processor.py:753} INFO - DAG(s) dict_keys(['example_sensors']) retrieved from /home/airflow/.local/lib/python3.7/site-packages/airflow/example_dags/example_sensors.py
[2023-01-12T16:20:52.046+0000] {logging_mixin.py:137} INFO - [2023-01-12T16:20:52.046+0000] {dag.py:2676} INFO - Sync 1 DAGs
[2023-01-12T16:20:52.106+0000] {logging_mixin.py:137} INFO - [2023-01-12T16:20:52.106+0000] {dag.py:3427} INFO - Setting next_dagrun for example_sensors to None, run_after=None
[2023-01-12T16:20:52.142+0000] {processor.py:175} INFO - Processing /home/airflow/.local/lib/python3.7/site-packages/airflow/example_dags/example_sensors.py took 0.255 seconds
[2023-01-12T16:21:22.753+0000] {processor.py:153} INFO - Started process (PID=116) to work on /home/airflow/.local/lib/python3.7/site-packages/airflow/example_dags/example_sensors.py
[2023-01-12T16:21:22.754+0000] {processor.py:743} INFO - Processing file /home/airflow/.local/lib/python3.7/site-packages/airflow/example_dags/example_sensors.py for tasks to queue
[2023-01-12T16:21:22.756+0000] {logging_mixin.py:137} INFO - [2023-01-12T16:21:22.755+0000] {dagbag.py:538} INFO - Filling up the DagBag from /home/airflow/.local/lib/python3.7/site-packages/airflow/example_dags/example_sensors.py
[2023-01-12T16:21:22.791+0000] {processor.py:753} INFO - DAG(s) dict_keys(['example_sensors']) retrieved from /home/airflow/.local/lib/python3.7/site-packages/airflow/example_dags/example_sensors.py
[2023-01-12T16:21:22.862+0000] {logging_mixin.py:137} INFO - [2023-01-12T16:21:22.862+0000] {dag.py:2676} INFO - Sync 1 DAGs
[2023-01-12T16:21:22.904+0000] {logging_mixin.py:137} INFO - [2023-01-12T16:21:22.904+0000] {dag.py:3427} INFO - Setting next_dagrun for example_sensors to None, run_after=None
[2023-01-12T16:21:22.933+0000] {processor.py:175} INFO - Processing /home/airflow/.local/lib/python3.7/site-packages/airflow/example_dags/example_sensors.py took 0.192 seconds
[2023-01-12T16:21:53.152+0000] {processor.py:153} INFO - Started process (PID=178) to work on /home/airflow/.local/lib/python3.7/site-packages/airflow/example_dags/example_sensors.py
[2023-01-12T16:21:53.153+0000] {processor.py:743} INFO - Processing file /home/airflow/.local/lib/python3.7/site-packages/airflow/example_dags/example_sensors.py for tasks to queue
[2023-01-12T16:21:53.154+0000] {logging_mixin.py:137} INFO - [2023-01-12T16:21:53.154+0000] {dagbag.py:538} INFO - Filling up the DagBag from /home/airflow/.local/lib/python3.7/site-packages/airflow/example_dags/example_sensors.py
[2023-01-12T16:21:53.191+0000] {processor.py:753} INFO - DAG(s) dict_keys(['example_sensors']) retrieved from /home/airflow/.local/lib/python3.7/site-packages/airflow/example_dags/example_sensors.py
[2023-01-12T16:21:53.266+0000] {logging_mixin.py:137} INFO - [2023-01-12T16:21:53.266+0000] {dag.py:2676} INFO - Sync 1 DAGs
[2023-01-12T16:21:53.316+0000] {logging_mixin.py:137} INFO - [2023-01-12T16:21:53.316+0000] {dag.py:3427} INFO - Setting next_dagrun for example_sensors to None, run_after=None
[2023-01-12T16:21:53.348+0000] {processor.py:175} INFO - Processing /home/airflow/.local/lib/python3.7/site-packages/airflow/example_dags/example_sensors.py took 0.201 seconds
[2023-01-12T16:22:24.018+0000] {processor.py:153} INFO - Started process (PID=253) to work on /home/airflow/.local/lib/python3.7/site-packages/airflow/example_dags/example_sensors.py
[2023-01-12T16:22:24.020+0000] {processor.py:743} INFO - Processing file /home/airflow/.local/lib/python3.7/site-packages/airflow/example_dags/example_sensors.py for tasks to queue
[2023-01-12T16:22:24.021+0000] {logging_mixin.py:137} INFO - [2023-01-12T16:22:24.021+0000] {dagbag.py:538} INFO - Filling up the DagBag from /home/airflow/.local/lib/python3.7/site-packages/airflow/example_dags/example_sensors.py
[2023-01-12T16:22:24.057+0000] {processor.py:753} INFO - DAG(s) dict_keys(['example_sensors']) retrieved from /home/airflow/.local/lib/python3.7/site-packages/airflow/example_dags/example_sensors.py
[2023-01-12T16:22:24.138+0000] {logging_mixin.py:137} INFO - [2023-01-12T16:22:24.138+0000] {dag.py:2676} INFO - Sync 1 DAGs
[2023-01-12T16:22:24.195+0000] {logging_mixin.py:137} INFO - [2023-01-12T16:22:24.195+0000] {dag.py:3427} INFO - Setting next_dagrun for example_sensors to None, run_after=None
[2023-01-12T16:22:24.252+0000] {processor.py:175} INFO - Processing /home/airflow/.local/lib/python3.7/site-packages/airflow/example_dags/example_sensors.py took 0.241 seconds
[2023-01-12T16:22:54.359+0000] {processor.py:153} INFO - Started process (PID=315) to work on /home/airflow/.local/lib/python3.7/site-packages/airflow/example_dags/example_sensors.py
[2023-01-12T16:22:54.360+0000] {processor.py:743} INFO - Processing file /home/airflow/.local/lib/python3.7/site-packages/airflow/example_dags/example_sensors.py for tasks to queue
[2023-01-12T16:22:54.362+0000] {logging_mixin.py:137} INFO - [2023-01-12T16:22:54.362+0000] {dagbag.py:538} INFO - Filling up the DagBag from /home/airflow/.local/lib/python3.7/site-packages/airflow/example_dags/example_sensors.py
[2023-01-12T16:22:54.407+0000] {processor.py:753} INFO - DAG(s) dict_keys(['example_sensors']) retrieved from /home/airflow/.local/lib/python3.7/site-packages/airflow/example_dags/example_sensors.py
[2023-01-12T16:22:54.485+0000] {logging_mixin.py:137} INFO - [2023-01-12T16:22:54.484+0000] {dag.py:2676} INFO - Sync 1 DAGs
[2023-01-12T16:22:54.534+0000] {logging_mixin.py:137} INFO - [2023-01-12T16:22:54.534+0000] {dag.py:3427} INFO - Setting next_dagrun for example_sensors to None, run_after=None
[2023-01-12T16:22:54.569+0000] {processor.py:175} INFO - Processing /home/airflow/.local/lib/python3.7/site-packages/airflow/example_dags/example_sensors.py took 0.217 seconds
[2023-01-12T16:23:24.788+0000] {processor.py:153} INFO - Started process (PID=377) to work on /home/airflow/.local/lib/python3.7/site-packages/airflow/example_dags/example_sensors.py
[2023-01-12T16:23:24.790+0000] {processor.py:743} INFO - Processing file /home/airflow/.local/lib/python3.7/site-packages/airflow/example_dags/example_sensors.py for tasks to queue
[2023-01-12T16:23:24.792+0000] {logging_mixin.py:137} INFO - [2023-01-12T16:23:24.791+0000] {dagbag.py:538} INFO - Filling up the DagBag from /home/airflow/.local/lib/python3.7/site-packages/airflow/example_dags/example_sensors.py
[2023-01-12T16:23:24.828+0000] {processor.py:753} INFO - DAG(s) dict_keys(['example_sensors']) retrieved from /home/airflow/.local/lib/python3.7/site-packages/airflow/example_dags/example_sensors.py
[2023-01-12T16:23:24.902+0000] {logging_mixin.py:137} INFO - [2023-01-12T16:23:24.902+0000] {dag.py:2676} INFO - Sync 1 DAGs
[2023-01-12T16:23:24.942+0000] {logging_mixin.py:137} INFO - [2023-01-12T16:23:24.942+0000] {dag.py:3427} INFO - Setting next_dagrun for example_sensors to None, run_after=None
[2023-01-12T16:23:24.978+0000] {processor.py:175} INFO - Processing /home/airflow/.local/lib/python3.7/site-packages/airflow/example_dags/example_sensors.py took 0.196 seconds
[2023-01-12T16:23:55.369+0000] {processor.py:153} INFO - Started process (PID=439) to work on /home/airflow/.local/lib/python3.7/site-packages/airflow/example_dags/example_sensors.py
[2023-01-12T16:23:55.370+0000] {processor.py:743} INFO - Processing file /home/airflow/.local/lib/python3.7/site-packages/airflow/example_dags/example_sensors.py for tasks to queue
[2023-01-12T16:23:55.372+0000] {logging_mixin.py:137} INFO - [2023-01-12T16:23:55.372+0000] {dagbag.py:538} INFO - Filling up the DagBag from /home/airflow/.local/lib/python3.7/site-packages/airflow/example_dags/example_sensors.py
[2023-01-12T16:23:55.406+0000] {processor.py:753} INFO - DAG(s) dict_keys(['example_sensors']) retrieved from /home/airflow/.local/lib/python3.7/site-packages/airflow/example_dags/example_sensors.py
[2023-01-12T16:23:55.471+0000] {logging_mixin.py:137} INFO - [2023-01-12T16:23:55.471+0000] {dag.py:2676} INFO - Sync 1 DAGs
[2023-01-12T16:23:55.512+0000] {logging_mixin.py:137} INFO - [2023-01-12T16:23:55.511+0000] {dag.py:3427} INFO - Setting next_dagrun for example_sensors to None, run_after=None
[2023-01-12T16:23:55.549+0000] {processor.py:175} INFO - Processing /home/airflow/.local/lib/python3.7/site-packages/airflow/example_dags/example_sensors.py took 0.186 seconds
[2023-01-12T16:24:26.021+0000] {processor.py:153} INFO - Started process (PID=501) to work on /home/airflow/.local/lib/python3.7/site-packages/airflow/example_dags/example_sensors.py
[2023-01-12T16:24:26.022+0000] {processor.py:743} INFO - Processing file /home/airflow/.local/lib/python3.7/site-packages/airflow/example_dags/example_sensors.py for tasks to queue
[2023-01-12T16:24:26.024+0000] {logging_mixin.py:137} INFO - [2023-01-12T16:24:26.023+0000] {dagbag.py:538} INFO - Filling up the DagBag from /home/airflow/.local/lib/python3.7/site-packages/airflow/example_dags/example_sensors.py
[2023-01-12T16:24:26.057+0000] {processor.py:753} INFO - DAG(s) dict_keys(['example_sensors']) retrieved from /home/airflow/.local/lib/python3.7/site-packages/airflow/example_dags/example_sensors.py
[2023-01-12T16:24:26.129+0000] {logging_mixin.py:137} INFO - [2023-01-12T16:24:26.129+0000] {dag.py:2676} INFO - Sync 1 DAGs
[2023-01-12T16:24:26.179+0000] {logging_mixin.py:137} INFO - [2023-01-12T16:24:26.179+0000] {dag.py:3427} INFO - Setting next_dagrun for example_sensors to None, run_after=None
[2023-01-12T16:24:26.211+0000] {processor.py:175} INFO - Processing /home/airflow/.local/lib/python3.7/site-packages/airflow/example_dags/example_sensors.py took 0.196 seconds
[2023-01-12T16:24:56.657+0000] {processor.py:153} INFO - Started process (PID=574) to work on /home/airflow/.local/lib/python3.7/site-packages/airflow/example_dags/example_sensors.py
[2023-01-12T16:24:56.659+0000] {processor.py:743} INFO - Processing file /home/airflow/.local/lib/python3.7/site-packages/airflow/example_dags/example_sensors.py for tasks to queue
[2023-01-12T16:24:56.660+0000] {logging_mixin.py:137} INFO - [2023-01-12T16:24:56.660+0000] {dagbag.py:538} INFO - Filling up the DagBag from /home/airflow/.local/lib/python3.7/site-packages/airflow/example_dags/example_sensors.py
[2023-01-12T16:24:56.703+0000] {processor.py:753} INFO - DAG(s) dict_keys(['example_sensors']) retrieved from /home/airflow/.local/lib/python3.7/site-packages/airflow/example_dags/example_sensors.py
[2023-01-12T16:24:56.765+0000] {logging_mixin.py:137} INFO - [2023-01-12T16:24:56.765+0000] {dag.py:2676} INFO - Sync 1 DAGs
[2023-01-12T16:24:56.805+0000] {logging_mixin.py:137} INFO - [2023-01-12T16:24:56.805+0000] {dag.py:3427} INFO - Setting next_dagrun for example_sensors to None, run_after=None
[2023-01-12T16:24:56.839+0000] {processor.py:175} INFO - Processing /home/airflow/.local/lib/python3.7/site-packages/airflow/example_dags/example_sensors.py took 0.188 seconds
[2023-01-12T16:25:27.176+0000] {processor.py:153} INFO - Started process (PID=636) to work on /home/airflow/.local/lib/python3.7/site-packages/airflow/example_dags/example_sensors.py
[2023-01-12T16:25:27.178+0000] {processor.py:743} INFO - Processing file /home/airflow/.local/lib/python3.7/site-packages/airflow/example_dags/example_sensors.py for tasks to queue
[2023-01-12T16:25:27.179+0000] {logging_mixin.py:137} INFO - [2023-01-12T16:25:27.179+0000] {dagbag.py:538} INFO - Filling up the DagBag from /home/airflow/.local/lib/python3.7/site-packages/airflow/example_dags/example_sensors.py
[2023-01-12T16:25:27.214+0000] {processor.py:753} INFO - DAG(s) dict_keys(['example_sensors']) retrieved from /home/airflow/.local/lib/python3.7/site-packages/airflow/example_dags/example_sensors.py
[2023-01-12T16:25:27.284+0000] {logging_mixin.py:137} INFO - [2023-01-12T16:25:27.284+0000] {dag.py:2676} INFO - Sync 1 DAGs
[2023-01-12T16:25:27.330+0000] {logging_mixin.py:137} INFO - [2023-01-12T16:25:27.330+0000] {dag.py:3427} INFO - Setting next_dagrun for example_sensors to None, run_after=None
[2023-01-12T16:25:27.362+0000] {processor.py:175} INFO - Processing /home/airflow/.local/lib/python3.7/site-packages/airflow/example_dags/example_sensors.py took 0.190 seconds
