[2023-01-12T16:20:53.946+0000] {processor.py:153} INFO - Started process (PID=66) to work on /home/airflow/.local/lib/python3.7/site-packages/airflow/example_dags/tutorial.py
[2023-01-12T16:20:53.948+0000] {processor.py:743} INFO - Processing file /home/airflow/.local/lib/python3.7/site-packages/airflow/example_dags/tutorial.py for tasks to queue
[2023-01-12T16:20:53.950+0000] {logging_mixin.py:137} INFO - [2023-01-12T16:20:53.949+0000] {dagbag.py:538} INFO - Filling up the DagBag from /home/airflow/.local/lib/python3.7/site-packages/airflow/example_dags/tutorial.py
[2023-01-12T16:20:53.986+0000] {processor.py:753} INFO - DAG(s) dict_keys(['tutorial']) retrieved from /home/airflow/.local/lib/python3.7/site-packages/airflow/example_dags/tutorial.py
[2023-01-12T16:20:54.074+0000] {logging_mixin.py:137} INFO - [2023-01-12T16:20:54.074+0000] {dag.py:2676} INFO - Sync 1 DAGs
[2023-01-12T16:20:54.121+0000] {logging_mixin.py:137} INFO - [2023-01-12T16:20:54.120+0000] {dag.py:3427} INFO - Setting next_dagrun for tutorial to 2023-01-11T16:20:54.120244+00:00, run_after=2023-01-12T16:20:54.120244+00:00
[2023-01-12T16:20:54.169+0000] {processor.py:175} INFO - Processing /home/airflow/.local/lib/python3.7/site-packages/airflow/example_dags/tutorial.py took 0.232 seconds
[2023-01-12T16:21:24.328+0000] {processor.py:153} INFO - Started process (PID=128) to work on /home/airflow/.local/lib/python3.7/site-packages/airflow/example_dags/tutorial.py
[2023-01-12T16:21:24.330+0000] {processor.py:743} INFO - Processing file /home/airflow/.local/lib/python3.7/site-packages/airflow/example_dags/tutorial.py for tasks to queue
[2023-01-12T16:21:24.331+0000] {logging_mixin.py:137} INFO - [2023-01-12T16:21:24.331+0000] {dagbag.py:538} INFO - Filling up the DagBag from /home/airflow/.local/lib/python3.7/site-packages/airflow/example_dags/tutorial.py
[2023-01-12T16:21:24.363+0000] {processor.py:753} INFO - DAG(s) dict_keys(['tutorial']) retrieved from /home/airflow/.local/lib/python3.7/site-packages/airflow/example_dags/tutorial.py
[2023-01-12T16:21:24.428+0000] {logging_mixin.py:137} INFO - [2023-01-12T16:21:24.428+0000] {dag.py:2676} INFO - Sync 1 DAGs
[2023-01-12T16:21:24.474+0000] {logging_mixin.py:137} INFO - [2023-01-12T16:21:24.474+0000] {dag.py:3427} INFO - Setting next_dagrun for tutorial to 2023-01-11T16:21:24.473676+00:00, run_after=2023-01-12T16:21:24.473676+00:00
[2023-01-12T16:21:24.508+0000] {processor.py:175} INFO - Processing /home/airflow/.local/lib/python3.7/site-packages/airflow/example_dags/tutorial.py took 0.186 seconds
[2023-01-12T16:21:55.310+0000] {processor.py:153} INFO - Started process (PID=199) to work on /home/airflow/.local/lib/python3.7/site-packages/airflow/example_dags/tutorial.py
[2023-01-12T16:21:55.324+0000] {processor.py:743} INFO - Processing file /home/airflow/.local/lib/python3.7/site-packages/airflow/example_dags/tutorial.py for tasks to queue
[2023-01-12T16:21:55.325+0000] {logging_mixin.py:137} INFO - [2023-01-12T16:21:55.325+0000] {dagbag.py:538} INFO - Filling up the DagBag from /home/airflow/.local/lib/python3.7/site-packages/airflow/example_dags/tutorial.py
[2023-01-12T16:21:55.369+0000] {processor.py:753} INFO - DAG(s) dict_keys(['tutorial']) retrieved from /home/airflow/.local/lib/python3.7/site-packages/airflow/example_dags/tutorial.py
[2023-01-12T16:21:55.473+0000] {logging_mixin.py:137} INFO - [2023-01-12T16:21:55.473+0000] {dag.py:2676} INFO - Sync 1 DAGs
[2023-01-12T16:21:55.542+0000] {logging_mixin.py:137} INFO - [2023-01-12T16:21:55.542+0000] {dag.py:3427} INFO - Setting next_dagrun for tutorial to 2023-01-11T16:21:55.541730+00:00, run_after=2023-01-12T16:21:55.541730+00:00
[2023-01-12T16:21:55.603+0000] {processor.py:175} INFO - Processing /home/airflow/.local/lib/python3.7/site-packages/airflow/example_dags/tutorial.py took 0.324 seconds
[2023-01-12T16:22:25.824+0000] {processor.py:153} INFO - Started process (PID=265) to work on /home/airflow/.local/lib/python3.7/site-packages/airflow/example_dags/tutorial.py
[2023-01-12T16:22:25.826+0000] {processor.py:743} INFO - Processing file /home/airflow/.local/lib/python3.7/site-packages/airflow/example_dags/tutorial.py for tasks to queue
[2023-01-12T16:22:25.828+0000] {logging_mixin.py:137} INFO - [2023-01-12T16:22:25.827+0000] {dagbag.py:538} INFO - Filling up the DagBag from /home/airflow/.local/lib/python3.7/site-packages/airflow/example_dags/tutorial.py
[2023-01-12T16:22:25.861+0000] {processor.py:753} INFO - DAG(s) dict_keys(['tutorial']) retrieved from /home/airflow/.local/lib/python3.7/site-packages/airflow/example_dags/tutorial.py
[2023-01-12T16:22:25.933+0000] {logging_mixin.py:137} INFO - [2023-01-12T16:22:25.932+0000] {dag.py:2676} INFO - Sync 1 DAGs
[2023-01-12T16:22:25.980+0000] {logging_mixin.py:137} INFO - [2023-01-12T16:22:25.980+0000] {dag.py:3427} INFO - Setting next_dagrun for tutorial to 2023-01-11T16:22:25.980040+00:00, run_after=2023-01-12T16:22:25.980040+00:00
[2023-01-12T16:22:26.021+0000] {processor.py:175} INFO - Processing /home/airflow/.local/lib/python3.7/site-packages/airflow/example_dags/tutorial.py took 0.203 seconds
[2023-01-12T16:22:56.801+0000] {processor.py:153} INFO - Started process (PID=327) to work on /home/airflow/.local/lib/python3.7/site-packages/airflow/example_dags/tutorial.py
[2023-01-12T16:22:56.803+0000] {processor.py:743} INFO - Processing file /home/airflow/.local/lib/python3.7/site-packages/airflow/example_dags/tutorial.py for tasks to queue
[2023-01-12T16:22:56.804+0000] {logging_mixin.py:137} INFO - [2023-01-12T16:22:56.804+0000] {dagbag.py:538} INFO - Filling up the DagBag from /home/airflow/.local/lib/python3.7/site-packages/airflow/example_dags/tutorial.py
[2023-01-12T16:22:56.830+0000] {processor.py:753} INFO - DAG(s) dict_keys(['tutorial']) retrieved from /home/airflow/.local/lib/python3.7/site-packages/airflow/example_dags/tutorial.py
[2023-01-12T16:22:56.904+0000] {logging_mixin.py:137} INFO - [2023-01-12T16:22:56.904+0000] {dag.py:2676} INFO - Sync 1 DAGs
[2023-01-12T16:22:56.949+0000] {logging_mixin.py:137} INFO - [2023-01-12T16:22:56.949+0000] {dag.py:3427} INFO - Setting next_dagrun for tutorial to 2023-01-11T16:22:56.949401+00:00, run_after=2023-01-12T16:22:56.949401+00:00
[2023-01-12T16:22:56.989+0000] {processor.py:175} INFO - Processing /home/airflow/.local/lib/python3.7/site-packages/airflow/example_dags/tutorial.py took 0.194 seconds
[2023-01-12T16:23:27.258+0000] {processor.py:153} INFO - Started process (PID=389) to work on /home/airflow/.local/lib/python3.7/site-packages/airflow/example_dags/tutorial.py
[2023-01-12T16:23:27.259+0000] {processor.py:743} INFO - Processing file /home/airflow/.local/lib/python3.7/site-packages/airflow/example_dags/tutorial.py for tasks to queue
[2023-01-12T16:23:27.260+0000] {logging_mixin.py:137} INFO - [2023-01-12T16:23:27.260+0000] {dagbag.py:538} INFO - Filling up the DagBag from /home/airflow/.local/lib/python3.7/site-packages/airflow/example_dags/tutorial.py
[2023-01-12T16:23:27.290+0000] {processor.py:753} INFO - DAG(s) dict_keys(['tutorial']) retrieved from /home/airflow/.local/lib/python3.7/site-packages/airflow/example_dags/tutorial.py
[2023-01-12T16:23:27.358+0000] {logging_mixin.py:137} INFO - [2023-01-12T16:23:27.357+0000] {dag.py:2676} INFO - Sync 1 DAGs
[2023-01-12T16:23:27.403+0000] {logging_mixin.py:137} INFO - [2023-01-12T16:23:27.402+0000] {dag.py:3427} INFO - Setting next_dagrun for tutorial to 2023-01-11T16:23:27.402359+00:00, run_after=2023-01-12T16:23:27.402359+00:00
[2023-01-12T16:23:27.436+0000] {processor.py:175} INFO - Processing /home/airflow/.local/lib/python3.7/site-packages/airflow/example_dags/tutorial.py took 0.184 seconds
[2023-01-12T16:23:57.625+0000] {processor.py:153} INFO - Started process (PID=451) to work on /home/airflow/.local/lib/python3.7/site-packages/airflow/example_dags/tutorial.py
[2023-01-12T16:23:57.628+0000] {processor.py:743} INFO - Processing file /home/airflow/.local/lib/python3.7/site-packages/airflow/example_dags/tutorial.py for tasks to queue
[2023-01-12T16:23:57.631+0000] {logging_mixin.py:137} INFO - [2023-01-12T16:23:57.630+0000] {dagbag.py:538} INFO - Filling up the DagBag from /home/airflow/.local/lib/python3.7/site-packages/airflow/example_dags/tutorial.py
[2023-01-12T16:23:57.660+0000] {processor.py:753} INFO - DAG(s) dict_keys(['tutorial']) retrieved from /home/airflow/.local/lib/python3.7/site-packages/airflow/example_dags/tutorial.py
[2023-01-12T16:23:57.731+0000] {logging_mixin.py:137} INFO - [2023-01-12T16:23:57.731+0000] {dag.py:2676} INFO - Sync 1 DAGs
[2023-01-12T16:23:57.782+0000] {logging_mixin.py:137} INFO - [2023-01-12T16:23:57.782+0000] {dag.py:3427} INFO - Setting next_dagrun for tutorial to 2023-01-11T16:23:57.782258+00:00, run_after=2023-01-12T16:23:57.782258+00:00
[2023-01-12T16:23:57.818+0000] {processor.py:175} INFO - Processing /home/airflow/.local/lib/python3.7/site-packages/airflow/example_dags/tutorial.py took 0.199 seconds
[2023-01-12T16:24:28.468+0000] {processor.py:153} INFO - Started process (PID=525) to work on /home/airflow/.local/lib/python3.7/site-packages/airflow/example_dags/tutorial.py
[2023-01-12T16:24:28.472+0000] {processor.py:743} INFO - Processing file /home/airflow/.local/lib/python3.7/site-packages/airflow/example_dags/tutorial.py for tasks to queue
[2023-01-12T16:24:28.474+0000] {logging_mixin.py:137} INFO - [2023-01-12T16:24:28.474+0000] {dagbag.py:538} INFO - Filling up the DagBag from /home/airflow/.local/lib/python3.7/site-packages/airflow/example_dags/tutorial.py
[2023-01-12T16:24:28.514+0000] {processor.py:753} INFO - DAG(s) dict_keys(['tutorial']) retrieved from /home/airflow/.local/lib/python3.7/site-packages/airflow/example_dags/tutorial.py
[2023-01-12T16:24:28.575+0000] {logging_mixin.py:137} INFO - [2023-01-12T16:24:28.575+0000] {dag.py:2676} INFO - Sync 1 DAGs
[2023-01-12T16:24:28.617+0000] {logging_mixin.py:137} INFO - [2023-01-12T16:24:28.617+0000] {dag.py:3427} INFO - Setting next_dagrun for tutorial to 2023-01-11T16:24:28.616582+00:00, run_after=2023-01-12T16:24:28.616582+00:00
[2023-01-12T16:24:28.651+0000] {processor.py:175} INFO - Processing /home/airflow/.local/lib/python3.7/site-packages/airflow/example_dags/tutorial.py took 0.190 seconds
[2023-01-12T16:24:59.372+0000] {processor.py:153} INFO - Started process (PID=586) to work on /home/airflow/.local/lib/python3.7/site-packages/airflow/example_dags/tutorial.py
[2023-01-12T16:24:59.381+0000] {processor.py:743} INFO - Processing file /home/airflow/.local/lib/python3.7/site-packages/airflow/example_dags/tutorial.py for tasks to queue
[2023-01-12T16:24:59.383+0000] {logging_mixin.py:137} INFO - [2023-01-12T16:24:59.382+0000] {dagbag.py:538} INFO - Filling up the DagBag from /home/airflow/.local/lib/python3.7/site-packages/airflow/example_dags/tutorial.py
[2023-01-12T16:24:59.425+0000] {processor.py:753} INFO - DAG(s) dict_keys(['tutorial']) retrieved from /home/airflow/.local/lib/python3.7/site-packages/airflow/example_dags/tutorial.py
[2023-01-12T16:24:59.509+0000] {logging_mixin.py:137} INFO - [2023-01-12T16:24:59.508+0000] {dag.py:2676} INFO - Sync 1 DAGs
[2023-01-12T16:24:59.553+0000] {logging_mixin.py:137} INFO - [2023-01-12T16:24:59.553+0000] {dag.py:3427} INFO - Setting next_dagrun for tutorial to 2023-01-11T16:24:59.553071+00:00, run_after=2023-01-12T16:24:59.553071+00:00
[2023-01-12T16:24:59.594+0000] {processor.py:175} INFO - Processing /home/airflow/.local/lib/python3.7/site-packages/airflow/example_dags/tutorial.py took 0.228 seconds
[2023-01-12T16:25:29.786+0000] {processor.py:153} INFO - Started process (PID=648) to work on /home/airflow/.local/lib/python3.7/site-packages/airflow/example_dags/tutorial.py
[2023-01-12T16:25:29.788+0000] {processor.py:743} INFO - Processing file /home/airflow/.local/lib/python3.7/site-packages/airflow/example_dags/tutorial.py for tasks to queue
[2023-01-12T16:25:29.789+0000] {logging_mixin.py:137} INFO - [2023-01-12T16:25:29.789+0000] {dagbag.py:538} INFO - Filling up the DagBag from /home/airflow/.local/lib/python3.7/site-packages/airflow/example_dags/tutorial.py
[2023-01-12T16:25:29.815+0000] {processor.py:753} INFO - DAG(s) dict_keys(['tutorial']) retrieved from /home/airflow/.local/lib/python3.7/site-packages/airflow/example_dags/tutorial.py
[2023-01-12T16:25:29.874+0000] {logging_mixin.py:137} INFO - [2023-01-12T16:25:29.873+0000] {dag.py:2676} INFO - Sync 1 DAGs
[2023-01-12T16:25:29.924+0000] {logging_mixin.py:137} INFO - [2023-01-12T16:25:29.924+0000] {dag.py:3427} INFO - Setting next_dagrun for tutorial to 2023-01-11T16:25:29.923996+00:00, run_after=2023-01-12T16:25:29.923996+00:00
[2023-01-12T16:25:29.960+0000] {processor.py:175} INFO - Processing /home/airflow/.local/lib/python3.7/site-packages/airflow/example_dags/tutorial.py took 0.180 seconds
