[2023-01-12T16:20:50.909+0000] {processor.py:153} INFO - Started process (PID=49) to work on /home/airflow/.local/lib/python3.7/site-packages/airflow/example_dags/tutorial_dag.py
[2023-01-12T16:20:50.910+0000] {processor.py:743} INFO - Processing file /home/airflow/.local/lib/python3.7/site-packages/airflow/example_dags/tutorial_dag.py for tasks to queue
[2023-01-12T16:20:50.912+0000] {logging_mixin.py:137} INFO - [2023-01-12T16:20:50.911+0000] {dagbag.py:538} INFO - Filling up the DagBag from /home/airflow/.local/lib/python3.7/site-packages/airflow/example_dags/tutorial_dag.py
[2023-01-12T16:20:50.935+0000] {processor.py:753} INFO - DAG(s) dict_keys(['tutorial_dag']) retrieved from /home/airflow/.local/lib/python3.7/site-packages/airflow/example_dags/tutorial_dag.py
[2023-01-12T16:20:51.015+0000] {logging_mixin.py:137} INFO - [2023-01-12T16:20:51.015+0000] {dag.py:2676} INFO - Sync 1 DAGs
[2023-01-12T16:20:51.070+0000] {logging_mixin.py:137} INFO - [2023-01-12T16:20:51.070+0000] {dag.py:3427} INFO - Setting next_dagrun for tutorial_dag to None, run_after=None
[2023-01-12T16:20:51.103+0000] {processor.py:175} INFO - Processing /home/airflow/.local/lib/python3.7/site-packages/airflow/example_dags/tutorial_dag.py took 0.199 seconds
[2023-01-12T16:21:21.879+0000] {processor.py:153} INFO - Started process (PID=111) to work on /home/airflow/.local/lib/python3.7/site-packages/airflow/example_dags/tutorial_dag.py
[2023-01-12T16:21:21.881+0000] {processor.py:743} INFO - Processing file /home/airflow/.local/lib/python3.7/site-packages/airflow/example_dags/tutorial_dag.py for tasks to queue
[2023-01-12T16:21:21.882+0000] {logging_mixin.py:137} INFO - [2023-01-12T16:21:21.882+0000] {dagbag.py:538} INFO - Filling up the DagBag from /home/airflow/.local/lib/python3.7/site-packages/airflow/example_dags/tutorial_dag.py
[2023-01-12T16:21:21.910+0000] {processor.py:753} INFO - DAG(s) dict_keys(['tutorial_dag']) retrieved from /home/airflow/.local/lib/python3.7/site-packages/airflow/example_dags/tutorial_dag.py
[2023-01-12T16:21:21.972+0000] {logging_mixin.py:137} INFO - [2023-01-12T16:21:21.972+0000] {dag.py:2676} INFO - Sync 1 DAGs
[2023-01-12T16:21:22.019+0000] {logging_mixin.py:137} INFO - [2023-01-12T16:21:22.018+0000] {dag.py:3427} INFO - Setting next_dagrun for tutorial_dag to None, run_after=None
[2023-01-12T16:21:22.050+0000] {processor.py:175} INFO - Processing /home/airflow/.local/lib/python3.7/site-packages/airflow/example_dags/tutorial_dag.py took 0.177 seconds
[2023-01-12T16:21:52.275+0000] {processor.py:153} INFO - Started process (PID=173) to work on /home/airflow/.local/lib/python3.7/site-packages/airflow/example_dags/tutorial_dag.py
[2023-01-12T16:21:52.277+0000] {processor.py:743} INFO - Processing file /home/airflow/.local/lib/python3.7/site-packages/airflow/example_dags/tutorial_dag.py for tasks to queue
[2023-01-12T16:21:52.278+0000] {logging_mixin.py:137} INFO - [2023-01-12T16:21:52.277+0000] {dagbag.py:538} INFO - Filling up the DagBag from /home/airflow/.local/lib/python3.7/site-packages/airflow/example_dags/tutorial_dag.py
[2023-01-12T16:21:52.298+0000] {processor.py:753} INFO - DAG(s) dict_keys(['tutorial_dag']) retrieved from /home/airflow/.local/lib/python3.7/site-packages/airflow/example_dags/tutorial_dag.py
[2023-01-12T16:21:52.370+0000] {logging_mixin.py:137} INFO - [2023-01-12T16:21:52.370+0000] {dag.py:2676} INFO - Sync 1 DAGs
[2023-01-12T16:21:52.424+0000] {logging_mixin.py:137} INFO - [2023-01-12T16:21:52.424+0000] {dag.py:3427} INFO - Setting next_dagrun for tutorial_dag to None, run_after=None
[2023-01-12T16:21:52.455+0000] {processor.py:175} INFO - Processing /home/airflow/.local/lib/python3.7/site-packages/airflow/example_dags/tutorial_dag.py took 0.186 seconds
[2023-01-12T16:22:23.302+0000] {processor.py:153} INFO - Started process (PID=248) to work on /home/airflow/.local/lib/python3.7/site-packages/airflow/example_dags/tutorial_dag.py
[2023-01-12T16:22:23.304+0000] {processor.py:743} INFO - Processing file /home/airflow/.local/lib/python3.7/site-packages/airflow/example_dags/tutorial_dag.py for tasks to queue
[2023-01-12T16:22:23.306+0000] {logging_mixin.py:137} INFO - [2023-01-12T16:22:23.305+0000] {dagbag.py:538} INFO - Filling up the DagBag from /home/airflow/.local/lib/python3.7/site-packages/airflow/example_dags/tutorial_dag.py
[2023-01-12T16:22:23.336+0000] {processor.py:753} INFO - DAG(s) dict_keys(['tutorial_dag']) retrieved from /home/airflow/.local/lib/python3.7/site-packages/airflow/example_dags/tutorial_dag.py
[2023-01-12T16:22:23.428+0000] {logging_mixin.py:137} INFO - [2023-01-12T16:22:23.428+0000] {dag.py:2676} INFO - Sync 1 DAGs
[2023-01-12T16:22:23.487+0000] {logging_mixin.py:137} INFO - [2023-01-12T16:22:23.487+0000] {dag.py:3427} INFO - Setting next_dagrun for tutorial_dag to None, run_after=None
[2023-01-12T16:22:23.520+0000] {processor.py:175} INFO - Processing /home/airflow/.local/lib/python3.7/site-packages/airflow/example_dags/tutorial_dag.py took 0.226 seconds
[2023-01-12T16:22:53.750+0000] {processor.py:153} INFO - Started process (PID=310) to work on /home/airflow/.local/lib/python3.7/site-packages/airflow/example_dags/tutorial_dag.py
[2023-01-12T16:22:53.752+0000] {processor.py:743} INFO - Processing file /home/airflow/.local/lib/python3.7/site-packages/airflow/example_dags/tutorial_dag.py for tasks to queue
[2023-01-12T16:22:53.753+0000] {logging_mixin.py:137} INFO - [2023-01-12T16:22:53.753+0000] {dagbag.py:538} INFO - Filling up the DagBag from /home/airflow/.local/lib/python3.7/site-packages/airflow/example_dags/tutorial_dag.py
[2023-01-12T16:22:53.782+0000] {processor.py:753} INFO - DAG(s) dict_keys(['tutorial_dag']) retrieved from /home/airflow/.local/lib/python3.7/site-packages/airflow/example_dags/tutorial_dag.py
[2023-01-12T16:22:53.864+0000] {logging_mixin.py:137} INFO - [2023-01-12T16:22:53.864+0000] {dag.py:2676} INFO - Sync 1 DAGs
[2023-01-12T16:22:53.919+0000] {logging_mixin.py:137} INFO - [2023-01-12T16:22:53.918+0000] {dag.py:3427} INFO - Setting next_dagrun for tutorial_dag to None, run_after=None
[2023-01-12T16:22:53.965+0000] {processor.py:175} INFO - Processing /home/airflow/.local/lib/python3.7/site-packages/airflow/example_dags/tutorial_dag.py took 0.221 seconds
[2023-01-12T16:23:24.166+0000] {processor.py:153} INFO - Started process (PID=372) to work on /home/airflow/.local/lib/python3.7/site-packages/airflow/example_dags/tutorial_dag.py
[2023-01-12T16:23:24.167+0000] {processor.py:743} INFO - Processing file /home/airflow/.local/lib/python3.7/site-packages/airflow/example_dags/tutorial_dag.py for tasks to queue
[2023-01-12T16:23:24.168+0000] {logging_mixin.py:137} INFO - [2023-01-12T16:23:24.168+0000] {dagbag.py:538} INFO - Filling up the DagBag from /home/airflow/.local/lib/python3.7/site-packages/airflow/example_dags/tutorial_dag.py
[2023-01-12T16:23:24.193+0000] {processor.py:753} INFO - DAG(s) dict_keys(['tutorial_dag']) retrieved from /home/airflow/.local/lib/python3.7/site-packages/airflow/example_dags/tutorial_dag.py
[2023-01-12T16:23:24.257+0000] {logging_mixin.py:137} INFO - [2023-01-12T16:23:24.257+0000] {dag.py:2676} INFO - Sync 1 DAGs
[2023-01-12T16:23:24.298+0000] {logging_mixin.py:137} INFO - [2023-01-12T16:23:24.298+0000] {dag.py:3427} INFO - Setting next_dagrun for tutorial_dag to None, run_after=None
[2023-01-12T16:23:24.333+0000] {processor.py:175} INFO - Processing /home/airflow/.local/lib/python3.7/site-packages/airflow/example_dags/tutorial_dag.py took 0.173 seconds
[2023-01-12T16:23:54.749+0000] {processor.py:153} INFO - Started process (PID=434) to work on /home/airflow/.local/lib/python3.7/site-packages/airflow/example_dags/tutorial_dag.py
[2023-01-12T16:23:54.751+0000] {processor.py:743} INFO - Processing file /home/airflow/.local/lib/python3.7/site-packages/airflow/example_dags/tutorial_dag.py for tasks to queue
[2023-01-12T16:23:54.752+0000] {logging_mixin.py:137} INFO - [2023-01-12T16:23:54.751+0000] {dagbag.py:538} INFO - Filling up the DagBag from /home/airflow/.local/lib/python3.7/site-packages/airflow/example_dags/tutorial_dag.py
[2023-01-12T16:23:54.775+0000] {processor.py:753} INFO - DAG(s) dict_keys(['tutorial_dag']) retrieved from /home/airflow/.local/lib/python3.7/site-packages/airflow/example_dags/tutorial_dag.py
[2023-01-12T16:23:54.843+0000] {logging_mixin.py:137} INFO - [2023-01-12T16:23:54.843+0000] {dag.py:2676} INFO - Sync 1 DAGs
[2023-01-12T16:23:54.886+0000] {logging_mixin.py:137} INFO - [2023-01-12T16:23:54.886+0000] {dag.py:3427} INFO - Setting next_dagrun for tutorial_dag to None, run_after=None
[2023-01-12T16:23:54.921+0000] {processor.py:175} INFO - Processing /home/airflow/.local/lib/python3.7/site-packages/airflow/example_dags/tutorial_dag.py took 0.179 seconds
[2023-01-12T16:24:25.261+0000] {processor.py:153} INFO - Started process (PID=496) to work on /home/airflow/.local/lib/python3.7/site-packages/airflow/example_dags/tutorial_dag.py
[2023-01-12T16:24:25.263+0000] {processor.py:743} INFO - Processing file /home/airflow/.local/lib/python3.7/site-packages/airflow/example_dags/tutorial_dag.py for tasks to queue
[2023-01-12T16:24:25.265+0000] {logging_mixin.py:137} INFO - [2023-01-12T16:24:25.264+0000] {dagbag.py:538} INFO - Filling up the DagBag from /home/airflow/.local/lib/python3.7/site-packages/airflow/example_dags/tutorial_dag.py
[2023-01-12T16:24:25.291+0000] {processor.py:753} INFO - DAG(s) dict_keys(['tutorial_dag']) retrieved from /home/airflow/.local/lib/python3.7/site-packages/airflow/example_dags/tutorial_dag.py
[2023-01-12T16:24:25.369+0000] {logging_mixin.py:137} INFO - [2023-01-12T16:24:25.368+0000] {dag.py:2676} INFO - Sync 1 DAGs
[2023-01-12T16:24:25.423+0000] {logging_mixin.py:137} INFO - [2023-01-12T16:24:25.423+0000] {dag.py:3427} INFO - Setting next_dagrun for tutorial_dag to None, run_after=None
[2023-01-12T16:24:25.457+0000] {processor.py:175} INFO - Processing /home/airflow/.local/lib/python3.7/site-packages/airflow/example_dags/tutorial_dag.py took 0.202 seconds
[2023-01-12T16:24:56.023+0000] {processor.py:153} INFO - Started process (PID=569) to work on /home/airflow/.local/lib/python3.7/site-packages/airflow/example_dags/tutorial_dag.py
[2023-01-12T16:24:56.024+0000] {processor.py:743} INFO - Processing file /home/airflow/.local/lib/python3.7/site-packages/airflow/example_dags/tutorial_dag.py for tasks to queue
[2023-01-12T16:24:56.025+0000] {logging_mixin.py:137} INFO - [2023-01-12T16:24:56.025+0000] {dagbag.py:538} INFO - Filling up the DagBag from /home/airflow/.local/lib/python3.7/site-packages/airflow/example_dags/tutorial_dag.py
[2023-01-12T16:24:56.046+0000] {processor.py:753} INFO - DAG(s) dict_keys(['tutorial_dag']) retrieved from /home/airflow/.local/lib/python3.7/site-packages/airflow/example_dags/tutorial_dag.py
[2023-01-12T16:24:56.111+0000] {logging_mixin.py:137} INFO - [2023-01-12T16:24:56.110+0000] {dag.py:2676} INFO - Sync 1 DAGs
[2023-01-12T16:24:56.151+0000] {logging_mixin.py:137} INFO - [2023-01-12T16:24:56.151+0000] {dag.py:3427} INFO - Setting next_dagrun for tutorial_dag to None, run_after=None
[2023-01-12T16:24:56.180+0000] {processor.py:175} INFO - Processing /home/airflow/.local/lib/python3.7/site-packages/airflow/example_dags/tutorial_dag.py took 0.162 seconds
[2023-01-12T16:25:26.328+0000] {processor.py:153} INFO - Started process (PID=631) to work on /home/airflow/.local/lib/python3.7/site-packages/airflow/example_dags/tutorial_dag.py
[2023-01-12T16:25:26.330+0000] {processor.py:743} INFO - Processing file /home/airflow/.local/lib/python3.7/site-packages/airflow/example_dags/tutorial_dag.py for tasks to queue
[2023-01-12T16:25:26.332+0000] {logging_mixin.py:137} INFO - [2023-01-12T16:25:26.331+0000] {dagbag.py:538} INFO - Filling up the DagBag from /home/airflow/.local/lib/python3.7/site-packages/airflow/example_dags/tutorial_dag.py
[2023-01-12T16:25:26.355+0000] {processor.py:753} INFO - DAG(s) dict_keys(['tutorial_dag']) retrieved from /home/airflow/.local/lib/python3.7/site-packages/airflow/example_dags/tutorial_dag.py
[2023-01-12T16:25:26.426+0000] {logging_mixin.py:137} INFO - [2023-01-12T16:25:26.426+0000] {dag.py:2676} INFO - Sync 1 DAGs
[2023-01-12T16:25:26.472+0000] {logging_mixin.py:137} INFO - [2023-01-12T16:25:26.472+0000] {dag.py:3427} INFO - Setting next_dagrun for tutorial_dag to None, run_after=None
[2023-01-12T16:25:26.512+0000] {processor.py:175} INFO - Processing /home/airflow/.local/lib/python3.7/site-packages/airflow/example_dags/tutorial_dag.py took 0.189 seconds
